<html>
<head>
<title>TestNG:  Regression 1</title>
<link href="../testng.css" rel="stylesheet" type="text/css" />
<link href="../my-testng.css" rel="stylesheet" type="text/css" />

<style type="text/css">
.log { display: none;} 
.stack-trace { display: none;} 
</style>
<script type="text/javascript">
<!--
function flip(e) {
  current = e.style.display;
  if (current == 'block') {
    e.style.display = 'none';
    return 0;
  }
  else {
    e.style.display = 'block';
    return 1;
  }
}

function toggleBox(szDivId, elem, msg1, msg2)
{
  var res = -1;  if (document.getElementById) {
    res = flip(document.getElementById(szDivId));
  }
  else if (document.all) {
    // this is the way old msie versions work
    res = flip(document.all[szDivId]);
  }
  if(elem) {
    if(res == 0) elem.innerHTML = msg1; else elem.innerHTML = msg2;
  }

}

function toggleAllBoxes() {
  if (document.getElementsByTagName) {
    d = document.getElementsByTagName('div');
    for (i = 0; i < d.length; i++) {
      if (d[i].className == 'log') {
        flip(d[i]);
      }
    }
  }
}

// -->
</script>

</head>
<body>
<h2 align='center'>Regression 1</h2><table border='1' align="center">
<tr>
<td>Tests passed/Failed/Skipped:</td><td>95/47/0</td>
</tr><tr>
<td>Started on:</td><td>Tue Jul 13 20:52:51 IST 2021</td>
</tr>
<tr><td>Total time:</td><td>147 seconds (147960 ms)</td>
</tr><tr>
<td>Included groups:</td><td>Smoke </td>
</tr><tr>
<td>Excluded groups:</td><td></td>
</tr>
</table><p/>
<small><i>(Hover the method name to see the test class name)</i></small><p/>
<table width='100%' border='1' class='invocation-failed'>
<tr><td colspan='4' align='center'><b>FAILED TESTS</b></td></tr>
<tr><td><b>Test method</b></td>
<td width="30%"><b>Exception</b></td>
<td width="10%"><b>Time (seconds)</b></td>
<td><b>Instance</b></td>
</tr>
<tr>
<td title='com.nitara.KYCManagement.RejectKYCDetails.rejectKYCDetails()'><b>rejectKYCDetails</b><br>Test class: com.nitara.KYCManagement.RejectKYCDetails</td>
<td><div><pre>java.lang.NullPointerException: Cannot invoke &quot;org.apache.poi.xssf.usermodel.XSSFRow.getCell(int)&quot; because the return value of &quot;org.apache.poi.xssf.usermodel.XSSFSheet.getRow(int)&quot; is null
	at com.nitara.utilities.ExcelUtils.readRowField(ExcelUtils.java:318)
	at com.nitara.KYCManagement.RejectKYCDetails.rejectKYCDetails(RejectKYCDetails.java:25)
	at java.base/java.util.ArrayList.forEach(ArrayList.java:1511)
... Removed 27 stack frames</pre></div><a href='#' onClick='toggleBox("stack-trace1977187864", this, "Click to show all stack frames", "Click to hide stack frames")'>Click to show all stack frames</a>
<div class='stack-trace' id='stack-trace1977187864'><pre>java.lang.NullPointerException: Cannot invoke &quot;org.apache.poi.xssf.usermodel.XSSFRow.getCell(int)&quot; because the return value of &quot;org.apache.poi.xssf.usermodel.XSSFSheet.getRow(int)&quot; is null
	at com.nitara.utilities.ExcelUtils.readRowField(ExcelUtils.java:318)
	at com.nitara.KYCManagement.RejectKYCDetails.rejectKYCDetails(RejectKYCDetails.java:25)
	at java.base/jdk.internal.reflect.NativeMethodAccessorImpl.invoke0(Native Method)
	at java.base/jdk.internal.reflect.NativeMethodAccessorImpl.invoke(NativeMethodAccessorImpl.java:64)
	at java.base/jdk.internal.reflect.DelegatingMethodAccessorImpl.invoke(DelegatingMethodAccessorImpl.java:43)
	at java.base/java.lang.reflect.Method.invoke(Method.java:564)
	at org.testng.internal.MethodInvocationHelper.invokeMethod(MethodInvocationHelper.java:133)
	at org.testng.internal.TestInvoker.invokeMethod(TestInvoker.java:598)
	at org.testng.internal.TestInvoker.invokeTestMethod(TestInvoker.java:173)
	at org.testng.internal.MethodRunner.runInSequence(MethodRunner.java:46)
	at org.testng.internal.TestInvoker$MethodInvocationAgent.invoke(TestInvoker.java:824)
	at org.testng.internal.TestInvoker.invokeTestMethods(TestInvoker.java:146)
	at org.testng.internal.TestMethodWorker.invokeTestMethods(TestMethodWorker.java:146)
	at org.testng.internal.TestMethodWorker.run(TestMethodWorker.java:128)
	at java.base/java.util.ArrayList.forEach(ArrayList.java:1511)
	at org.testng.TestRunner.privateRun(TestRunner.java:794)
	at org.testng.TestRunner.run(TestRunner.java:596)
	at org.testng.SuiteRunner.runTest(SuiteRunner.java:377)
	at org.testng.SuiteRunner.runSequentially(SuiteRunner.java:371)
	at org.testng.SuiteRunner.privateRun(SuiteRunner.java:332)
	at org.testng.SuiteRunner.run(SuiteRunner.java:276)
	at org.testng.SuiteRunnerWorker.runSuite(SuiteRunnerWorker.java:53)
	at org.testng.SuiteRunnerWorker.run(SuiteRunnerWorker.java:96)
	at org.testng.TestNG.runSuitesSequentially(TestNG.java:1212)
	at org.testng.TestNG.runSuitesLocally(TestNG.java:1134)
	at org.testng.TestNG.runSuites(TestNG.java:1063)
	at org.testng.TestNG.run(TestNG.java:1031)
	at org.testng.remote.AbstractRemoteTestNG.run(AbstractRemoteTestNG.java:115)
	at org.testng.remote.RemoteTestNG.initAndRun(RemoteTestNG.java:251)
	at org.testng.remote.RemoteTestNG.main(RemoteTestNG.java:77)
</pre></div></td>
<td>0</td>
<td>com.nitara.KYCManagement.RejectKYCDetails@674bd420</td></tr>
<tr>
<td title='com.nitara.InseminationManagement.AddInseminationByServiceProvider.addInseminationByServiceProvider()'><b>addInseminationByServiceProvider</b><br>Test class: com.nitara.InseminationManagement.AddInseminationByServiceProvider</td>
<td><div><pre>java.lang.NullPointerException: Cannot invoke &quot;org.apache.poi.xssf.usermodel.XSSFRow.getCell(int)&quot; because the return value of &quot;org.apache.poi.xssf.usermodel.XSSFSheet.getRow(int)&quot; is null
	at com.nitara.utilities.ExcelUtils.readRowField(ExcelUtils.java:318)
	at com.nitara.InseminationManagement.AddInseminationByServiceProvider.addInseminationByServiceProvider(AddInseminationByServiceProvider.java:32)
	at java.base/java.util.ArrayList.forEach(ArrayList.java:1511)
... Removed 27 stack frames</pre></div><a href='#' onClick='toggleBox("stack-trace161074456", this, "Click to show all stack frames", "Click to hide stack frames")'>Click to show all stack frames</a>
<div class='stack-trace' id='stack-trace161074456'><pre>java.lang.NullPointerException: Cannot invoke &quot;org.apache.poi.xssf.usermodel.XSSFRow.getCell(int)&quot; because the return value of &quot;org.apache.poi.xssf.usermodel.XSSFSheet.getRow(int)&quot; is null
	at com.nitara.utilities.ExcelUtils.readRowField(ExcelUtils.java:318)
	at com.nitara.InseminationManagement.AddInseminationByServiceProvider.addInseminationByServiceProvider(AddInseminationByServiceProvider.java:32)
	at java.base/jdk.internal.reflect.NativeMethodAccessorImpl.invoke0(Native Method)
	at java.base/jdk.internal.reflect.NativeMethodAccessorImpl.invoke(NativeMethodAccessorImpl.java:64)
	at java.base/jdk.internal.reflect.DelegatingMethodAccessorImpl.invoke(DelegatingMethodAccessorImpl.java:43)
	at java.base/java.lang.reflect.Method.invoke(Method.java:564)
	at org.testng.internal.MethodInvocationHelper.invokeMethod(MethodInvocationHelper.java:133)
	at org.testng.internal.TestInvoker.invokeMethod(TestInvoker.java:598)
	at org.testng.internal.TestInvoker.invokeTestMethod(TestInvoker.java:173)
	at org.testng.internal.MethodRunner.runInSequence(MethodRunner.java:46)
	at org.testng.internal.TestInvoker$MethodInvocationAgent.invoke(TestInvoker.java:824)
	at org.testng.internal.TestInvoker.invokeTestMethods(TestInvoker.java:146)
	at org.testng.internal.TestMethodWorker.invokeTestMethods(TestMethodWorker.java:146)
	at org.testng.internal.TestMethodWorker.run(TestMethodWorker.java:128)
	at java.base/java.util.ArrayList.forEach(ArrayList.java:1511)
	at org.testng.TestRunner.privateRun(TestRunner.java:794)
	at org.testng.TestRunner.run(TestRunner.java:596)
	at org.testng.SuiteRunner.runTest(SuiteRunner.java:377)
	at org.testng.SuiteRunner.runSequentially(SuiteRunner.java:371)
	at org.testng.SuiteRunner.privateRun(SuiteRunner.java:332)
	at org.testng.SuiteRunner.run(SuiteRunner.java:276)
	at org.testng.SuiteRunnerWorker.runSuite(SuiteRunnerWorker.java:53)
	at org.testng.SuiteRunnerWorker.run(SuiteRunnerWorker.java:96)
	at org.testng.TestNG.runSuitesSequentially(TestNG.java:1212)
	at org.testng.TestNG.runSuitesLocally(TestNG.java:1134)
	at org.testng.TestNG.runSuites(TestNG.java:1063)
	at org.testng.TestNG.run(TestNG.java:1031)
	at org.testng.remote.AbstractRemoteTestNG.run(AbstractRemoteTestNG.java:115)
	at org.testng.remote.RemoteTestNG.initAndRun(RemoteTestNG.java:251)
	at org.testng.remote.RemoteTestNG.main(RemoteTestNG.java:77)
</pre></div></td>
<td>0</td>
<td>com.nitara.InseminationManagement.AddInseminationByServiceProvider@4cf8b2dc</td></tr>
<tr>
<td title='com.nitara.CattleManagement.UpdateCattleProfile.updateCattleProfile()'><b>updateCattleProfile</b><br>Test class: com.nitara.CattleManagement.UpdateCattleProfile</td>
<td><div><pre>java.io.FileNotFoundException: C:\Users\Raviteja\OneDrive - GormalOne\Documents\Nitara.TestAutomation\Nitara\MDM\MDM\src\main\java\com\nitara\testdata\CattleOtherActivities.xlsx (The process cannot access the file because it is being used by another process)
	at java.base/java.io.FileOutputStream.open0(Native Method)
	at java.base/java.io.FileOutputStream.open(FileOutputStream.java:291)
	at java.base/java.io.FileOutputStream.&lt;init&gt;(FileOutputStream.java:234)
	at java.base/java.io.FileOutputStream.&lt;init&gt;(FileOutputStream.java:123)
	at com.nitara.utilities.ExcelUtils.updateField(ExcelUtils.java:226)
	at com.nitara.CattleManagement.UpdateCattleProfile.updateCattleProfile(UpdateCattleProfile.java:28)
	at java.base/java.util.ArrayList.forEach(ArrayList.java:1511)
... Removed 27 stack frames</pre></div><a href='#' onClick='toggleBox("stack-trace917379055", this, "Click to show all stack frames", "Click to hide stack frames")'>Click to show all stack frames</a>
<div class='stack-trace' id='stack-trace917379055'><pre>java.io.FileNotFoundException: C:\Users\Raviteja\OneDrive - GormalOne\Documents\Nitara.TestAutomation\Nitara\MDM\MDM\src\main\java\com\nitara\testdata\CattleOtherActivities.xlsx (The process cannot access the file because it is being used by another process)
	at java.base/java.io.FileOutputStream.open0(Native Method)
	at java.base/java.io.FileOutputStream.open(FileOutputStream.java:291)
	at java.base/java.io.FileOutputStream.&lt;init&gt;(FileOutputStream.java:234)
	at java.base/java.io.FileOutputStream.&lt;init&gt;(FileOutputStream.java:123)
	at com.nitara.utilities.ExcelUtils.updateField(ExcelUtils.java:226)
	at com.nitara.CattleManagement.UpdateCattleProfile.updateCattleProfile(UpdateCattleProfile.java:28)
	at java.base/jdk.internal.reflect.NativeMethodAccessorImpl.invoke0(Native Method)
	at java.base/jdk.internal.reflect.NativeMethodAccessorImpl.invoke(NativeMethodAccessorImpl.java:64)
	at java.base/jdk.internal.reflect.DelegatingMethodAccessorImpl.invoke(DelegatingMethodAccessorImpl.java:43)
	at java.base/java.lang.reflect.Method.invoke(Method.java:564)
	at org.testng.internal.MethodInvocationHelper.invokeMethod(MethodInvocationHelper.java:133)
	at org.testng.internal.TestInvoker.invokeMethod(TestInvoker.java:598)
	at org.testng.internal.TestInvoker.invokeTestMethod(TestInvoker.java:173)
	at org.testng.internal.MethodRunner.runInSequence(MethodRunner.java:46)
	at org.testng.internal.TestInvoker$MethodInvocationAgent.invoke(TestInvoker.java:824)
	at org.testng.internal.TestInvoker.invokeTestMethods(TestInvoker.java:146)
	at org.testng.internal.TestMethodWorker.invokeTestMethods(TestMethodWorker.java:146)
	at org.testng.internal.TestMethodWorker.run(TestMethodWorker.java:128)
	at java.base/java.util.ArrayList.forEach(ArrayList.java:1511)
	at org.testng.TestRunner.privateRun(TestRunner.java:794)
	at org.testng.TestRunner.run(TestRunner.java:596)
	at org.testng.SuiteRunner.runTest(SuiteRunner.java:377)
	at org.testng.SuiteRunner.runSequentially(SuiteRunner.java:371)
	at org.testng.SuiteRunner.privateRun(SuiteRunner.java:332)
	at org.testng.SuiteRunner.run(SuiteRunner.java:276)
	at org.testng.SuiteRunnerWorker.runSuite(SuiteRunnerWorker.java:53)
	at org.testng.SuiteRunnerWorker.run(SuiteRunnerWorker.java:96)
	at org.testng.TestNG.runSuitesSequentially(TestNG.java:1212)
	at org.testng.TestNG.runSuitesLocally(TestNG.java:1134)
	at org.testng.TestNG.runSuites(TestNG.java:1063)
	at org.testng.TestNG.run(TestNG.java:1031)
	at org.testng.remote.AbstractRemoteTestNG.run(AbstractRemoteTestNG.java:115)
	at org.testng.remote.RemoteTestNG.initAndRun(RemoteTestNG.java:251)
	at org.testng.remote.RemoteTestNG.main(RemoteTestNG.java:77)
</pre></div></td>
<td>0</td>
<td>com.nitara.CattleManagement.UpdateCattleProfile@2371aaca</td></tr>
<tr>
<td title='com.nitara.FarmManagement.AddExpense.addExpense()'><b>addExpense</b><br>Test class: com.nitara.FarmManagement.AddExpense</td>
<td><div><pre>java.lang.NullPointerException: Cannot invoke &quot;org.apache.poi.xssf.usermodel.XSSFCell.getCellType()&quot; because the return value of &quot;org.apache.poi.xssf.usermodel.XSSFRow.getCell(int)&quot; is null
	at com.nitara.utilities.ExcelUtils.readRowField(ExcelUtils.java:319)
	at com.nitara.FarmManagement.AddExpense.addExpense(AddExpense.java:30)
	at java.base/java.util.ArrayList.forEach(ArrayList.java:1511)
... Removed 27 stack frames</pre></div><a href='#' onClick='toggleBox("stack-trace807570919", this, "Click to show all stack frames", "Click to hide stack frames")'>Click to show all stack frames</a>
<div class='stack-trace' id='stack-trace807570919'><pre>java.lang.NullPointerException: Cannot invoke &quot;org.apache.poi.xssf.usermodel.XSSFCell.getCellType()&quot; because the return value of &quot;org.apache.poi.xssf.usermodel.XSSFRow.getCell(int)&quot; is null
	at com.nitara.utilities.ExcelUtils.readRowField(ExcelUtils.java:319)
	at com.nitara.FarmManagement.AddExpense.addExpense(AddExpense.java:30)
	at java.base/jdk.internal.reflect.NativeMethodAccessorImpl.invoke0(Native Method)
	at java.base/jdk.internal.reflect.NativeMethodAccessorImpl.invoke(NativeMethodAccessorImpl.java:64)
	at java.base/jdk.internal.reflect.DelegatingMethodAccessorImpl.invoke(DelegatingMethodAccessorImpl.java:43)
	at java.base/java.lang.reflect.Method.invoke(Method.java:564)
	at org.testng.internal.MethodInvocationHelper.invokeMethod(MethodInvocationHelper.java:133)
	at org.testng.internal.TestInvoker.invokeMethod(TestInvoker.java:598)
	at org.testng.internal.TestInvoker.invokeTestMethod(TestInvoker.java:173)
	at org.testng.internal.MethodRunner.runInSequence(MethodRunner.java:46)
	at org.testng.internal.TestInvoker$MethodInvocationAgent.invoke(TestInvoker.java:824)
	at org.testng.internal.TestInvoker.invokeTestMethods(TestInvoker.java:146)
	at org.testng.internal.TestMethodWorker.invokeTestMethods(TestMethodWorker.java:146)
	at org.testng.internal.TestMethodWorker.run(TestMethodWorker.java:128)
	at java.base/java.util.ArrayList.forEach(ArrayList.java:1511)
	at org.testng.TestRunner.privateRun(TestRunner.java:794)
	at org.testng.TestRunner.run(TestRunner.java:596)
	at org.testng.SuiteRunner.runTest(SuiteRunner.java:377)
	at org.testng.SuiteRunner.runSequentially(SuiteRunner.java:371)
	at org.testng.SuiteRunner.privateRun(SuiteRunner.java:332)
	at org.testng.SuiteRunner.run(SuiteRunner.java:276)
	at org.testng.SuiteRunnerWorker.runSuite(SuiteRunnerWorker.java:53)
	at org.testng.SuiteRunnerWorker.run(SuiteRunnerWorker.java:96)
	at org.testng.TestNG.runSuitesSequentially(TestNG.java:1212)
	at org.testng.TestNG.runSuitesLocally(TestNG.java:1134)
	at org.testng.TestNG.runSuites(TestNG.java:1063)
	at org.testng.TestNG.run(TestNG.java:1031)
	at org.testng.remote.AbstractRemoteTestNG.run(AbstractRemoteTestNG.java:115)
	at org.testng.remote.RemoteTestNG.initAndRun(RemoteTestNG.java:251)
	at org.testng.remote.RemoteTestNG.main(RemoteTestNG.java:77)
</pre></div></td>
<td>0</td>
<td>com.nitara.FarmManagement.AddExpense@12bd8a64</td></tr>
<tr>
<td title='com.nitara.FarmManagement.GetFarmMetadata.getFarmMetadata()'><b>getFarmMetadata</b><br>Test class: com.nitara.FarmManagement.GetFarmMetadata</td>
<td><div><pre>java.lang.NullPointerException: Cannot invoke &quot;org.apache.poi.xssf.usermodel.XSSFRow.getCell(int)&quot; because the return value of &quot;org.apache.poi.xssf.usermodel.XSSFSheet.getRow(int)&quot; is null
	at com.nitara.utilities.ExcelUtils.readRowField(ExcelUtils.java:318)
	at com.nitara.FarmManagement.GetFarmMetadata.getFarmMetadata(GetFarmMetadata.java:35)
	at java.base/java.util.ArrayList.forEach(ArrayList.java:1511)
... Removed 27 stack frames</pre></div><a href='#' onClick='toggleBox("stack-trace463272985", this, "Click to show all stack frames", "Click to hide stack frames")'>Click to show all stack frames</a>
<div class='stack-trace' id='stack-trace463272985'><pre>java.lang.NullPointerException: Cannot invoke &quot;org.apache.poi.xssf.usermodel.XSSFRow.getCell(int)&quot; because the return value of &quot;org.apache.poi.xssf.usermodel.XSSFSheet.getRow(int)&quot; is null
	at com.nitara.utilities.ExcelUtils.readRowField(ExcelUtils.java:318)
	at com.nitara.FarmManagement.GetFarmMetadata.getFarmMetadata(GetFarmMetadata.java:35)
	at java.base/jdk.internal.reflect.NativeMethodAccessorImpl.invoke0(Native Method)
	at java.base/jdk.internal.reflect.NativeMethodAccessorImpl.invoke(NativeMethodAccessorImpl.java:64)
	at java.base/jdk.internal.reflect.DelegatingMethodAccessorImpl.invoke(DelegatingMethodAccessorImpl.java:43)
	at java.base/java.lang.reflect.Method.invoke(Method.java:564)
	at org.testng.internal.MethodInvocationHelper.invokeMethod(MethodInvocationHelper.java:133)
	at org.testng.internal.TestInvoker.invokeMethod(TestInvoker.java:598)
	at org.testng.internal.TestInvoker.invokeTestMethod(TestInvoker.java:173)
	at org.testng.internal.MethodRunner.runInSequence(MethodRunner.java:46)
	at org.testng.internal.TestInvoker$MethodInvocationAgent.invoke(TestInvoker.java:824)
	at org.testng.internal.TestInvoker.invokeTestMethods(TestInvoker.java:146)
	at org.testng.internal.TestMethodWorker.invokeTestMethods(TestMethodWorker.java:146)
	at org.testng.internal.TestMethodWorker.run(TestMethodWorker.java:128)
	at java.base/java.util.ArrayList.forEach(ArrayList.java:1511)
	at org.testng.TestRunner.privateRun(TestRunner.java:794)
	at org.testng.TestRunner.run(TestRunner.java:596)
	at org.testng.SuiteRunner.runTest(SuiteRunner.java:377)
	at org.testng.SuiteRunner.runSequentially(SuiteRunner.java:371)
	at org.testng.SuiteRunner.privateRun(SuiteRunner.java:332)
	at org.testng.SuiteRunner.run(SuiteRunner.java:276)
	at org.testng.SuiteRunnerWorker.runSuite(SuiteRunnerWorker.java:53)
	at org.testng.SuiteRunnerWorker.run(SuiteRunnerWorker.java:96)
	at org.testng.TestNG.runSuitesSequentially(TestNG.java:1212)
	at org.testng.TestNG.runSuitesLocally(TestNG.java:1134)
	at org.testng.TestNG.runSuites(TestNG.java:1063)
	at org.testng.TestNG.run(TestNG.java:1031)
	at org.testng.remote.AbstractRemoteTestNG.run(AbstractRemoteTestNG.java:115)
	at org.testng.remote.RemoteTestNG.initAndRun(RemoteTestNG.java:251)
	at org.testng.remote.RemoteTestNG.main(RemoteTestNG.java:77)
</pre></div></td>
<td>0</td>
<td>com.nitara.FarmManagement.GetFarmMetadata@3c989952</td></tr>
<tr>
<td title='com.nitara.HousingManagement.AddSmartGroup.addSmartGroup()'><b>addSmartGroup</b><br>Test class: com.nitara.HousingManagement.AddSmartGroup</td>
<td><div><pre>java.lang.NullPointerException: Cannot invoke &quot;org.apache.poi.xssf.usermodel.XSSFCell.getCellType()&quot; because the return value of &quot;org.apache.poi.xssf.usermodel.XSSFRow.getCell(int)&quot; is null
	at com.nitara.utilities.ExcelUtils.readRowField(ExcelUtils.java:319)
	at com.nitara.HousingManagement.AddSmartGroup.addSmartGroup(AddSmartGroup.java:31)
	at java.base/java.util.ArrayList.forEach(ArrayList.java:1511)
... Removed 27 stack frames</pre></div><a href='#' onClick='toggleBox("stack-trace625907465", this, "Click to show all stack frames", "Click to hide stack frames")'>Click to show all stack frames</a>
<div class='stack-trace' id='stack-trace625907465'><pre>java.lang.NullPointerException: Cannot invoke &quot;org.apache.poi.xssf.usermodel.XSSFCell.getCellType()&quot; because the return value of &quot;org.apache.poi.xssf.usermodel.XSSFRow.getCell(int)&quot; is null
	at com.nitara.utilities.ExcelUtils.readRowField(ExcelUtils.java:319)
	at com.nitara.HousingManagement.AddSmartGroup.addSmartGroup(AddSmartGroup.java:31)
	at java.base/jdk.internal.reflect.NativeMethodAccessorImpl.invoke0(Native Method)
	at java.base/jdk.internal.reflect.NativeMethodAccessorImpl.invoke(NativeMethodAccessorImpl.java:64)
	at java.base/jdk.internal.reflect.DelegatingMethodAccessorImpl.invoke(DelegatingMethodAccessorImpl.java:43)
	at java.base/java.lang.reflect.Method.invoke(Method.java:564)
	at org.testng.internal.MethodInvocationHelper.invokeMethod(MethodInvocationHelper.java:133)
	at org.testng.internal.TestInvoker.invokeMethod(TestInvoker.java:598)
	at org.testng.internal.TestInvoker.invokeTestMethod(TestInvoker.java:173)
	at org.testng.internal.MethodRunner.runInSequence(MethodRunner.java:46)
	at org.testng.internal.TestInvoker$MethodInvocationAgent.invoke(TestInvoker.java:824)
	at org.testng.internal.TestInvoker.invokeTestMethods(TestInvoker.java:146)
	at org.testng.internal.TestMethodWorker.invokeTestMethods(TestMethodWorker.java:146)
	at org.testng.internal.TestMethodWorker.run(TestMethodWorker.java:128)
	at java.base/java.util.ArrayList.forEach(ArrayList.java:1511)
	at org.testng.TestRunner.privateRun(TestRunner.java:794)
	at org.testng.TestRunner.run(TestRunner.java:596)
	at org.testng.SuiteRunner.runTest(SuiteRunner.java:377)
	at org.testng.SuiteRunner.runSequentially(SuiteRunner.java:371)
	at org.testng.SuiteRunner.privateRun(SuiteRunner.java:332)
	at org.testng.SuiteRunner.run(SuiteRunner.java:276)
	at org.testng.SuiteRunnerWorker.runSuite(SuiteRunnerWorker.java:53)
	at org.testng.SuiteRunnerWorker.run(SuiteRunnerWorker.java:96)
	at org.testng.TestNG.runSuitesSequentially(TestNG.java:1212)
	at org.testng.TestNG.runSuitesLocally(TestNG.java:1134)
	at org.testng.TestNG.runSuites(TestNG.java:1063)
	at org.testng.TestNG.run(TestNG.java:1031)
	at org.testng.remote.AbstractRemoteTestNG.run(AbstractRemoteTestNG.java:115)
	at org.testng.remote.RemoteTestNG.initAndRun(RemoteTestNG.java:251)
	at org.testng.remote.RemoteTestNG.main(RemoteTestNG.java:77)
</pre></div></td>
<td>0</td>
<td>com.nitara.HousingManagement.AddSmartGroup@5e1fa5b1</td></tr>
<tr>
<td title='com.nitara.UserLogin.ResendVoiceOTP.resendVoiceOTP()'><b>resendVoiceOTP</b><br>Test class: com.nitara.UserLogin.ResendVoiceOTP</td>
<td><div><pre>java.lang.AssertionError: expected [User not found in Database. Please go to New User &amp; register your account.] but found [OTP Generated.]
	at com.nitara.UserLogin.GenerateOtpForLogin.generateOtpForLogin(GenerateOtpForLogin.java:75)
	at com.nitara.UserLogin.ResendVoiceOTP.resendVoiceOTP(ResendVoiceOTP.java:29)
	at java.base/java.util.ArrayList.forEach(ArrayList.java:1511)
... Removed 33 stack frames</pre></div><a href='#' onClick='toggleBox("stack-trace2144089925", this, "Click to show all stack frames", "Click to hide stack frames")'>Click to show all stack frames</a>
<div class='stack-trace' id='stack-trace2144089925'><pre>java.lang.AssertionError: expected [User not found in Database. Please go to New User &amp; register your account.] but found [OTP Generated.]
	at org.testng.Assert.fail(Assert.java:99)
	at org.testng.Assert.failNotEquals(Assert.java:1037)
	at org.testng.Assert.assertEqualsImpl(Assert.java:140)
	at org.testng.Assert.assertEquals(Assert.java:122)
	at org.testng.Assert.assertEquals(Assert.java:629)
	at org.testng.Assert.assertEquals(Assert.java:639)
	at com.nitara.UserLogin.GenerateOtpForLogin.generateOtpForLogin(GenerateOtpForLogin.java:75)
	at com.nitara.UserLogin.ResendVoiceOTP.resendVoiceOTP(ResendVoiceOTP.java:29)
	at java.base/jdk.internal.reflect.NativeMethodAccessorImpl.invoke0(Native Method)
	at java.base/jdk.internal.reflect.NativeMethodAccessorImpl.invoke(NativeMethodAccessorImpl.java:64)
	at java.base/jdk.internal.reflect.DelegatingMethodAccessorImpl.invoke(DelegatingMethodAccessorImpl.java:43)
	at java.base/java.lang.reflect.Method.invoke(Method.java:564)
	at org.testng.internal.MethodInvocationHelper.invokeMethod(MethodInvocationHelper.java:133)
	at org.testng.internal.TestInvoker.invokeMethod(TestInvoker.java:598)
	at org.testng.internal.TestInvoker.invokeTestMethod(TestInvoker.java:173)
	at org.testng.internal.MethodRunner.runInSequence(MethodRunner.java:46)
	at org.testng.internal.TestInvoker$MethodInvocationAgent.invoke(TestInvoker.java:824)
	at org.testng.internal.TestInvoker.invokeTestMethods(TestInvoker.java:146)
	at org.testng.internal.TestMethodWorker.invokeTestMethods(TestMethodWorker.java:146)
	at org.testng.internal.TestMethodWorker.run(TestMethodWorker.java:128)
	at java.base/java.util.ArrayList.forEach(ArrayList.java:1511)
	at org.testng.TestRunner.privateRun(TestRunner.java:794)
	at org.testng.TestRunner.run(TestRunner.java:596)
	at org.testng.SuiteRunner.runTest(SuiteRunner.java:377)
	at org.testng.SuiteRunner.runSequentially(SuiteRunner.java:371)
	at org.testng.SuiteRunner.privateRun(SuiteRunner.java:332)
	at org.testng.SuiteRunner.run(SuiteRunner.java:276)
	at org.testng.SuiteRunnerWorker.runSuite(SuiteRunnerWorker.java:53)
	at org.testng.SuiteRunnerWorker.run(SuiteRunnerWorker.java:96)
	at org.testng.TestNG.runSuitesSequentially(TestNG.java:1212)
	at org.testng.TestNG.runSuitesLocally(TestNG.java:1134)
	at org.testng.TestNG.runSuites(TestNG.java:1063)
	at org.testng.TestNG.run(TestNG.java:1031)
	at org.testng.remote.AbstractRemoteTestNG.run(AbstractRemoteTestNG.java:115)
	at org.testng.remote.RemoteTestNG.initAndRun(RemoteTestNG.java:251)
	at org.testng.remote.RemoteTestNG.main(RemoteTestNG.java:77)
</pre></div></td>
<td>0</td>
<td>com.nitara.UserLogin.ResendVoiceOTP@180da663</td></tr>
<tr>
<td title='com.nitara.CattleRegistration.RegisterMilkingOrDryCattle.registerMilkingOrDryCattle()'><b>registerMilkingOrDryCattle</b><br>Test class: com.nitara.CattleRegistration.RegisterMilkingOrDryCattle</td>
<td><div><pre>java.lang.AssertionError: expected [400] but found [200]
	at com.nitara.CattleRegistration.RegisterMilkingOrDryCattle.registerMilkingOrDryCattle(RegisterMilkingOrDryCattle.java:72)
	at java.base/java.util.ArrayList.forEach(ArrayList.java:1511)
... Removed 33 stack frames</pre></div><a href='#' onClick='toggleBox("stack-trace2070199213", this, "Click to show all stack frames", "Click to hide stack frames")'>Click to show all stack frames</a>
<div class='stack-trace' id='stack-trace2070199213'><pre>java.lang.AssertionError: expected [400] but found [200]
	at org.testng.Assert.fail(Assert.java:99)
	at org.testng.Assert.failNotEquals(Assert.java:1037)
	at org.testng.Assert.assertEqualsImpl(Assert.java:140)
	at org.testng.Assert.assertEquals(Assert.java:122)
	at org.testng.Assert.assertEquals(Assert.java:907)
	at org.testng.Assert.assertEquals(Assert.java:917)
	at com.nitara.CattleRegistration.RegisterMilkingOrDryCattle.registerMilkingOrDryCattle(RegisterMilkingOrDryCattle.java:72)
	at java.base/jdk.internal.reflect.NativeMethodAccessorImpl.invoke0(Native Method)
	at java.base/jdk.internal.reflect.NativeMethodAccessorImpl.invoke(NativeMethodAccessorImpl.java:64)
	at java.base/jdk.internal.reflect.DelegatingMethodAccessorImpl.invoke(DelegatingMethodAccessorImpl.java:43)
	at java.base/java.lang.reflect.Method.invoke(Method.java:564)
	at org.testng.internal.MethodInvocationHelper.invokeMethod(MethodInvocationHelper.java:133)
	at org.testng.internal.TestInvoker.invokeMethod(TestInvoker.java:598)
	at org.testng.internal.TestInvoker.invokeTestMethod(TestInvoker.java:173)
	at org.testng.internal.MethodRunner.runInSequence(MethodRunner.java:46)
	at org.testng.internal.TestInvoker$MethodInvocationAgent.invoke(TestInvoker.java:824)
	at org.testng.internal.TestInvoker.invokeTestMethods(TestInvoker.java:146)
	at org.testng.internal.TestMethodWorker.invokeTestMethods(TestMethodWorker.java:146)
	at org.testng.internal.TestMethodWorker.run(TestMethodWorker.java:128)
	at java.base/java.util.ArrayList.forEach(ArrayList.java:1511)
	at org.testng.TestRunner.privateRun(TestRunner.java:794)
	at org.testng.TestRunner.run(TestRunner.java:596)
	at org.testng.SuiteRunner.runTest(SuiteRunner.java:377)
	at org.testng.SuiteRunner.runSequentially(SuiteRunner.java:371)
	at org.testng.SuiteRunner.privateRun(SuiteRunner.java:332)
	at org.testng.SuiteRunner.run(SuiteRunner.java:276)
	at org.testng.SuiteRunnerWorker.runSuite(SuiteRunnerWorker.java:53)
	at org.testng.SuiteRunnerWorker.run(SuiteRunnerWorker.java:96)
	at org.testng.TestNG.runSuitesSequentially(TestNG.java:1212)
	at org.testng.TestNG.runSuitesLocally(TestNG.java:1134)
	at org.testng.TestNG.runSuites(TestNG.java:1063)
	at org.testng.TestNG.run(TestNG.java:1031)
	at org.testng.remote.AbstractRemoteTestNG.run(AbstractRemoteTestNG.java:115)
	at org.testng.remote.RemoteTestNG.initAndRun(RemoteTestNG.java:251)
	at org.testng.remote.RemoteTestNG.main(RemoteTestNG.java:77)
</pre></div></td>
<td>0</td>
<td>com.nitara.CattleRegistration.RegisterMilkingOrDryCattle@37efd131</td></tr>
<tr>
<td title='com.nitara.AccountManagement.RegisterFarm.RegisterNewFarmSP()'><b>RegisterNewFarmSP</b><br>Test class: com.nitara.AccountManagement.RegisterFarm</td>
<td><div><pre>java.lang.NullPointerException: Cannot invoke &quot;org.apache.poi.xssf.usermodel.XSSFRow.getCell(int)&quot; because the return value of &quot;org.apache.poi.xssf.usermodel.XSSFSheet.getRow(int)&quot; is null
	at com.nitara.utilities.ExcelUtils.readRowField(ExcelUtils.java:318)
	at com.nitara.AccountManagement.RegisterFarm.RegisterNewFarmSP(RegisterFarm.java:51)
	at java.base/java.util.ArrayList.forEach(ArrayList.java:1511)
... Removed 27 stack frames</pre></div><a href='#' onClick='toggleBox("stack-trace787497403", this, "Click to show all stack frames", "Click to hide stack frames")'>Click to show all stack frames</a>
<div class='stack-trace' id='stack-trace787497403'><pre>java.lang.NullPointerException: Cannot invoke &quot;org.apache.poi.xssf.usermodel.XSSFRow.getCell(int)&quot; because the return value of &quot;org.apache.poi.xssf.usermodel.XSSFSheet.getRow(int)&quot; is null
	at com.nitara.utilities.ExcelUtils.readRowField(ExcelUtils.java:318)
	at com.nitara.AccountManagement.RegisterFarm.RegisterNewFarmSP(RegisterFarm.java:51)
	at java.base/jdk.internal.reflect.NativeMethodAccessorImpl.invoke0(Native Method)
	at java.base/jdk.internal.reflect.NativeMethodAccessorImpl.invoke(NativeMethodAccessorImpl.java:64)
	at java.base/jdk.internal.reflect.DelegatingMethodAccessorImpl.invoke(DelegatingMethodAccessorImpl.java:43)
	at java.base/java.lang.reflect.Method.invoke(Method.java:564)
	at org.testng.internal.MethodInvocationHelper.invokeMethod(MethodInvocationHelper.java:133)
	at org.testng.internal.TestInvoker.invokeMethod(TestInvoker.java:598)
	at org.testng.internal.TestInvoker.invokeTestMethod(TestInvoker.java:173)
	at org.testng.internal.MethodRunner.runInSequence(MethodRunner.java:46)
	at org.testng.internal.TestInvoker$MethodInvocationAgent.invoke(TestInvoker.java:824)
	at org.testng.internal.TestInvoker.invokeTestMethods(TestInvoker.java:146)
	at org.testng.internal.TestMethodWorker.invokeTestMethods(TestMethodWorker.java:146)
	at org.testng.internal.TestMethodWorker.run(TestMethodWorker.java:128)
	at java.base/java.util.ArrayList.forEach(ArrayList.java:1511)
	at org.testng.TestRunner.privateRun(TestRunner.java:794)
	at org.testng.TestRunner.run(TestRunner.java:596)
	at org.testng.SuiteRunner.runTest(SuiteRunner.java:377)
	at org.testng.SuiteRunner.runSequentially(SuiteRunner.java:371)
	at org.testng.SuiteRunner.privateRun(SuiteRunner.java:332)
	at org.testng.SuiteRunner.run(SuiteRunner.java:276)
	at org.testng.SuiteRunnerWorker.runSuite(SuiteRunnerWorker.java:53)
	at org.testng.SuiteRunnerWorker.run(SuiteRunnerWorker.java:96)
	at org.testng.TestNG.runSuitesSequentially(TestNG.java:1212)
	at org.testng.TestNG.runSuitesLocally(TestNG.java:1134)
	at org.testng.TestNG.runSuites(TestNG.java:1063)
	at org.testng.TestNG.run(TestNG.java:1031)
	at org.testng.remote.AbstractRemoteTestNG.run(AbstractRemoteTestNG.java:115)
	at org.testng.remote.RemoteTestNG.initAndRun(RemoteTestNG.java:251)
	at org.testng.remote.RemoteTestNG.main(RemoteTestNG.java:77)
</pre></div></td>
<td>0</td>
<td>com.nitara.AccountManagement.RegisterFarm@18920cc</td></tr>
<tr>
<td title='com.nitara.UserLogin.ResendOTP.resendOTP()'><b>resendOTP</b><br>Test class: com.nitara.UserLogin.ResendOTP</td>
<td><div><pre>java.lang.AssertionError: expected [400] but found [200]
	at com.nitara.UserLogin.ResendOTP.resendOTP(ResendOTP.java:42)
	at java.base/java.util.ArrayList.forEach(ArrayList.java:1511)
... Removed 33 stack frames</pre></div><a href='#' onClick='toggleBox("stack-trace1894652259", this, "Click to show all stack frames", "Click to hide stack frames")'>Click to show all stack frames</a>
<div class='stack-trace' id='stack-trace1894652259'><pre>java.lang.AssertionError: expected [400] but found [200]
	at org.testng.Assert.fail(Assert.java:99)
	at org.testng.Assert.failNotEquals(Assert.java:1037)
	at org.testng.Assert.assertEqualsImpl(Assert.java:140)
	at org.testng.Assert.assertEquals(Assert.java:122)
	at org.testng.Assert.assertEquals(Assert.java:907)
	at org.testng.Assert.assertEquals(Assert.java:917)
	at com.nitara.UserLogin.ResendOTP.resendOTP(ResendOTP.java:42)
	at java.base/jdk.internal.reflect.NativeMethodAccessorImpl.invoke0(Native Method)
	at java.base/jdk.internal.reflect.NativeMethodAccessorImpl.invoke(NativeMethodAccessorImpl.java:64)
	at java.base/jdk.internal.reflect.DelegatingMethodAccessorImpl.invoke(DelegatingMethodAccessorImpl.java:43)
	at java.base/java.lang.reflect.Method.invoke(Method.java:564)
	at org.testng.internal.MethodInvocationHelper.invokeMethod(MethodInvocationHelper.java:133)
	at org.testng.internal.TestInvoker.invokeMethod(TestInvoker.java:598)
	at org.testng.internal.TestInvoker.invokeTestMethod(TestInvoker.java:173)
	at org.testng.internal.MethodRunner.runInSequence(MethodRunner.java:46)
	at org.testng.internal.TestInvoker$MethodInvocationAgent.invoke(TestInvoker.java:824)
	at org.testng.internal.TestInvoker.invokeTestMethods(TestInvoker.java:146)
	at org.testng.internal.TestMethodWorker.invokeTestMethods(TestMethodWorker.java:146)
	at org.testng.internal.TestMethodWorker.run(TestMethodWorker.java:128)
	at java.base/java.util.ArrayList.forEach(ArrayList.java:1511)
	at org.testng.TestRunner.privateRun(TestRunner.java:794)
	at org.testng.TestRunner.run(TestRunner.java:596)
	at org.testng.SuiteRunner.runTest(SuiteRunner.java:377)
	at org.testng.SuiteRunner.runSequentially(SuiteRunner.java:371)
	at org.testng.SuiteRunner.privateRun(SuiteRunner.java:332)
	at org.testng.SuiteRunner.run(SuiteRunner.java:276)
	at org.testng.SuiteRunnerWorker.runSuite(SuiteRunnerWorker.java:53)
	at org.testng.SuiteRunnerWorker.run(SuiteRunnerWorker.java:96)
	at org.testng.TestNG.runSuitesSequentially(TestNG.java:1212)
	at org.testng.TestNG.runSuitesLocally(TestNG.java:1134)
	at org.testng.TestNG.runSuites(TestNG.java:1063)
	at org.testng.TestNG.run(TestNG.java:1031)
	at org.testng.remote.AbstractRemoteTestNG.run(AbstractRemoteTestNG.java:115)
	at org.testng.remote.RemoteTestNG.initAndRun(RemoteTestNG.java:251)
	at org.testng.remote.RemoteTestNG.main(RemoteTestNG.java:77)
</pre></div></td>
<td>0</td>
<td>com.nitara.UserLogin.ResendOTP@3724af13</td></tr>
<tr>
<td title='com.nitara.CattleManagement.RemoveCattle.RemoveCattleDetails()'><b>RemoveCattleDetails</b><br>Test class: com.nitara.CattleManagement.RemoveCattle</td>
<td><div><pre>java.lang.AssertionError: expected [400] but found [200]
	at com.nitara.CattleRegistration.RegisterCalfCattle.registerCalf(RegisterCalfCattle.java:141)
	at com.nitara.CattleManagement.RemoveCattle.RemoveCattleDetails(RemoveCattle.java:29)
	at java.base/java.util.ArrayList.forEach(ArrayList.java:1511)
... Removed 33 stack frames</pre></div><a href='#' onClick='toggleBox("stack-trace36420582", this, "Click to show all stack frames", "Click to hide stack frames")'>Click to show all stack frames</a>
<div class='stack-trace' id='stack-trace36420582'><pre>java.lang.AssertionError: expected [400] but found [200]
	at org.testng.Assert.fail(Assert.java:99)
	at org.testng.Assert.failNotEquals(Assert.java:1037)
	at org.testng.Assert.assertEqualsImpl(Assert.java:140)
	at org.testng.Assert.assertEquals(Assert.java:122)
	at org.testng.Assert.assertEquals(Assert.java:907)
	at org.testng.Assert.assertEquals(Assert.java:917)
	at com.nitara.CattleRegistration.RegisterCalfCattle.registerCalf(RegisterCalfCattle.java:141)
	at com.nitara.CattleManagement.RemoveCattle.RemoveCattleDetails(RemoveCattle.java:29)
	at java.base/jdk.internal.reflect.NativeMethodAccessorImpl.invoke0(Native Method)
	at java.base/jdk.internal.reflect.NativeMethodAccessorImpl.invoke(NativeMethodAccessorImpl.java:64)
	at java.base/jdk.internal.reflect.DelegatingMethodAccessorImpl.invoke(DelegatingMethodAccessorImpl.java:43)
	at java.base/java.lang.reflect.Method.invoke(Method.java:564)
	at org.testng.internal.MethodInvocationHelper.invokeMethod(MethodInvocationHelper.java:133)
	at org.testng.internal.TestInvoker.invokeMethod(TestInvoker.java:598)
	at org.testng.internal.TestInvoker.invokeTestMethod(TestInvoker.java:173)
	at org.testng.internal.MethodRunner.runInSequence(MethodRunner.java:46)
	at org.testng.internal.TestInvoker$MethodInvocationAgent.invoke(TestInvoker.java:824)
	at org.testng.internal.TestInvoker.invokeTestMethods(TestInvoker.java:146)
	at org.testng.internal.TestMethodWorker.invokeTestMethods(TestMethodWorker.java:146)
	at org.testng.internal.TestMethodWorker.run(TestMethodWorker.java:128)
	at java.base/java.util.ArrayList.forEach(ArrayList.java:1511)
	at org.testng.TestRunner.privateRun(TestRunner.java:794)
	at org.testng.TestRunner.run(TestRunner.java:596)
	at org.testng.SuiteRunner.runTest(SuiteRunner.java:377)
	at org.testng.SuiteRunner.runSequentially(SuiteRunner.java:371)
	at org.testng.SuiteRunner.privateRun(SuiteRunner.java:332)
	at org.testng.SuiteRunner.run(SuiteRunner.java:276)
	at org.testng.SuiteRunnerWorker.runSuite(SuiteRunnerWorker.java:53)
	at org.testng.SuiteRunnerWorker.run(SuiteRunnerWorker.java:96)
	at org.testng.TestNG.runSuitesSequentially(TestNG.java:1212)
	at org.testng.TestNG.runSuitesLocally(TestNG.java:1134)
	at org.testng.TestNG.runSuites(TestNG.java:1063)
	at org.testng.TestNG.run(TestNG.java:1031)
	at org.testng.remote.AbstractRemoteTestNG.run(AbstractRemoteTestNG.java:115)
	at org.testng.remote.RemoteTestNG.initAndRun(RemoteTestNG.java:251)
	at org.testng.remote.RemoteTestNG.main(RemoteTestNG.java:77)
</pre></div></td>
<td>0</td>
<td>com.nitara.CattleManagement.RemoveCattle@4a891c97</td></tr>
<tr>
<td title='com.nitara.HousingManagement.ViewHousingSuggestions.viewHousingSuggestions()'><b>viewHousingSuggestions</b><br>Test class: com.nitara.HousingManagement.ViewHousingSuggestions</td>
<td><div><pre>java.lang.NullPointerException: Cannot invoke &quot;org.apache.poi.xssf.usermodel.XSSFCell.getCellType()&quot; because the return value of &quot;org.apache.poi.xssf.usermodel.XSSFRow.getCell(int)&quot; is null
	at com.nitara.utilities.ExcelUtils.readRowField(ExcelUtils.java:319)
	at com.nitara.HousingManagement.ViewHousingSuggestions.viewHousingSuggestions(ViewHousingSuggestions.java:31)
	at java.base/java.util.ArrayList.forEach(ArrayList.java:1511)
... Removed 27 stack frames</pre></div><a href='#' onClick='toggleBox("stack-trace2052572633", this, "Click to show all stack frames", "Click to hide stack frames")'>Click to show all stack frames</a>
<div class='stack-trace' id='stack-trace2052572633'><pre>java.lang.NullPointerException: Cannot invoke &quot;org.apache.poi.xssf.usermodel.XSSFCell.getCellType()&quot; because the return value of &quot;org.apache.poi.xssf.usermodel.XSSFRow.getCell(int)&quot; is null
	at com.nitara.utilities.ExcelUtils.readRowField(ExcelUtils.java:319)
	at com.nitara.HousingManagement.ViewHousingSuggestions.viewHousingSuggestions(ViewHousingSuggestions.java:31)
	at java.base/jdk.internal.reflect.NativeMethodAccessorImpl.invoke0(Native Method)
	at java.base/jdk.internal.reflect.NativeMethodAccessorImpl.invoke(NativeMethodAccessorImpl.java:64)
	at java.base/jdk.internal.reflect.DelegatingMethodAccessorImpl.invoke(DelegatingMethodAccessorImpl.java:43)
	at java.base/java.lang.reflect.Method.invoke(Method.java:564)
	at org.testng.internal.MethodInvocationHelper.invokeMethod(MethodInvocationHelper.java:133)
	at org.testng.internal.TestInvoker.invokeMethod(TestInvoker.java:598)
	at org.testng.internal.TestInvoker.invokeTestMethod(TestInvoker.java:173)
	at org.testng.internal.MethodRunner.runInSequence(MethodRunner.java:46)
	at org.testng.internal.TestInvoker$MethodInvocationAgent.invoke(TestInvoker.java:824)
	at org.testng.internal.TestInvoker.invokeTestMethods(TestInvoker.java:146)
	at org.testng.internal.TestMethodWorker.invokeTestMethods(TestMethodWorker.java:146)
	at org.testng.internal.TestMethodWorker.run(TestMethodWorker.java:128)
	at java.base/java.util.ArrayList.forEach(ArrayList.java:1511)
	at org.testng.TestRunner.privateRun(TestRunner.java:794)
	at org.testng.TestRunner.run(TestRunner.java:596)
	at org.testng.SuiteRunner.runTest(SuiteRunner.java:377)
	at org.testng.SuiteRunner.runSequentially(SuiteRunner.java:371)
	at org.testng.SuiteRunner.privateRun(SuiteRunner.java:332)
	at org.testng.SuiteRunner.run(SuiteRunner.java:276)
	at org.testng.SuiteRunnerWorker.runSuite(SuiteRunnerWorker.java:53)
	at org.testng.SuiteRunnerWorker.run(SuiteRunnerWorker.java:96)
	at org.testng.TestNG.runSuitesSequentially(TestNG.java:1212)
	at org.testng.TestNG.runSuitesLocally(TestNG.java:1134)
	at org.testng.TestNG.runSuites(TestNG.java:1063)
	at org.testng.TestNG.run(TestNG.java:1031)
	at org.testng.remote.AbstractRemoteTestNG.run(AbstractRemoteTestNG.java:115)
	at org.testng.remote.RemoteTestNG.initAndRun(RemoteTestNG.java:251)
	at org.testng.remote.RemoteTestNG.main(RemoteTestNG.java:77)
</pre></div></td>
<td>0</td>
<td>com.nitara.HousingManagement.ViewHousingSuggestions@1506f20f</td></tr>
<tr>
<td title='com.nitara.CattleManagement.AddBcs.addBcsDetails()'><b>addBcsDetails</b><br>Test class: com.nitara.CattleManagement.AddBcs</td>
<td><div><pre>java.lang.AssertionError: expected [200] but found [400]
	at com.nitara.CattleManagement.AddBcs.addBcsDetails(AddBcs.java:39)
	at java.base/java.util.ArrayList.forEach(ArrayList.java:1511)
... Removed 33 stack frames</pre></div><a href='#' onClick='toggleBox("stack-trace966776592", this, "Click to show all stack frames", "Click to hide stack frames")'>Click to show all stack frames</a>
<div class='stack-trace' id='stack-trace966776592'><pre>java.lang.AssertionError: expected [200] but found [400]
	at org.testng.Assert.fail(Assert.java:99)
	at org.testng.Assert.failNotEquals(Assert.java:1037)
	at org.testng.Assert.assertEqualsImpl(Assert.java:140)
	at org.testng.Assert.assertEquals(Assert.java:122)
	at org.testng.Assert.assertEquals(Assert.java:907)
	at org.testng.Assert.assertEquals(Assert.java:917)
	at com.nitara.CattleManagement.AddBcs.addBcsDetails(AddBcs.java:39)
	at java.base/jdk.internal.reflect.NativeMethodAccessorImpl.invoke0(Native Method)
	at java.base/jdk.internal.reflect.NativeMethodAccessorImpl.invoke(NativeMethodAccessorImpl.java:64)
	at java.base/jdk.internal.reflect.DelegatingMethodAccessorImpl.invoke(DelegatingMethodAccessorImpl.java:43)
	at java.base/java.lang.reflect.Method.invoke(Method.java:564)
	at org.testng.internal.MethodInvocationHelper.invokeMethod(MethodInvocationHelper.java:133)
	at org.testng.internal.TestInvoker.invokeMethod(TestInvoker.java:598)
	at org.testng.internal.TestInvoker.invokeTestMethod(TestInvoker.java:173)
	at org.testng.internal.MethodRunner.runInSequence(MethodRunner.java:46)
	at org.testng.internal.TestInvoker$MethodInvocationAgent.invoke(TestInvoker.java:824)
	at org.testng.internal.TestInvoker.invokeTestMethods(TestInvoker.java:146)
	at org.testng.internal.TestMethodWorker.invokeTestMethods(TestMethodWorker.java:146)
	at org.testng.internal.TestMethodWorker.run(TestMethodWorker.java:128)
	at java.base/java.util.ArrayList.forEach(ArrayList.java:1511)
	at org.testng.TestRunner.privateRun(TestRunner.java:794)
	at org.testng.TestRunner.run(TestRunner.java:596)
	at org.testng.SuiteRunner.runTest(SuiteRunner.java:377)
	at org.testng.SuiteRunner.runSequentially(SuiteRunner.java:371)
	at org.testng.SuiteRunner.privateRun(SuiteRunner.java:332)
	at org.testng.SuiteRunner.run(SuiteRunner.java:276)
	at org.testng.SuiteRunnerWorker.runSuite(SuiteRunnerWorker.java:53)
	at org.testng.SuiteRunnerWorker.run(SuiteRunnerWorker.java:96)
	at org.testng.TestNG.runSuitesSequentially(TestNG.java:1212)
	at org.testng.TestNG.runSuitesLocally(TestNG.java:1134)
	at org.testng.TestNG.runSuites(TestNG.java:1063)
	at org.testng.TestNG.run(TestNG.java:1031)
	at org.testng.remote.AbstractRemoteTestNG.run(AbstractRemoteTestNG.java:115)
	at org.testng.remote.RemoteTestNG.initAndRun(RemoteTestNG.java:251)
	at org.testng.remote.RemoteTestNG.main(RemoteTestNG.java:77)
</pre></div></td>
<td>0</td>
<td>com.nitara.CattleManagement.AddBcs@655ef322</td></tr>
<tr>
<td title='com.nitara.MilkingManagement.AddFarmMilking.addUserFarmMilking()'><b>addUserFarmMilking</b><br>Test class: com.nitara.MilkingManagement.AddFarmMilking</td>
<td><div><pre>java.lang.NullPointerException: Cannot invoke &quot;org.apache.poi.xssf.usermodel.XSSFRow.getCell(int)&quot; because the return value of &quot;org.apache.poi.xssf.usermodel.XSSFSheet.getRow(int)&quot; is null
	at com.nitara.utilities.ExcelUtils.readRowField(ExcelUtils.java:318)
	at com.nitara.MilkingManagement.AddFarmMilking.addUserFarmMilking(AddFarmMilking.java:35)
	at java.base/java.util.ArrayList.forEach(ArrayList.java:1511)
... Removed 27 stack frames</pre></div><a href='#' onClick='toggleBox("stack-trace1130431409", this, "Click to show all stack frames", "Click to hide stack frames")'>Click to show all stack frames</a>
<div class='stack-trace' id='stack-trace1130431409'><pre>java.lang.NullPointerException: Cannot invoke &quot;org.apache.poi.xssf.usermodel.XSSFRow.getCell(int)&quot; because the return value of &quot;org.apache.poi.xssf.usermodel.XSSFSheet.getRow(int)&quot; is null
	at com.nitara.utilities.ExcelUtils.readRowField(ExcelUtils.java:318)
	at com.nitara.MilkingManagement.AddFarmMilking.addUserFarmMilking(AddFarmMilking.java:35)
	at java.base/jdk.internal.reflect.NativeMethodAccessorImpl.invoke0(Native Method)
	at java.base/jdk.internal.reflect.NativeMethodAccessorImpl.invoke(NativeMethodAccessorImpl.java:64)
	at java.base/jdk.internal.reflect.DelegatingMethodAccessorImpl.invoke(DelegatingMethodAccessorImpl.java:43)
	at java.base/java.lang.reflect.Method.invoke(Method.java:564)
	at org.testng.internal.MethodInvocationHelper.invokeMethod(MethodInvocationHelper.java:133)
	at org.testng.internal.TestInvoker.invokeMethod(TestInvoker.java:598)
	at org.testng.internal.TestInvoker.invokeTestMethod(TestInvoker.java:173)
	at org.testng.internal.MethodRunner.runInSequence(MethodRunner.java:46)
	at org.testng.internal.TestInvoker$MethodInvocationAgent.invoke(TestInvoker.java:824)
	at org.testng.internal.TestInvoker.invokeTestMethods(TestInvoker.java:146)
	at org.testng.internal.TestMethodWorker.invokeTestMethods(TestMethodWorker.java:146)
	at org.testng.internal.TestMethodWorker.run(TestMethodWorker.java:128)
	at java.base/java.util.ArrayList.forEach(ArrayList.java:1511)
	at org.testng.TestRunner.privateRun(TestRunner.java:794)
	at org.testng.TestRunner.run(TestRunner.java:596)
	at org.testng.SuiteRunner.runTest(SuiteRunner.java:377)
	at org.testng.SuiteRunner.runSequentially(SuiteRunner.java:371)
	at org.testng.SuiteRunner.privateRun(SuiteRunner.java:332)
	at org.testng.SuiteRunner.run(SuiteRunner.java:276)
	at org.testng.SuiteRunnerWorker.runSuite(SuiteRunnerWorker.java:53)
	at org.testng.SuiteRunnerWorker.run(SuiteRunnerWorker.java:96)
	at org.testng.TestNG.runSuitesSequentially(TestNG.java:1212)
	at org.testng.TestNG.runSuitesLocally(TestNG.java:1134)
	at org.testng.TestNG.runSuites(TestNG.java:1063)
	at org.testng.TestNG.run(TestNG.java:1031)
	at org.testng.remote.AbstractRemoteTestNG.run(AbstractRemoteTestNG.java:115)
	at org.testng.remote.RemoteTestNG.initAndRun(RemoteTestNG.java:251)
	at org.testng.remote.RemoteTestNG.main(RemoteTestNG.java:77)
</pre></div></td>
<td>0</td>
<td>com.nitara.MilkingManagement.AddFarmMilking@7bb6ab3a</td></tr>
<tr>
<td title='com.nitara.UserLogin.GenerateOtpForLogin.generateOtpForLogin()'><b>generateOtpForLogin</b><br>Test class: com.nitara.UserLogin.GenerateOtpForLogin</td>
<td><div><pre>java.lang.AssertionError: expected [400] but found [200]
	at com.nitara.UserLogin.GenerateOtpForLogin.generateOtpForLogin(GenerateOtpForLogin.java:42)
	at java.base/java.util.ArrayList.forEach(ArrayList.java:1511)
... Removed 33 stack frames</pre></div><a href='#' onClick='toggleBox("stack-trace794872818", this, "Click to show all stack frames", "Click to hide stack frames")'>Click to show all stack frames</a>
<div class='stack-trace' id='stack-trace794872818'><pre>java.lang.AssertionError: expected [400] but found [200]
	at org.testng.Assert.fail(Assert.java:99)
	at org.testng.Assert.failNotEquals(Assert.java:1037)
	at org.testng.Assert.assertEqualsImpl(Assert.java:140)
	at org.testng.Assert.assertEquals(Assert.java:122)
	at org.testng.Assert.assertEquals(Assert.java:907)
	at org.testng.Assert.assertEquals(Assert.java:917)
	at com.nitara.UserLogin.GenerateOtpForLogin.generateOtpForLogin(GenerateOtpForLogin.java:42)
	at java.base/jdk.internal.reflect.NativeMethodAccessorImpl.invoke0(Native Method)
	at java.base/jdk.internal.reflect.NativeMethodAccessorImpl.invoke(NativeMethodAccessorImpl.java:64)
	at java.base/jdk.internal.reflect.DelegatingMethodAccessorImpl.invoke(DelegatingMethodAccessorImpl.java:43)
	at java.base/java.lang.reflect.Method.invoke(Method.java:564)
	at org.testng.internal.MethodInvocationHelper.invokeMethod(MethodInvocationHelper.java:133)
	at org.testng.internal.TestInvoker.invokeMethod(TestInvoker.java:598)
	at org.testng.internal.TestInvoker.invokeTestMethod(TestInvoker.java:173)
	at org.testng.internal.MethodRunner.runInSequence(MethodRunner.java:46)
	at org.testng.internal.TestInvoker$MethodInvocationAgent.invoke(TestInvoker.java:824)
	at org.testng.internal.TestInvoker.invokeTestMethods(TestInvoker.java:146)
	at org.testng.internal.TestMethodWorker.invokeTestMethods(TestMethodWorker.java:146)
	at org.testng.internal.TestMethodWorker.run(TestMethodWorker.java:128)
	at java.base/java.util.ArrayList.forEach(ArrayList.java:1511)
	at org.testng.TestRunner.privateRun(TestRunner.java:794)
	at org.testng.TestRunner.run(TestRunner.java:596)
	at org.testng.SuiteRunner.runTest(SuiteRunner.java:377)
	at org.testng.SuiteRunner.runSequentially(SuiteRunner.java:371)
	at org.testng.SuiteRunner.privateRun(SuiteRunner.java:332)
	at org.testng.SuiteRunner.run(SuiteRunner.java:276)
	at org.testng.SuiteRunnerWorker.runSuite(SuiteRunnerWorker.java:53)
	at org.testng.SuiteRunnerWorker.run(SuiteRunnerWorker.java:96)
	at org.testng.TestNG.runSuitesSequentially(TestNG.java:1212)
	at org.testng.TestNG.runSuitesLocally(TestNG.java:1134)
	at org.testng.TestNG.runSuites(TestNG.java:1063)
	at org.testng.TestNG.run(TestNG.java:1031)
	at org.testng.remote.AbstractRemoteTestNG.run(AbstractRemoteTestNG.java:115)
	at org.testng.remote.RemoteTestNG.initAndRun(RemoteTestNG.java:251)
	at org.testng.remote.RemoteTestNG.main(RemoteTestNG.java:77)
</pre></div></td>
<td>0</td>
<td>com.nitara.UserLogin.GenerateOtpForLogin@fc258b1</td></tr>
<tr>
<td title='com.nitara.KYCManagement.ApproveKYCDetails.approveKYCDetails()'><b>approveKYCDetails</b><br>Test class: com.nitara.KYCManagement.ApproveKYCDetails</td>
<td><div><pre>java.lang.NullPointerException: Cannot invoke &quot;org.apache.poi.xssf.usermodel.XSSFRow.getCell(int)&quot; because the return value of &quot;org.apache.poi.xssf.usermodel.XSSFSheet.getRow(int)&quot; is null
	at com.nitara.utilities.ExcelUtils.readRowField(ExcelUtils.java:318)
	at com.nitara.KYCManagement.ApproveKYCDetails.approveKYCDetails(ApproveKYCDetails.java:25)
	at java.base/java.util.ArrayList.forEach(ArrayList.java:1511)
... Removed 27 stack frames</pre></div><a href='#' onClick='toggleBox("stack-trace1795075885", this, "Click to show all stack frames", "Click to hide stack frames")'>Click to show all stack frames</a>
<div class='stack-trace' id='stack-trace1795075885'><pre>java.lang.NullPointerException: Cannot invoke &quot;org.apache.poi.xssf.usermodel.XSSFRow.getCell(int)&quot; because the return value of &quot;org.apache.poi.xssf.usermodel.XSSFSheet.getRow(int)&quot; is null
	at com.nitara.utilities.ExcelUtils.readRowField(ExcelUtils.java:318)
	at com.nitara.KYCManagement.ApproveKYCDetails.approveKYCDetails(ApproveKYCDetails.java:25)
	at java.base/jdk.internal.reflect.NativeMethodAccessorImpl.invoke0(Native Method)
	at java.base/jdk.internal.reflect.NativeMethodAccessorImpl.invoke(NativeMethodAccessorImpl.java:64)
	at java.base/jdk.internal.reflect.DelegatingMethodAccessorImpl.invoke(DelegatingMethodAccessorImpl.java:43)
	at java.base/java.lang.reflect.Method.invoke(Method.java:564)
	at org.testng.internal.MethodInvocationHelper.invokeMethod(MethodInvocationHelper.java:133)
	at org.testng.internal.TestInvoker.invokeMethod(TestInvoker.java:598)
	at org.testng.internal.TestInvoker.invokeTestMethod(TestInvoker.java:173)
	at org.testng.internal.MethodRunner.runInSequence(MethodRunner.java:46)
	at org.testng.internal.TestInvoker$MethodInvocationAgent.invoke(TestInvoker.java:824)
	at org.testng.internal.TestInvoker.invokeTestMethods(TestInvoker.java:146)
	at org.testng.internal.TestMethodWorker.invokeTestMethods(TestMethodWorker.java:146)
	at org.testng.internal.TestMethodWorker.run(TestMethodWorker.java:128)
	at java.base/java.util.ArrayList.forEach(ArrayList.java:1511)
	at org.testng.TestRunner.privateRun(TestRunner.java:794)
	at org.testng.TestRunner.run(TestRunner.java:596)
	at org.testng.SuiteRunner.runTest(SuiteRunner.java:377)
	at org.testng.SuiteRunner.runSequentially(SuiteRunner.java:371)
	at org.testng.SuiteRunner.privateRun(SuiteRunner.java:332)
	at org.testng.SuiteRunner.run(SuiteRunner.java:276)
	at org.testng.SuiteRunnerWorker.runSuite(SuiteRunnerWorker.java:53)
	at org.testng.SuiteRunnerWorker.run(SuiteRunnerWorker.java:96)
	at org.testng.TestNG.runSuitesSequentially(TestNG.java:1212)
	at org.testng.TestNG.runSuitesLocally(TestNG.java:1134)
	at org.testng.TestNG.runSuites(TestNG.java:1063)
	at org.testng.TestNG.run(TestNG.java:1031)
	at org.testng.remote.AbstractRemoteTestNG.run(AbstractRemoteTestNG.java:115)
	at org.testng.remote.RemoteTestNG.initAndRun(RemoteTestNG.java:251)
	at org.testng.remote.RemoteTestNG.main(RemoteTestNG.java:77)
</pre></div></td>
<td>0</td>
<td>com.nitara.KYCManagement.ApproveKYCDetails@4b45dcb8</td></tr>
<tr>
<td title='com.nitara.PermissionManagement.VerifyUserExists.verifyUserExists()'><b>verifyUserExists</b><br>Test class: com.nitara.PermissionManagement.VerifyUserExists</td>
<td><div><pre>java.lang.AssertionError: expected [User Does not exist.] but found [User Exists.]
	at com.nitara.PermissionManagement.VerifyUserExists.verifyUserExists(VerifyUserExists.java:47)
	at java.base/java.util.ArrayList.forEach(ArrayList.java:1511)
... Removed 33 stack frames</pre></div><a href='#' onClick='toggleBox("stack-trace14050562", this, "Click to show all stack frames", "Click to hide stack frames")'>Click to show all stack frames</a>
<div class='stack-trace' id='stack-trace14050562'><pre>java.lang.AssertionError: expected [User Does not exist.] but found [User Exists.]
	at org.testng.Assert.fail(Assert.java:99)
	at org.testng.Assert.failNotEquals(Assert.java:1037)
	at org.testng.Assert.assertEqualsImpl(Assert.java:140)
	at org.testng.Assert.assertEquals(Assert.java:122)
	at org.testng.Assert.assertEquals(Assert.java:629)
	at org.testng.Assert.assertEquals(Assert.java:639)
	at com.nitara.PermissionManagement.VerifyUserExists.verifyUserExists(VerifyUserExists.java:47)
	at java.base/jdk.internal.reflect.NativeMethodAccessorImpl.invoke0(Native Method)
	at java.base/jdk.internal.reflect.NativeMethodAccessorImpl.invoke(NativeMethodAccessorImpl.java:64)
	at java.base/jdk.internal.reflect.DelegatingMethodAccessorImpl.invoke(DelegatingMethodAccessorImpl.java:43)
	at java.base/java.lang.reflect.Method.invoke(Method.java:564)
	at org.testng.internal.MethodInvocationHelper.invokeMethod(MethodInvocationHelper.java:133)
	at org.testng.internal.TestInvoker.invokeMethod(TestInvoker.java:598)
	at org.testng.internal.TestInvoker.invokeTestMethod(TestInvoker.java:173)
	at org.testng.internal.MethodRunner.runInSequence(MethodRunner.java:46)
	at org.testng.internal.TestInvoker$MethodInvocationAgent.invoke(TestInvoker.java:824)
	at org.testng.internal.TestInvoker.invokeTestMethods(TestInvoker.java:146)
	at org.testng.internal.TestMethodWorker.invokeTestMethods(TestMethodWorker.java:146)
	at org.testng.internal.TestMethodWorker.run(TestMethodWorker.java:128)
	at java.base/java.util.ArrayList.forEach(ArrayList.java:1511)
	at org.testng.TestRunner.privateRun(TestRunner.java:794)
	at org.testng.TestRunner.run(TestRunner.java:596)
	at org.testng.SuiteRunner.runTest(SuiteRunner.java:377)
	at org.testng.SuiteRunner.runSequentially(SuiteRunner.java:371)
	at org.testng.SuiteRunner.privateRun(SuiteRunner.java:332)
	at org.testng.SuiteRunner.run(SuiteRunner.java:276)
	at org.testng.SuiteRunnerWorker.runSuite(SuiteRunnerWorker.java:53)
	at org.testng.SuiteRunnerWorker.run(SuiteRunnerWorker.java:96)
	at org.testng.TestNG.runSuitesSequentially(TestNG.java:1212)
	at org.testng.TestNG.runSuitesLocally(TestNG.java:1134)
	at org.testng.TestNG.runSuites(TestNG.java:1063)
	at org.testng.TestNG.run(TestNG.java:1031)
	at org.testng.remote.AbstractRemoteTestNG.run(AbstractRemoteTestNG.java:115)
	at org.testng.remote.RemoteTestNG.initAndRun(RemoteTestNG.java:251)
	at org.testng.remote.RemoteTestNG.main(RemoteTestNG.java:77)
</pre></div></td>
<td>0</td>
<td>com.nitara.PermissionManagement.VerifyUserExists@5911e990</td></tr>
<tr>
<td title='com.nitara.UserLogin.LoginWithOtp.loginWithOtp()'><b>loginWithOtp</b><br>Test class: com.nitara.UserLogin.LoginWithOtp</td>
<td><div><pre>java.lang.AssertionError: expected [User not found in Database. Please go to New User &amp; register your account.] but found [OTP Generated.]
	at com.nitara.UserLogin.GenerateOtpForLogin.generateOtpForLogin(GenerateOtpForLogin.java:75)
	at com.nitara.UserLogin.LoginWithOtp.loginWithOtp(LoginWithOtp.java:29)
	at java.base/java.util.ArrayList.forEach(ArrayList.java:1511)
... Removed 33 stack frames</pre></div><a href='#' onClick='toggleBox("stack-trace1796366727", this, "Click to show all stack frames", "Click to hide stack frames")'>Click to show all stack frames</a>
<div class='stack-trace' id='stack-trace1796366727'><pre>java.lang.AssertionError: expected [User not found in Database. Please go to New User &amp; register your account.] but found [OTP Generated.]
	at org.testng.Assert.fail(Assert.java:99)
	at org.testng.Assert.failNotEquals(Assert.java:1037)
	at org.testng.Assert.assertEqualsImpl(Assert.java:140)
	at org.testng.Assert.assertEquals(Assert.java:122)
	at org.testng.Assert.assertEquals(Assert.java:629)
	at org.testng.Assert.assertEquals(Assert.java:639)
	at com.nitara.UserLogin.GenerateOtpForLogin.generateOtpForLogin(GenerateOtpForLogin.java:75)
	at com.nitara.UserLogin.LoginWithOtp.loginWithOtp(LoginWithOtp.java:29)
	at java.base/jdk.internal.reflect.NativeMethodAccessorImpl.invoke0(Native Method)
	at java.base/jdk.internal.reflect.NativeMethodAccessorImpl.invoke(NativeMethodAccessorImpl.java:64)
	at java.base/jdk.internal.reflect.DelegatingMethodAccessorImpl.invoke(DelegatingMethodAccessorImpl.java:43)
	at java.base/java.lang.reflect.Method.invoke(Method.java:564)
	at org.testng.internal.MethodInvocationHelper.invokeMethod(MethodInvocationHelper.java:133)
	at org.testng.internal.TestInvoker.invokeMethod(TestInvoker.java:598)
	at org.testng.internal.TestInvoker.invokeTestMethod(TestInvoker.java:173)
	at org.testng.internal.MethodRunner.runInSequence(MethodRunner.java:46)
	at org.testng.internal.TestInvoker$MethodInvocationAgent.invoke(TestInvoker.java:824)
	at org.testng.internal.TestInvoker.invokeTestMethods(TestInvoker.java:146)
	at org.testng.internal.TestMethodWorker.invokeTestMethods(TestMethodWorker.java:146)
	at org.testng.internal.TestMethodWorker.run(TestMethodWorker.java:128)
	at java.base/java.util.ArrayList.forEach(ArrayList.java:1511)
	at org.testng.TestRunner.privateRun(TestRunner.java:794)
	at org.testng.TestRunner.run(TestRunner.java:596)
	at org.testng.SuiteRunner.runTest(SuiteRunner.java:377)
	at org.testng.SuiteRunner.runSequentially(SuiteRunner.java:371)
	at org.testng.SuiteRunner.privateRun(SuiteRunner.java:332)
	at org.testng.SuiteRunner.run(SuiteRunner.java:276)
	at org.testng.SuiteRunnerWorker.runSuite(SuiteRunnerWorker.java:53)
	at org.testng.SuiteRunnerWorker.run(SuiteRunnerWorker.java:96)
	at org.testng.TestNG.runSuitesSequentially(TestNG.java:1212)
	at org.testng.TestNG.runSuitesLocally(TestNG.java:1134)
	at org.testng.TestNG.runSuites(TestNG.java:1063)
	at org.testng.TestNG.run(TestNG.java:1031)
	at org.testng.remote.AbstractRemoteTestNG.run(AbstractRemoteTestNG.java:115)
	at org.testng.remote.RemoteTestNG.initAndRun(RemoteTestNG.java:251)
	at org.testng.remote.RemoteTestNG.main(RemoteTestNG.java:77)
</pre></div></td>
<td>0</td>
<td>com.nitara.UserLogin.LoginWithOtp@47f4e407</td></tr>
<tr>
<td title='com.nitara.AccountManagement.ViewFarmerHomePage.viewFarmerHomePage()'><b>viewFarmerHomePage</b><br>Test class: com.nitara.AccountManagement.ViewFarmerHomePage</td>
<td><div><pre>java.lang.NullPointerException: Cannot invoke &quot;org.apache.poi.xssf.usermodel.XSSFRow.getCell(int)&quot; because the return value of &quot;org.apache.poi.xssf.usermodel.XSSFSheet.getRow(int)&quot; is null
	at com.nitara.utilities.ExcelUtils.readRowField(ExcelUtils.java:318)
	at com.nitara.AccountManagement.ViewFarmerHomePage.viewFarmerHomePage(ViewFarmerHomePage.java:25)
	at java.base/java.util.ArrayList.forEach(ArrayList.java:1511)
... Removed 27 stack frames</pre></div><a href='#' onClick='toggleBox("stack-trace1632677830", this, "Click to show all stack frames", "Click to hide stack frames")'>Click to show all stack frames</a>
<div class='stack-trace' id='stack-trace1632677830'><pre>java.lang.NullPointerException: Cannot invoke &quot;org.apache.poi.xssf.usermodel.XSSFRow.getCell(int)&quot; because the return value of &quot;org.apache.poi.xssf.usermodel.XSSFSheet.getRow(int)&quot; is null
	at com.nitara.utilities.ExcelUtils.readRowField(ExcelUtils.java:318)
	at com.nitara.AccountManagement.ViewFarmerHomePage.viewFarmerHomePage(ViewFarmerHomePage.java:25)
	at java.base/jdk.internal.reflect.NativeMethodAccessorImpl.invoke0(Native Method)
	at java.base/jdk.internal.reflect.NativeMethodAccessorImpl.invoke(NativeMethodAccessorImpl.java:64)
	at java.base/jdk.internal.reflect.DelegatingMethodAccessorImpl.invoke(DelegatingMethodAccessorImpl.java:43)
	at java.base/java.lang.reflect.Method.invoke(Method.java:564)
	at org.testng.internal.MethodInvocationHelper.invokeMethod(MethodInvocationHelper.java:133)
	at org.testng.internal.TestInvoker.invokeMethod(TestInvoker.java:598)
	at org.testng.internal.TestInvoker.invokeTestMethod(TestInvoker.java:173)
	at org.testng.internal.MethodRunner.runInSequence(MethodRunner.java:46)
	at org.testng.internal.TestInvoker$MethodInvocationAgent.invoke(TestInvoker.java:824)
	at org.testng.internal.TestInvoker.invokeTestMethods(TestInvoker.java:146)
	at org.testng.internal.TestMethodWorker.invokeTestMethods(TestMethodWorker.java:146)
	at org.testng.internal.TestMethodWorker.run(TestMethodWorker.java:128)
	at java.base/java.util.ArrayList.forEach(ArrayList.java:1511)
	at org.testng.TestRunner.privateRun(TestRunner.java:794)
	at org.testng.TestRunner.run(TestRunner.java:596)
	at org.testng.SuiteRunner.runTest(SuiteRunner.java:377)
	at org.testng.SuiteRunner.runSequentially(SuiteRunner.java:371)
	at org.testng.SuiteRunner.privateRun(SuiteRunner.java:332)
	at org.testng.SuiteRunner.run(SuiteRunner.java:276)
	at org.testng.SuiteRunnerWorker.runSuite(SuiteRunnerWorker.java:53)
	at org.testng.SuiteRunnerWorker.run(SuiteRunnerWorker.java:96)
	at org.testng.TestNG.runSuitesSequentially(TestNG.java:1212)
	at org.testng.TestNG.runSuitesLocally(TestNG.java:1134)
	at org.testng.TestNG.runSuites(TestNG.java:1063)
	at org.testng.TestNG.run(TestNG.java:1031)
	at org.testng.remote.AbstractRemoteTestNG.run(AbstractRemoteTestNG.java:115)
	at org.testng.remote.RemoteTestNG.initAndRun(RemoteTestNG.java:251)
	at org.testng.remote.RemoteTestNG.main(RemoteTestNG.java:77)
</pre></div></td>
<td>0</td>
<td>com.nitara.AccountManagement.ViewFarmerHomePage@1dd6d4b7</td></tr>
<tr>
<td title='com.nitara.FarmManagement.ViewFarmAnalysis.viewFarmAnalysis()'><b>viewFarmAnalysis</b><br>Test class: com.nitara.FarmManagement.ViewFarmAnalysis</td>
<td><div><pre>java.lang.NullPointerException: Cannot invoke &quot;org.apache.poi.xssf.usermodel.XSSFCell.getCellType()&quot; because the return value of &quot;org.apache.poi.xssf.usermodel.XSSFRow.getCell(int)&quot; is null
	at com.nitara.utilities.ExcelUtils.readRowField(ExcelUtils.java:319)
	at com.nitara.FarmManagement.ViewFarmAnalysis.viewFarmAnalysis(ViewFarmAnalysis.java:31)
	at java.base/java.util.ArrayList.forEach(ArrayList.java:1511)
... Removed 27 stack frames</pre></div><a href='#' onClick='toggleBox("stack-trace1981924343", this, "Click to show all stack frames", "Click to hide stack frames")'>Click to show all stack frames</a>
<div class='stack-trace' id='stack-trace1981924343'><pre>java.lang.NullPointerException: Cannot invoke &quot;org.apache.poi.xssf.usermodel.XSSFCell.getCellType()&quot; because the return value of &quot;org.apache.poi.xssf.usermodel.XSSFRow.getCell(int)&quot; is null
	at com.nitara.utilities.ExcelUtils.readRowField(ExcelUtils.java:319)
	at com.nitara.FarmManagement.ViewFarmAnalysis.viewFarmAnalysis(ViewFarmAnalysis.java:31)
	at java.base/jdk.internal.reflect.NativeMethodAccessorImpl.invoke0(Native Method)
	at java.base/jdk.internal.reflect.NativeMethodAccessorImpl.invoke(NativeMethodAccessorImpl.java:64)
	at java.base/jdk.internal.reflect.DelegatingMethodAccessorImpl.invoke(DelegatingMethodAccessorImpl.java:43)
	at java.base/java.lang.reflect.Method.invoke(Method.java:564)
	at org.testng.internal.MethodInvocationHelper.invokeMethod(MethodInvocationHelper.java:133)
	at org.testng.internal.TestInvoker.invokeMethod(TestInvoker.java:598)
	at org.testng.internal.TestInvoker.invokeTestMethod(TestInvoker.java:173)
	at org.testng.internal.MethodRunner.runInSequence(MethodRunner.java:46)
	at org.testng.internal.TestInvoker$MethodInvocationAgent.invoke(TestInvoker.java:824)
	at org.testng.internal.TestInvoker.invokeTestMethods(TestInvoker.java:146)
	at org.testng.internal.TestMethodWorker.invokeTestMethods(TestMethodWorker.java:146)
	at org.testng.internal.TestMethodWorker.run(TestMethodWorker.java:128)
	at java.base/java.util.ArrayList.forEach(ArrayList.java:1511)
	at org.testng.TestRunner.privateRun(TestRunner.java:794)
	at org.testng.TestRunner.run(TestRunner.java:596)
	at org.testng.SuiteRunner.runTest(SuiteRunner.java:377)
	at org.testng.SuiteRunner.runSequentially(SuiteRunner.java:371)
	at org.testng.SuiteRunner.privateRun(SuiteRunner.java:332)
	at org.testng.SuiteRunner.run(SuiteRunner.java:276)
	at org.testng.SuiteRunnerWorker.runSuite(SuiteRunnerWorker.java:53)
	at org.testng.SuiteRunnerWorker.run(SuiteRunnerWorker.java:96)
	at org.testng.TestNG.runSuitesSequentially(TestNG.java:1212)
	at org.testng.TestNG.runSuitesLocally(TestNG.java:1134)
	at org.testng.TestNG.runSuites(TestNG.java:1063)
	at org.testng.TestNG.run(TestNG.java:1031)
	at org.testng.remote.AbstractRemoteTestNG.run(AbstractRemoteTestNG.java:115)
	at org.testng.remote.RemoteTestNG.initAndRun(RemoteTestNG.java:251)
	at org.testng.remote.RemoteTestNG.main(RemoteTestNG.java:77)
</pre></div></td>
<td>0</td>
<td>com.nitara.FarmManagement.ViewFarmAnalysis@14dda234</td></tr>
<tr>
<td title='com.nitara.HousingManagement.AddCattlesToGroup.addCattlesToGroup()'><b>addCattlesToGroup</b><br>Test class: com.nitara.HousingManagement.AddCattlesToGroup</td>
<td><div><pre>java.lang.NullPointerException: Cannot invoke &quot;org.apache.poi.xssf.usermodel.XSSFCell.getCellType()&quot; because the return value of &quot;org.apache.poi.xssf.usermodel.XSSFRow.getCell(int)&quot; is null
	at com.nitara.utilities.ExcelUtils.readRowField(ExcelUtils.java:319)
	at com.nitara.HousingManagement.AddCattlesToGroup.addCattlesToGroup(AddCattlesToGroup.java:36)
	at java.base/java.util.ArrayList.forEach(ArrayList.java:1511)
... Removed 27 stack frames</pre></div><a href='#' onClick='toggleBox("stack-trace1145479569", this, "Click to show all stack frames", "Click to hide stack frames")'>Click to show all stack frames</a>
<div class='stack-trace' id='stack-trace1145479569'><pre>java.lang.NullPointerException: Cannot invoke &quot;org.apache.poi.xssf.usermodel.XSSFCell.getCellType()&quot; because the return value of &quot;org.apache.poi.xssf.usermodel.XSSFRow.getCell(int)&quot; is null
	at com.nitara.utilities.ExcelUtils.readRowField(ExcelUtils.java:319)
	at com.nitara.HousingManagement.AddCattlesToGroup.addCattlesToGroup(AddCattlesToGroup.java:36)
	at java.base/jdk.internal.reflect.NativeMethodAccessorImpl.invoke0(Native Method)
	at java.base/jdk.internal.reflect.NativeMethodAccessorImpl.invoke(NativeMethodAccessorImpl.java:64)
	at java.base/jdk.internal.reflect.DelegatingMethodAccessorImpl.invoke(DelegatingMethodAccessorImpl.java:43)
	at java.base/java.lang.reflect.Method.invoke(Method.java:564)
	at org.testng.internal.MethodInvocationHelper.invokeMethod(MethodInvocationHelper.java:133)
	at org.testng.internal.TestInvoker.invokeMethod(TestInvoker.java:598)
	at org.testng.internal.TestInvoker.invokeTestMethod(TestInvoker.java:173)
	at org.testng.internal.MethodRunner.runInSequence(MethodRunner.java:46)
	at org.testng.internal.TestInvoker$MethodInvocationAgent.invoke(TestInvoker.java:824)
	at org.testng.internal.TestInvoker.invokeTestMethods(TestInvoker.java:146)
	at org.testng.internal.TestMethodWorker.invokeTestMethods(TestMethodWorker.java:146)
	at org.testng.internal.TestMethodWorker.run(TestMethodWorker.java:128)
	at java.base/java.util.ArrayList.forEach(ArrayList.java:1511)
	at org.testng.TestRunner.privateRun(TestRunner.java:794)
	at org.testng.TestRunner.run(TestRunner.java:596)
	at org.testng.SuiteRunner.runTest(SuiteRunner.java:377)
	at org.testng.SuiteRunner.runSequentially(SuiteRunner.java:371)
	at org.testng.SuiteRunner.privateRun(SuiteRunner.java:332)
	at org.testng.SuiteRunner.run(SuiteRunner.java:276)
	at org.testng.SuiteRunnerWorker.runSuite(SuiteRunnerWorker.java:53)
	at org.testng.SuiteRunnerWorker.run(SuiteRunnerWorker.java:96)
	at org.testng.TestNG.runSuitesSequentially(TestNG.java:1212)
	at org.testng.TestNG.runSuitesLocally(TestNG.java:1134)
	at org.testng.TestNG.runSuites(TestNG.java:1063)
	at org.testng.TestNG.run(TestNG.java:1031)
	at org.testng.remote.AbstractRemoteTestNG.run(AbstractRemoteTestNG.java:115)
	at org.testng.remote.RemoteTestNG.initAndRun(RemoteTestNG.java:251)
	at org.testng.remote.RemoteTestNG.main(RemoteTestNG.java:77)
</pre></div></td>
<td>0</td>
<td>com.nitara.HousingManagement.AddCattlesToGroup@4a11eb84</td></tr>
<tr>
<td title='com.nitara.CattleRegistration.RegisterHeiferCattle.registerHeiferCattle()'><b>registerHeiferCattle</b><br>Test class: com.nitara.CattleRegistration.RegisterHeiferCattle</td>
<td><div><pre>java.lang.AssertionError: expected [400] but found [200]
	at com.nitara.CattleRegistration.RegisterHeiferCattle.registerHeiferCattle(RegisterHeiferCattle.java:70)
	at java.base/java.util.ArrayList.forEach(ArrayList.java:1511)
... Removed 33 stack frames</pre></div><a href='#' onClick='toggleBox("stack-trace636050161", this, "Click to show all stack frames", "Click to hide stack frames")'>Click to show all stack frames</a>
<div class='stack-trace' id='stack-trace636050161'><pre>java.lang.AssertionError: expected [400] but found [200]
	at org.testng.Assert.fail(Assert.java:99)
	at org.testng.Assert.failNotEquals(Assert.java:1037)
	at org.testng.Assert.assertEqualsImpl(Assert.java:140)
	at org.testng.Assert.assertEquals(Assert.java:122)
	at org.testng.Assert.assertEquals(Assert.java:907)
	at org.testng.Assert.assertEquals(Assert.java:917)
	at com.nitara.CattleRegistration.RegisterHeiferCattle.registerHeiferCattle(RegisterHeiferCattle.java:70)
	at java.base/jdk.internal.reflect.NativeMethodAccessorImpl.invoke0(Native Method)
	at java.base/jdk.internal.reflect.NativeMethodAccessorImpl.invoke(NativeMethodAccessorImpl.java:64)
	at java.base/jdk.internal.reflect.DelegatingMethodAccessorImpl.invoke(DelegatingMethodAccessorImpl.java:43)
	at java.base/java.lang.reflect.Method.invoke(Method.java:564)
	at org.testng.internal.MethodInvocationHelper.invokeMethod(MethodInvocationHelper.java:133)
	at org.testng.internal.TestInvoker.invokeMethod(TestInvoker.java:598)
	at org.testng.internal.TestInvoker.invokeTestMethod(TestInvoker.java:173)
	at org.testng.internal.MethodRunner.runInSequence(MethodRunner.java:46)
	at org.testng.internal.TestInvoker$MethodInvocationAgent.invoke(TestInvoker.java:824)
	at org.testng.internal.TestInvoker.invokeTestMethods(TestInvoker.java:146)
	at org.testng.internal.TestMethodWorker.invokeTestMethods(TestMethodWorker.java:146)
	at org.testng.internal.TestMethodWorker.run(TestMethodWorker.java:128)
	at java.base/java.util.ArrayList.forEach(ArrayList.java:1511)
	at org.testng.TestRunner.privateRun(TestRunner.java:794)
	at org.testng.TestRunner.run(TestRunner.java:596)
	at org.testng.SuiteRunner.runTest(SuiteRunner.java:377)
	at org.testng.SuiteRunner.runSequentially(SuiteRunner.java:371)
	at org.testng.SuiteRunner.privateRun(SuiteRunner.java:332)
	at org.testng.SuiteRunner.run(SuiteRunner.java:276)
	at org.testng.SuiteRunnerWorker.runSuite(SuiteRunnerWorker.java:53)
	at org.testng.SuiteRunnerWorker.run(SuiteRunnerWorker.java:96)
	at org.testng.TestNG.runSuitesSequentially(TestNG.java:1212)
	at org.testng.TestNG.runSuitesLocally(TestNG.java:1134)
	at org.testng.TestNG.runSuites(TestNG.java:1063)
	at org.testng.TestNG.run(TestNG.java:1031)
	at org.testng.remote.AbstractRemoteTestNG.run(AbstractRemoteTestNG.java:115)
	at org.testng.remote.RemoteTestNG.initAndRun(RemoteTestNG.java:251)
	at org.testng.remote.RemoteTestNG.main(RemoteTestNG.java:77)
</pre></div></td>
<td>1</td>
<td>com.nitara.CattleRegistration.RegisterHeiferCattle@7a560583</td></tr>
<tr>
<td title='com.nitara.PermissionManagement.AddNewUser.addNewUserDetails()'><b>addNewUserDetails</b><br>Test class: com.nitara.PermissionManagement.AddNewUser</td>
<td><div><pre>java.lang.NullPointerException: Cannot invoke &quot;org.apache.poi.xssf.usermodel.XSSFRow.getCell(int)&quot; because the return value of &quot;org.apache.poi.xssf.usermodel.XSSFSheet.getRow(int)&quot; is null
	at com.nitara.utilities.ExcelUtils.readRowField(ExcelUtils.java:318)
	at com.nitara.PermissionManagement.AddNewUser.addNewUserDetails(AddNewUser.java:36)
	at java.base/java.util.ArrayList.forEach(ArrayList.java:1511)
... Removed 27 stack frames</pre></div><a href='#' onClick='toggleBox("stack-trace540537131", this, "Click to show all stack frames", "Click to hide stack frames")'>Click to show all stack frames</a>
<div class='stack-trace' id='stack-trace540537131'><pre>java.lang.NullPointerException: Cannot invoke &quot;org.apache.poi.xssf.usermodel.XSSFRow.getCell(int)&quot; because the return value of &quot;org.apache.poi.xssf.usermodel.XSSFSheet.getRow(int)&quot; is null
	at com.nitara.utilities.ExcelUtils.readRowField(ExcelUtils.java:318)
	at com.nitara.PermissionManagement.AddNewUser.addNewUserDetails(AddNewUser.java:36)
	at java.base/jdk.internal.reflect.NativeMethodAccessorImpl.invoke0(Native Method)
	at java.base/jdk.internal.reflect.NativeMethodAccessorImpl.invoke(NativeMethodAccessorImpl.java:64)
	at java.base/jdk.internal.reflect.DelegatingMethodAccessorImpl.invoke(DelegatingMethodAccessorImpl.java:43)
	at java.base/java.lang.reflect.Method.invoke(Method.java:564)
	at org.testng.internal.MethodInvocationHelper.invokeMethod(MethodInvocationHelper.java:133)
	at org.testng.internal.TestInvoker.invokeMethod(TestInvoker.java:598)
	at org.testng.internal.TestInvoker.invokeTestMethod(TestInvoker.java:173)
	at org.testng.internal.MethodRunner.runInSequence(MethodRunner.java:46)
	at org.testng.internal.TestInvoker$MethodInvocationAgent.invoke(TestInvoker.java:824)
	at org.testng.internal.TestInvoker.invokeTestMethods(TestInvoker.java:146)
	at org.testng.internal.TestMethodWorker.invokeTestMethods(TestMethodWorker.java:146)
	at org.testng.internal.TestMethodWorker.run(TestMethodWorker.java:128)
	at java.base/java.util.ArrayList.forEach(ArrayList.java:1511)
	at org.testng.TestRunner.privateRun(TestRunner.java:794)
	at org.testng.TestRunner.run(TestRunner.java:596)
	at org.testng.SuiteRunner.runTest(SuiteRunner.java:377)
	at org.testng.SuiteRunner.runSequentially(SuiteRunner.java:371)
	at org.testng.SuiteRunner.privateRun(SuiteRunner.java:332)
	at org.testng.SuiteRunner.run(SuiteRunner.java:276)
	at org.testng.SuiteRunnerWorker.runSuite(SuiteRunnerWorker.java:53)
	at org.testng.SuiteRunnerWorker.run(SuiteRunnerWorker.java:96)
	at org.testng.TestNG.runSuitesSequentially(TestNG.java:1212)
	at org.testng.TestNG.runSuitesLocally(TestNG.java:1134)
	at org.testng.TestNG.runSuites(TestNG.java:1063)
	at org.testng.TestNG.run(TestNG.java:1031)
	at org.testng.remote.AbstractRemoteTestNG.run(AbstractRemoteTestNG.java:115)
	at org.testng.remote.RemoteTestNG.initAndRun(RemoteTestNG.java:251)
	at org.testng.remote.RemoteTestNG.main(RemoteTestNG.java:77)
</pre></div></td>
<td>0</td>
<td>com.nitara.PermissionManagement.AddNewUser@6492fab5</td></tr>
<tr>
<td title='com.nitara.PermissionManagement.UpdateUserDetails.updateUserDetails()'><b>updateUserDetails</b><br>Test class: com.nitara.PermissionManagement.UpdateUserDetails</td>
<td><div><pre>java.lang.NullPointerException: Cannot invoke &quot;org.apache.poi.xssf.usermodel.XSSFRow.getCell(int)&quot; because the return value of &quot;org.apache.poi.xssf.usermodel.XSSFSheet.getRow(int)&quot; is null
	at com.nitara.utilities.ExcelUtils.readRowField(ExcelUtils.java:318)
	at com.nitara.PermissionManagement.UpdateUserDetails.updateUserDetails(UpdateUserDetails.java:26)
	at java.base/java.util.ArrayList.forEach(ArrayList.java:1511)
... Removed 27 stack frames</pre></div><a href='#' onClick='toggleBox("stack-trace1477964234", this, "Click to show all stack frames", "Click to hide stack frames")'>Click to show all stack frames</a>
<div class='stack-trace' id='stack-trace1477964234'><pre>java.lang.NullPointerException: Cannot invoke &quot;org.apache.poi.xssf.usermodel.XSSFRow.getCell(int)&quot; because the return value of &quot;org.apache.poi.xssf.usermodel.XSSFSheet.getRow(int)&quot; is null
	at com.nitara.utilities.ExcelUtils.readRowField(ExcelUtils.java:318)
	at com.nitara.PermissionManagement.UpdateUserDetails.updateUserDetails(UpdateUserDetails.java:26)
	at java.base/jdk.internal.reflect.NativeMethodAccessorImpl.invoke0(Native Method)
	at java.base/jdk.internal.reflect.NativeMethodAccessorImpl.invoke(NativeMethodAccessorImpl.java:64)
	at java.base/jdk.internal.reflect.DelegatingMethodAccessorImpl.invoke(DelegatingMethodAccessorImpl.java:43)
	at java.base/java.lang.reflect.Method.invoke(Method.java:564)
	at org.testng.internal.MethodInvocationHelper.invokeMethod(MethodInvocationHelper.java:133)
	at org.testng.internal.TestInvoker.invokeMethod(TestInvoker.java:598)
	at org.testng.internal.TestInvoker.invokeTestMethod(TestInvoker.java:173)
	at org.testng.internal.MethodRunner.runInSequence(MethodRunner.java:46)
	at org.testng.internal.TestInvoker$MethodInvocationAgent.invoke(TestInvoker.java:824)
	at org.testng.internal.TestInvoker.invokeTestMethods(TestInvoker.java:146)
	at org.testng.internal.TestMethodWorker.invokeTestMethods(TestMethodWorker.java:146)
	at org.testng.internal.TestMethodWorker.run(TestMethodWorker.java:128)
	at java.base/java.util.ArrayList.forEach(ArrayList.java:1511)
	at org.testng.TestRunner.privateRun(TestRunner.java:794)
	at org.testng.TestRunner.run(TestRunner.java:596)
	at org.testng.SuiteRunner.runTest(SuiteRunner.java:377)
	at org.testng.SuiteRunner.runSequentially(SuiteRunner.java:371)
	at org.testng.SuiteRunner.privateRun(SuiteRunner.java:332)
	at org.testng.SuiteRunner.run(SuiteRunner.java:276)
	at org.testng.SuiteRunnerWorker.runSuite(SuiteRunnerWorker.java:53)
	at org.testng.SuiteRunnerWorker.run(SuiteRunnerWorker.java:96)
	at org.testng.TestNG.runSuitesSequentially(TestNG.java:1212)
	at org.testng.TestNG.runSuitesLocally(TestNG.java:1134)
	at org.testng.TestNG.runSuites(TestNG.java:1063)
	at org.testng.TestNG.run(TestNG.java:1031)
	at org.testng.remote.AbstractRemoteTestNG.run(AbstractRemoteTestNG.java:115)
	at org.testng.remote.RemoteTestNG.initAndRun(RemoteTestNG.java:251)
	at org.testng.remote.RemoteTestNG.main(RemoteTestNG.java:77)
</pre></div></td>
<td>0</td>
<td>com.nitara.PermissionManagement.UpdateUserDetails@51972dc7</td></tr>
<tr>
<td title='com.nitara.KYCManagement.SubmitKYCDetails.submitKYCDetails()'><b>submitKYCDetails</b><br>Test class: com.nitara.KYCManagement.SubmitKYCDetails</td>
<td><div><pre>java.lang.NullPointerException: Cannot invoke &quot;org.apache.poi.xssf.usermodel.XSSFRow.getCell(int)&quot; because the return value of &quot;org.apache.poi.xssf.usermodel.XSSFSheet.getRow(int)&quot; is null
	at com.nitara.utilities.ExcelUtils.readRowField(ExcelUtils.java:318)
	at com.nitara.KYCManagement.SubmitKYCDetails.submitKYCDetails(SubmitKYCDetails.java:28)
	at java.base/java.util.ArrayList.forEach(ArrayList.java:1511)
... Removed 27 stack frames</pre></div><a href='#' onClick='toggleBox("stack-trace1097482869", this, "Click to show all stack frames", "Click to hide stack frames")'>Click to show all stack frames</a>
<div class='stack-trace' id='stack-trace1097482869'><pre>java.lang.NullPointerException: Cannot invoke &quot;org.apache.poi.xssf.usermodel.XSSFRow.getCell(int)&quot; because the return value of &quot;org.apache.poi.xssf.usermodel.XSSFSheet.getRow(int)&quot; is null
	at com.nitara.utilities.ExcelUtils.readRowField(ExcelUtils.java:318)
	at com.nitara.KYCManagement.SubmitKYCDetails.submitKYCDetails(SubmitKYCDetails.java:28)
	at java.base/jdk.internal.reflect.NativeMethodAccessorImpl.invoke0(Native Method)
	at java.base/jdk.internal.reflect.NativeMethodAccessorImpl.invoke(NativeMethodAccessorImpl.java:64)
	at java.base/jdk.internal.reflect.DelegatingMethodAccessorImpl.invoke(DelegatingMethodAccessorImpl.java:43)
	at java.base/java.lang.reflect.Method.invoke(Method.java:564)
	at org.testng.internal.MethodInvocationHelper.invokeMethod(MethodInvocationHelper.java:133)
	at org.testng.internal.TestInvoker.invokeMethod(TestInvoker.java:598)
	at org.testng.internal.TestInvoker.invokeTestMethod(TestInvoker.java:173)
	at org.testng.internal.MethodRunner.runInSequence(MethodRunner.java:46)
	at org.testng.internal.TestInvoker$MethodInvocationAgent.invoke(TestInvoker.java:824)
	at org.testng.internal.TestInvoker.invokeTestMethods(TestInvoker.java:146)
	at org.testng.internal.TestMethodWorker.invokeTestMethods(TestMethodWorker.java:146)
	at org.testng.internal.TestMethodWorker.run(TestMethodWorker.java:128)
	at java.base/java.util.ArrayList.forEach(ArrayList.java:1511)
	at org.testng.TestRunner.privateRun(TestRunner.java:794)
	at org.testng.TestRunner.run(TestRunner.java:596)
	at org.testng.SuiteRunner.runTest(SuiteRunner.java:377)
	at org.testng.SuiteRunner.runSequentially(SuiteRunner.java:371)
	at org.testng.SuiteRunner.privateRun(SuiteRunner.java:332)
	at org.testng.SuiteRunner.run(SuiteRunner.java:276)
	at org.testng.SuiteRunnerWorker.runSuite(SuiteRunnerWorker.java:53)
	at org.testng.SuiteRunnerWorker.run(SuiteRunnerWorker.java:96)
	at org.testng.TestNG.runSuitesSequentially(TestNG.java:1212)
	at org.testng.TestNG.runSuitesLocally(TestNG.java:1134)
	at org.testng.TestNG.runSuites(TestNG.java:1063)
	at org.testng.TestNG.run(TestNG.java:1031)
	at org.testng.remote.AbstractRemoteTestNG.run(AbstractRemoteTestNG.java:115)
	at org.testng.remote.RemoteTestNG.initAndRun(RemoteTestNG.java:251)
	at org.testng.remote.RemoteTestNG.main(RemoteTestNG.java:77)
</pre></div></td>
<td>0</td>
<td>com.nitara.KYCManagement.SubmitKYCDetails@4af0df05</td></tr>
<tr>
<td title='com.nitara.HousingManagement.GetFarmHousing.getFarmHousing()'><b>getFarmHousing</b><br>Test class: com.nitara.HousingManagement.GetFarmHousing</td>
<td><div><pre>java.lang.NullPointerException: Cannot invoke &quot;org.apache.poi.xssf.usermodel.XSSFRow.getCell(int)&quot; because the return value of &quot;org.apache.poi.xssf.usermodel.XSSFSheet.getRow(int)&quot; is null
	at com.nitara.utilities.ExcelUtils.readRowField(ExcelUtils.java:318)
	at com.nitara.HousingManagement.GetFarmHousing.getFarmHousing(GetFarmHousing.java:36)
	at java.base/java.util.ArrayList.forEach(ArrayList.java:1511)
... Removed 27 stack frames</pre></div><a href='#' onClick='toggleBox("stack-trace1242945013", this, "Click to show all stack frames", "Click to hide stack frames")'>Click to show all stack frames</a>
<div class='stack-trace' id='stack-trace1242945013'><pre>java.lang.NullPointerException: Cannot invoke &quot;org.apache.poi.xssf.usermodel.XSSFRow.getCell(int)&quot; because the return value of &quot;org.apache.poi.xssf.usermodel.XSSFSheet.getRow(int)&quot; is null
	at com.nitara.utilities.ExcelUtils.readRowField(ExcelUtils.java:318)
	at com.nitara.HousingManagement.GetFarmHousing.getFarmHousing(GetFarmHousing.java:36)
	at java.base/jdk.internal.reflect.NativeMethodAccessorImpl.invoke0(Native Method)
	at java.base/jdk.internal.reflect.NativeMethodAccessorImpl.invoke(NativeMethodAccessorImpl.java:64)
	at java.base/jdk.internal.reflect.DelegatingMethodAccessorImpl.invoke(DelegatingMethodAccessorImpl.java:43)
	at java.base/java.lang.reflect.Method.invoke(Method.java:564)
	at org.testng.internal.MethodInvocationHelper.invokeMethod(MethodInvocationHelper.java:133)
	at org.testng.internal.TestInvoker.invokeMethod(TestInvoker.java:598)
	at org.testng.internal.TestInvoker.invokeTestMethod(TestInvoker.java:173)
	at org.testng.internal.MethodRunner.runInSequence(MethodRunner.java:46)
	at org.testng.internal.TestInvoker$MethodInvocationAgent.invoke(TestInvoker.java:824)
	at org.testng.internal.TestInvoker.invokeTestMethods(TestInvoker.java:146)
	at org.testng.internal.TestMethodWorker.invokeTestMethods(TestMethodWorker.java:146)
	at org.testng.internal.TestMethodWorker.run(TestMethodWorker.java:128)
	at java.base/java.util.ArrayList.forEach(ArrayList.java:1511)
	at org.testng.TestRunner.privateRun(TestRunner.java:794)
	at org.testng.TestRunner.run(TestRunner.java:596)
	at org.testng.SuiteRunner.runTest(SuiteRunner.java:377)
	at org.testng.SuiteRunner.runSequentially(SuiteRunner.java:371)
	at org.testng.SuiteRunner.privateRun(SuiteRunner.java:332)
	at org.testng.SuiteRunner.run(SuiteRunner.java:276)
	at org.testng.SuiteRunnerWorker.runSuite(SuiteRunnerWorker.java:53)
	at org.testng.SuiteRunnerWorker.run(SuiteRunnerWorker.java:96)
	at org.testng.TestNG.runSuitesSequentially(TestNG.java:1212)
	at org.testng.TestNG.runSuitesLocally(TestNG.java:1134)
	at org.testng.TestNG.runSuites(TestNG.java:1063)
	at org.testng.TestNG.run(TestNG.java:1031)
	at org.testng.remote.AbstractRemoteTestNG.run(AbstractRemoteTestNG.java:115)
	at org.testng.remote.RemoteTestNG.initAndRun(RemoteTestNG.java:251)
	at org.testng.remote.RemoteTestNG.main(RemoteTestNG.java:77)
</pre></div></td>
<td>0</td>
<td>com.nitara.HousingManagement.GetFarmHousing@5a85c92</td></tr>
<tr>
<td title='com.nitara.CattleManagement.SearchMilkingCattle.SearchMilkingCattleDetails()'><b>SearchMilkingCattleDetails</b><br>Test class: com.nitara.CattleManagement.SearchMilkingCattle</td>
<td><div><pre>org.json.JSONException: JSONObject[&quot;farmId&quot;] not found.
	at org.json.JSONObject.get(JSONObject.java:572)
	at org.json.JSONObject.getString(JSONObject.java:859)
	at com.nitara.CattleManagement.SearchMilkingCattle.SearchMilkingCattleDetails(SearchMilkingCattle.java:33)
	at java.base/java.util.ArrayList.forEach(ArrayList.java:1511)
... Removed 27 stack frames</pre></div><a href='#' onClick='toggleBox("stack-trace1074852402", this, "Click to show all stack frames", "Click to hide stack frames")'>Click to show all stack frames</a>
<div class='stack-trace' id='stack-trace1074852402'><pre>org.json.JSONException: JSONObject[&quot;farmId&quot;] not found.
	at org.json.JSONObject.get(JSONObject.java:572)
	at org.json.JSONObject.getString(JSONObject.java:859)
	at com.nitara.CattleManagement.SearchMilkingCattle.SearchMilkingCattleDetails(SearchMilkingCattle.java:33)
	at java.base/jdk.internal.reflect.NativeMethodAccessorImpl.invoke0(Native Method)
	at java.base/jdk.internal.reflect.NativeMethodAccessorImpl.invoke(NativeMethodAccessorImpl.java:64)
	at java.base/jdk.internal.reflect.DelegatingMethodAccessorImpl.invoke(DelegatingMethodAccessorImpl.java:43)
	at java.base/java.lang.reflect.Method.invoke(Method.java:564)
	at org.testng.internal.MethodInvocationHelper.invokeMethod(MethodInvocationHelper.java:133)
	at org.testng.internal.TestInvoker.invokeMethod(TestInvoker.java:598)
	at org.testng.internal.TestInvoker.invokeTestMethod(TestInvoker.java:173)
	at org.testng.internal.MethodRunner.runInSequence(MethodRunner.java:46)
	at org.testng.internal.TestInvoker$MethodInvocationAgent.invoke(TestInvoker.java:824)
	at org.testng.internal.TestInvoker.invokeTestMethods(TestInvoker.java:146)
	at org.testng.internal.TestMethodWorker.invokeTestMethods(TestMethodWorker.java:146)
	at org.testng.internal.TestMethodWorker.run(TestMethodWorker.java:128)
	at java.base/java.util.ArrayList.forEach(ArrayList.java:1511)
	at org.testng.TestRunner.privateRun(TestRunner.java:794)
	at org.testng.TestRunner.run(TestRunner.java:596)
	at org.testng.SuiteRunner.runTest(SuiteRunner.java:377)
	at org.testng.SuiteRunner.runSequentially(SuiteRunner.java:371)
	at org.testng.SuiteRunner.privateRun(SuiteRunner.java:332)
	at org.testng.SuiteRunner.run(SuiteRunner.java:276)
	at org.testng.SuiteRunnerWorker.runSuite(SuiteRunnerWorker.java:53)
	at org.testng.SuiteRunnerWorker.run(SuiteRunnerWorker.java:96)
	at org.testng.TestNG.runSuitesSequentially(TestNG.java:1212)
	at org.testng.TestNG.runSuitesLocally(TestNG.java:1134)
	at org.testng.TestNG.runSuites(TestNG.java:1063)
	at org.testng.TestNG.run(TestNG.java:1031)
	at org.testng.remote.AbstractRemoteTestNG.run(AbstractRemoteTestNG.java:115)
	at org.testng.remote.RemoteTestNG.initAndRun(RemoteTestNG.java:251)
	at org.testng.remote.RemoteTestNG.main(RemoteTestNG.java:77)
</pre></div></td>
<td>0</td>
<td>com.nitara.CattleManagement.SearchMilkingCattle@5733f295</td></tr>
<tr>
<td title='com.nitara.HousingManagement.AddUserDefinedShed.addUserDefinedShed()'><b>addUserDefinedShed</b><br>Test class: com.nitara.HousingManagement.AddUserDefinedShed</td>
<td><div><pre>java.lang.NullPointerException: Cannot invoke &quot;org.apache.poi.xssf.usermodel.XSSFCell.getCellType()&quot; because the return value of &quot;org.apache.poi.xssf.usermodel.XSSFRow.getCell(int)&quot; is null
	at com.nitara.utilities.ExcelUtils.readRowField(ExcelUtils.java:319)
	at com.nitara.HousingManagement.AddUserDefinedShed.addUserDefinedShed(AddUserDefinedShed.java:31)
	at java.base/java.util.ArrayList.forEach(ArrayList.java:1511)
... Removed 27 stack frames</pre></div><a href='#' onClick='toggleBox("stack-trace1752894940", this, "Click to show all stack frames", "Click to hide stack frames")'>Click to show all stack frames</a>
<div class='stack-trace' id='stack-trace1752894940'><pre>java.lang.NullPointerException: Cannot invoke &quot;org.apache.poi.xssf.usermodel.XSSFCell.getCellType()&quot; because the return value of &quot;org.apache.poi.xssf.usermodel.XSSFRow.getCell(int)&quot; is null
	at com.nitara.utilities.ExcelUtils.readRowField(ExcelUtils.java:319)
	at com.nitara.HousingManagement.AddUserDefinedShed.addUserDefinedShed(AddUserDefinedShed.java:31)
	at java.base/jdk.internal.reflect.NativeMethodAccessorImpl.invoke0(Native Method)
	at java.base/jdk.internal.reflect.NativeMethodAccessorImpl.invoke(NativeMethodAccessorImpl.java:64)
	at java.base/jdk.internal.reflect.DelegatingMethodAccessorImpl.invoke(DelegatingMethodAccessorImpl.java:43)
	at java.base/java.lang.reflect.Method.invoke(Method.java:564)
	at org.testng.internal.MethodInvocationHelper.invokeMethod(MethodInvocationHelper.java:133)
	at org.testng.internal.TestInvoker.invokeMethod(TestInvoker.java:598)
	at org.testng.internal.TestInvoker.invokeTestMethod(TestInvoker.java:173)
	at org.testng.internal.MethodRunner.runInSequence(MethodRunner.java:46)
	at org.testng.internal.TestInvoker$MethodInvocationAgent.invoke(TestInvoker.java:824)
	at org.testng.internal.TestInvoker.invokeTestMethods(TestInvoker.java:146)
	at org.testng.internal.TestMethodWorker.invokeTestMethods(TestMethodWorker.java:146)
	at org.testng.internal.TestMethodWorker.run(TestMethodWorker.java:128)
	at java.base/java.util.ArrayList.forEach(ArrayList.java:1511)
	at org.testng.TestRunner.privateRun(TestRunner.java:794)
	at org.testng.TestRunner.run(TestRunner.java:596)
	at org.testng.SuiteRunner.runTest(SuiteRunner.java:377)
	at org.testng.SuiteRunner.runSequentially(SuiteRunner.java:371)
	at org.testng.SuiteRunner.privateRun(SuiteRunner.java:332)
	at org.testng.SuiteRunner.run(SuiteRunner.java:276)
	at org.testng.SuiteRunnerWorker.runSuite(SuiteRunnerWorker.java:53)
	at org.testng.SuiteRunnerWorker.run(SuiteRunnerWorker.java:96)
	at org.testng.TestNG.runSuitesSequentially(TestNG.java:1212)
	at org.testng.TestNG.runSuitesLocally(TestNG.java:1134)
	at org.testng.TestNG.runSuites(TestNG.java:1063)
	at org.testng.TestNG.run(TestNG.java:1031)
	at org.testng.remote.AbstractRemoteTestNG.run(AbstractRemoteTestNG.java:115)
	at org.testng.remote.RemoteTestNG.initAndRun(RemoteTestNG.java:251)
	at org.testng.remote.RemoteTestNG.main(RemoteTestNG.java:77)
</pre></div></td>
<td>0</td>
<td>com.nitara.HousingManagement.AddUserDefinedShed@3e821657</td></tr>
<tr>
<td title='com.nitara.FarmManagement.DeleteExpense.deleteExpense()'><b>deleteExpense</b><br>Test class: com.nitara.FarmManagement.DeleteExpense</td>
<td><div><pre>java.lang.NullPointerException: Cannot invoke &quot;org.apache.poi.xssf.usermodel.XSSFCell.getCellType()&quot; because the return value of &quot;org.apache.poi.xssf.usermodel.XSSFRow.getCell(int)&quot; is null
	at com.nitara.utilities.ExcelUtils.readRowField(ExcelUtils.java:319)
	at com.nitara.FarmManagement.DeleteExpense.deleteExpense(DeleteExpense.java:27)
	at java.base/java.util.ArrayList.forEach(ArrayList.java:1511)
... Removed 27 stack frames</pre></div><a href='#' onClick='toggleBox("stack-trace1911467273", this, "Click to show all stack frames", "Click to hide stack frames")'>Click to show all stack frames</a>
<div class='stack-trace' id='stack-trace1911467273'><pre>java.lang.NullPointerException: Cannot invoke &quot;org.apache.poi.xssf.usermodel.XSSFCell.getCellType()&quot; because the return value of &quot;org.apache.poi.xssf.usermodel.XSSFRow.getCell(int)&quot; is null
	at com.nitara.utilities.ExcelUtils.readRowField(ExcelUtils.java:319)
	at com.nitara.FarmManagement.DeleteExpense.deleteExpense(DeleteExpense.java:27)
	at java.base/jdk.internal.reflect.NativeMethodAccessorImpl.invoke0(Native Method)
	at java.base/jdk.internal.reflect.NativeMethodAccessorImpl.invoke(NativeMethodAccessorImpl.java:64)
	at java.base/jdk.internal.reflect.DelegatingMethodAccessorImpl.invoke(DelegatingMethodAccessorImpl.java:43)
	at java.base/java.lang.reflect.Method.invoke(Method.java:564)
	at org.testng.internal.MethodInvocationHelper.invokeMethod(MethodInvocationHelper.java:133)
	at org.testng.internal.TestInvoker.invokeMethod(TestInvoker.java:598)
	at org.testng.internal.TestInvoker.invokeTestMethod(TestInvoker.java:173)
	at org.testng.internal.MethodRunner.runInSequence(MethodRunner.java:46)
	at org.testng.internal.TestInvoker$MethodInvocationAgent.invoke(TestInvoker.java:824)
	at org.testng.internal.TestInvoker.invokeTestMethods(TestInvoker.java:146)
	at org.testng.internal.TestMethodWorker.invokeTestMethods(TestMethodWorker.java:146)
	at org.testng.internal.TestMethodWorker.run(TestMethodWorker.java:128)
	at java.base/java.util.ArrayList.forEach(ArrayList.java:1511)
	at org.testng.TestRunner.privateRun(TestRunner.java:794)
	at org.testng.TestRunner.run(TestRunner.java:596)
	at org.testng.SuiteRunner.runTest(SuiteRunner.java:377)
	at org.testng.SuiteRunner.runSequentially(SuiteRunner.java:371)
	at org.testng.SuiteRunner.privateRun(SuiteRunner.java:332)
	at org.testng.SuiteRunner.run(SuiteRunner.java:276)
	at org.testng.SuiteRunnerWorker.runSuite(SuiteRunnerWorker.java:53)
	at org.testng.SuiteRunnerWorker.run(SuiteRunnerWorker.java:96)
	at org.testng.TestNG.runSuitesSequentially(TestNG.java:1212)
	at org.testng.TestNG.runSuitesLocally(TestNG.java:1134)
	at org.testng.TestNG.runSuites(TestNG.java:1063)
	at org.testng.TestNG.run(TestNG.java:1031)
	at org.testng.remote.AbstractRemoteTestNG.run(AbstractRemoteTestNG.java:115)
	at org.testng.remote.RemoteTestNG.initAndRun(RemoteTestNG.java:251)
	at org.testng.remote.RemoteTestNG.main(RemoteTestNG.java:77)
</pre></div></td>
<td>0</td>
<td>com.nitara.FarmManagement.DeleteExpense@4bd1f8dd</td></tr>
<tr>
<td title='com.nitara.CattleRegistration.RegisterBullCattle.registerBullCattle()'><b>registerBullCattle</b><br>Test class: com.nitara.CattleRegistration.RegisterBullCattle</td>
<td><div><pre>java.lang.AssertionError: expected [400] but found [200]
	at com.nitara.CattleRegistration.RegisterBullCattle.registerBullCattle(RegisterBullCattle.java:69)
	at java.base/java.util.ArrayList.forEach(ArrayList.java:1511)
... Removed 33 stack frames</pre></div><a href='#' onClick='toggleBox("stack-trace630910066", this, "Click to show all stack frames", "Click to hide stack frames")'>Click to show all stack frames</a>
<div class='stack-trace' id='stack-trace630910066'><pre>java.lang.AssertionError: expected [400] but found [200]
	at org.testng.Assert.fail(Assert.java:99)
	at org.testng.Assert.failNotEquals(Assert.java:1037)
	at org.testng.Assert.assertEqualsImpl(Assert.java:140)
	at org.testng.Assert.assertEquals(Assert.java:122)
	at org.testng.Assert.assertEquals(Assert.java:907)
	at org.testng.Assert.assertEquals(Assert.java:917)
	at com.nitara.CattleRegistration.RegisterBullCattle.registerBullCattle(RegisterBullCattle.java:69)
	at java.base/jdk.internal.reflect.NativeMethodAccessorImpl.invoke0(Native Method)
	at java.base/jdk.internal.reflect.NativeMethodAccessorImpl.invoke(NativeMethodAccessorImpl.java:64)
	at java.base/jdk.internal.reflect.DelegatingMethodAccessorImpl.invoke(DelegatingMethodAccessorImpl.java:43)
	at java.base/java.lang.reflect.Method.invoke(Method.java:564)
	at org.testng.internal.MethodInvocationHelper.invokeMethod(MethodInvocationHelper.java:133)
	at org.testng.internal.TestInvoker.invokeMethod(TestInvoker.java:598)
	at org.testng.internal.TestInvoker.invokeTestMethod(TestInvoker.java:173)
	at org.testng.internal.MethodRunner.runInSequence(MethodRunner.java:46)
	at org.testng.internal.TestInvoker$MethodInvocationAgent.invoke(TestInvoker.java:824)
	at org.testng.internal.TestInvoker.invokeTestMethods(TestInvoker.java:146)
	at org.testng.internal.TestMethodWorker.invokeTestMethods(TestMethodWorker.java:146)
	at org.testng.internal.TestMethodWorker.run(TestMethodWorker.java:128)
	at java.base/java.util.ArrayList.forEach(ArrayList.java:1511)
	at org.testng.TestRunner.privateRun(TestRunner.java:794)
	at org.testng.TestRunner.run(TestRunner.java:596)
	at org.testng.SuiteRunner.runTest(SuiteRunner.java:377)
	at org.testng.SuiteRunner.runSequentially(SuiteRunner.java:371)
	at org.testng.SuiteRunner.privateRun(SuiteRunner.java:332)
	at org.testng.SuiteRunner.run(SuiteRunner.java:276)
	at org.testng.SuiteRunnerWorker.runSuite(SuiteRunnerWorker.java:53)
	at org.testng.SuiteRunnerWorker.run(SuiteRunnerWorker.java:96)
	at org.testng.TestNG.runSuitesSequentially(TestNG.java:1212)
	at org.testng.TestNG.runSuitesLocally(TestNG.java:1134)
	at org.testng.TestNG.runSuites(TestNG.java:1063)
	at org.testng.TestNG.run(TestNG.java:1031)
	at org.testng.remote.AbstractRemoteTestNG.run(AbstractRemoteTestNG.java:115)
	at org.testng.remote.RemoteTestNG.initAndRun(RemoteTestNG.java:251)
	at org.testng.remote.RemoteTestNG.main(RemoteTestNG.java:77)
</pre></div></td>
<td>1</td>
<td>com.nitara.CattleRegistration.RegisterBullCattle@35e5d0e5</td></tr>
<tr>
<td title='com.nitara.CattleRegistration.RegisterCalfCattle.registerCalfCattle()'><b>registerCalfCattle</b><br>Test class: com.nitara.CattleRegistration.RegisterCalfCattle</td>
<td><div><pre>java.lang.AssertionError: expected [400] but found [200]
	at com.nitara.CattleRegistration.RegisterCalfCattle.registerCalfCattle(RegisterCalfCattle.java:67)
	at java.base/java.util.ArrayList.forEach(ArrayList.java:1511)
... Removed 33 stack frames</pre></div><a href='#' onClick='toggleBox("stack-trace677696333", this, "Click to show all stack frames", "Click to hide stack frames")'>Click to show all stack frames</a>
<div class='stack-trace' id='stack-trace677696333'><pre>java.lang.AssertionError: expected [400] but found [200]
	at org.testng.Assert.fail(Assert.java:99)
	at org.testng.Assert.failNotEquals(Assert.java:1037)
	at org.testng.Assert.assertEqualsImpl(Assert.java:140)
	at org.testng.Assert.assertEquals(Assert.java:122)
	at org.testng.Assert.assertEquals(Assert.java:907)
	at org.testng.Assert.assertEquals(Assert.java:917)
	at com.nitara.CattleRegistration.RegisterCalfCattle.registerCalfCattle(RegisterCalfCattle.java:67)
	at java.base/jdk.internal.reflect.NativeMethodAccessorImpl.invoke0(Native Method)
	at java.base/jdk.internal.reflect.NativeMethodAccessorImpl.invoke(NativeMethodAccessorImpl.java:64)
	at java.base/jdk.internal.reflect.DelegatingMethodAccessorImpl.invoke(DelegatingMethodAccessorImpl.java:43)
	at java.base/java.lang.reflect.Method.invoke(Method.java:564)
	at org.testng.internal.MethodInvocationHelper.invokeMethod(MethodInvocationHelper.java:133)
	at org.testng.internal.TestInvoker.invokeMethod(TestInvoker.java:598)
	at org.testng.internal.TestInvoker.invokeTestMethod(TestInvoker.java:173)
	at org.testng.internal.MethodRunner.runInSequence(MethodRunner.java:46)
	at org.testng.internal.TestInvoker$MethodInvocationAgent.invoke(TestInvoker.java:824)
	at org.testng.internal.TestInvoker.invokeTestMethods(TestInvoker.java:146)
	at org.testng.internal.TestMethodWorker.invokeTestMethods(TestMethodWorker.java:146)
	at org.testng.internal.TestMethodWorker.run(TestMethodWorker.java:128)
	at java.base/java.util.ArrayList.forEach(ArrayList.java:1511)
	at org.testng.TestRunner.privateRun(TestRunner.java:794)
	at org.testng.TestRunner.run(TestRunner.java:596)
	at org.testng.SuiteRunner.runTest(SuiteRunner.java:377)
	at org.testng.SuiteRunner.runSequentially(SuiteRunner.java:371)
	at org.testng.SuiteRunner.privateRun(SuiteRunner.java:332)
	at org.testng.SuiteRunner.run(SuiteRunner.java:276)
	at org.testng.SuiteRunnerWorker.runSuite(SuiteRunnerWorker.java:53)
	at org.testng.SuiteRunnerWorker.run(SuiteRunnerWorker.java:96)
	at org.testng.TestNG.runSuitesSequentially(TestNG.java:1212)
	at org.testng.TestNG.runSuitesLocally(TestNG.java:1134)
	at org.testng.TestNG.runSuites(TestNG.java:1063)
	at org.testng.TestNG.run(TestNG.java:1031)
	at org.testng.remote.AbstractRemoteTestNG.run(AbstractRemoteTestNG.java:115)
	at org.testng.remote.RemoteTestNG.initAndRun(RemoteTestNG.java:251)
	at org.testng.remote.RemoteTestNG.main(RemoteTestNG.java:77)
</pre></div></td>
<td>3</td>
<td>com.nitara.CattleRegistration.RegisterCalfCattle@77a7cf58</td></tr>
<tr>
<td title='com.nitara.VaccinationManagement.AddVaccination.addVaccination()'><b>addVaccination</b><br>Test class: com.nitara.VaccinationManagement.AddVaccination</td>
<td><div><pre>org.json.JSONException: JSONObject[&quot;VaccinationDateTime&quot;] not found.
	at org.json.JSONObject.get(JSONObject.java:572)
	at org.json.JSONObject.getString(JSONObject.java:859)
	at com.nitara.VaccinationManagement.AddVaccination.addVaccination(AddVaccination.java:74)
	at java.base/java.util.ArrayList.forEach(ArrayList.java:1511)
... Removed 27 stack frames</pre></div><a href='#' onClick='toggleBox("stack-trace614565258", this, "Click to show all stack frames", "Click to hide stack frames")'>Click to show all stack frames</a>
<div class='stack-trace' id='stack-trace614565258'><pre>org.json.JSONException: JSONObject[&quot;VaccinationDateTime&quot;] not found.
	at org.json.JSONObject.get(JSONObject.java:572)
	at org.json.JSONObject.getString(JSONObject.java:859)
	at com.nitara.VaccinationManagement.AddVaccination.addVaccination(AddVaccination.java:74)
	at java.base/jdk.internal.reflect.NativeMethodAccessorImpl.invoke0(Native Method)
	at java.base/jdk.internal.reflect.NativeMethodAccessorImpl.invoke(NativeMethodAccessorImpl.java:64)
	at java.base/jdk.internal.reflect.DelegatingMethodAccessorImpl.invoke(DelegatingMethodAccessorImpl.java:43)
	at java.base/java.lang.reflect.Method.invoke(Method.java:564)
	at org.testng.internal.MethodInvocationHelper.invokeMethod(MethodInvocationHelper.java:133)
	at org.testng.internal.TestInvoker.invokeMethod(TestInvoker.java:598)
	at org.testng.internal.TestInvoker.invokeTestMethod(TestInvoker.java:173)
	at org.testng.internal.MethodRunner.runInSequence(MethodRunner.java:46)
	at org.testng.internal.TestInvoker$MethodInvocationAgent.invoke(TestInvoker.java:824)
	at org.testng.internal.TestInvoker.invokeTestMethods(TestInvoker.java:146)
	at org.testng.internal.TestMethodWorker.invokeTestMethods(TestMethodWorker.java:146)
	at org.testng.internal.TestMethodWorker.run(TestMethodWorker.java:128)
	at java.base/java.util.ArrayList.forEach(ArrayList.java:1511)
	at org.testng.TestRunner.privateRun(TestRunner.java:794)
	at org.testng.TestRunner.run(TestRunner.java:596)
	at org.testng.SuiteRunner.runTest(SuiteRunner.java:377)
	at org.testng.SuiteRunner.runSequentially(SuiteRunner.java:371)
	at org.testng.SuiteRunner.privateRun(SuiteRunner.java:332)
	at org.testng.SuiteRunner.run(SuiteRunner.java:276)
	at org.testng.SuiteRunnerWorker.runSuite(SuiteRunnerWorker.java:53)
	at org.testng.SuiteRunnerWorker.run(SuiteRunnerWorker.java:96)
	at org.testng.TestNG.runSuitesSequentially(TestNG.java:1212)
	at org.testng.TestNG.runSuitesLocally(TestNG.java:1134)
	at org.testng.TestNG.runSuites(TestNG.java:1063)
	at org.testng.TestNG.run(TestNG.java:1031)
	at org.testng.remote.AbstractRemoteTestNG.run(AbstractRemoteTestNG.java:115)
	at org.testng.remote.RemoteTestNG.initAndRun(RemoteTestNG.java:251)
	at org.testng.remote.RemoteTestNG.main(RemoteTestNG.java:77)
</pre></div></td>
<td>1</td>
<td>com.nitara.VaccinationManagement.AddVaccination@dfddc9a</td></tr>
<tr>
<td title='com.nitara.UserLogin.UserLoginNew.userLoginwithValidData()'><b>userLoginwithValidData</b><br>Test class: com.nitara.UserLogin.UserLoginNew</td>
<td><div><pre>java.lang.NullPointerException: Cannot invoke &quot;org.apache.poi.xssf.usermodel.XSSFRow.getCell(int)&quot; because the return value of &quot;org.apache.poi.xssf.usermodel.XSSFSheet.getRow(int)&quot; is null
	at com.nitara.utilities.ExcelUtils.readRowField(ExcelUtils.java:318)
	at com.nitara.UserLogin.UserLoginNew.userLoginwithValidData(UserLoginNew.java:42)
	at java.base/java.util.ArrayList.forEach(ArrayList.java:1511)
... Removed 27 stack frames</pre></div><a href='#' onClick='toggleBox("stack-trace1390178738", this, "Click to show all stack frames", "Click to hide stack frames")'>Click to show all stack frames</a>
<div class='stack-trace' id='stack-trace1390178738'><pre>java.lang.NullPointerException: Cannot invoke &quot;org.apache.poi.xssf.usermodel.XSSFRow.getCell(int)&quot; because the return value of &quot;org.apache.poi.xssf.usermodel.XSSFSheet.getRow(int)&quot; is null
	at com.nitara.utilities.ExcelUtils.readRowField(ExcelUtils.java:318)
	at com.nitara.UserLogin.UserLoginNew.userLoginwithValidData(UserLoginNew.java:42)
	at java.base/jdk.internal.reflect.NativeMethodAccessorImpl.invoke0(Native Method)
	at java.base/jdk.internal.reflect.NativeMethodAccessorImpl.invoke(NativeMethodAccessorImpl.java:64)
	at java.base/jdk.internal.reflect.DelegatingMethodAccessorImpl.invoke(DelegatingMethodAccessorImpl.java:43)
	at java.base/java.lang.reflect.Method.invoke(Method.java:564)
	at org.testng.internal.MethodInvocationHelper.invokeMethod(MethodInvocationHelper.java:133)
	at org.testng.internal.TestInvoker.invokeMethod(TestInvoker.java:598)
	at org.testng.internal.TestInvoker.invokeTestMethod(TestInvoker.java:173)
	at org.testng.internal.MethodRunner.runInSequence(MethodRunner.java:46)
	at org.testng.internal.TestInvoker$MethodInvocationAgent.invoke(TestInvoker.java:824)
	at org.testng.internal.TestInvoker.invokeTestMethods(TestInvoker.java:146)
	at org.testng.internal.TestMethodWorker.invokeTestMethods(TestMethodWorker.java:146)
	at org.testng.internal.TestMethodWorker.run(TestMethodWorker.java:128)
	at java.base/java.util.ArrayList.forEach(ArrayList.java:1511)
	at org.testng.TestRunner.privateRun(TestRunner.java:794)
	at org.testng.TestRunner.run(TestRunner.java:596)
	at org.testng.SuiteRunner.runTest(SuiteRunner.java:377)
	at org.testng.SuiteRunner.runSequentially(SuiteRunner.java:371)
	at org.testng.SuiteRunner.privateRun(SuiteRunner.java:332)
	at org.testng.SuiteRunner.run(SuiteRunner.java:276)
	at org.testng.SuiteRunnerWorker.runSuite(SuiteRunnerWorker.java:53)
	at org.testng.SuiteRunnerWorker.run(SuiteRunnerWorker.java:96)
	at org.testng.TestNG.runSuitesSequentially(TestNG.java:1212)
	at org.testng.TestNG.runSuitesLocally(TestNG.java:1134)
	at org.testng.TestNG.runSuites(TestNG.java:1063)
	at org.testng.TestNG.run(TestNG.java:1031)
	at org.testng.remote.AbstractRemoteTestNG.run(AbstractRemoteTestNG.java:115)
	at org.testng.remote.RemoteTestNG.initAndRun(RemoteTestNG.java:251)
	at org.testng.remote.RemoteTestNG.main(RemoteTestNG.java:77)
</pre></div></td>
<td>0</td>
<td>{}</td></tr>
<tr>
<td title='com.nitara.FarmManagement.AddRevenue.addRevenue()'><b>addRevenue</b><br>Test class: com.nitara.FarmManagement.AddRevenue</td>
<td><div><pre>java.lang.NullPointerException: Cannot invoke &quot;org.apache.poi.xssf.usermodel.XSSFCell.getCellType()&quot; because the return value of &quot;org.apache.poi.xssf.usermodel.XSSFRow.getCell(int)&quot; is null
	at com.nitara.utilities.ExcelUtils.readRowField(ExcelUtils.java:319)
	at com.nitara.FarmManagement.AddRevenue.addRevenue(AddRevenue.java:32)
	at java.base/java.util.ArrayList.forEach(ArrayList.java:1511)
... Removed 27 stack frames</pre></div><a href='#' onClick='toggleBox("stack-trace602680284", this, "Click to show all stack frames", "Click to hide stack frames")'>Click to show all stack frames</a>
<div class='stack-trace' id='stack-trace602680284'><pre>java.lang.NullPointerException: Cannot invoke &quot;org.apache.poi.xssf.usermodel.XSSFCell.getCellType()&quot; because the return value of &quot;org.apache.poi.xssf.usermodel.XSSFRow.getCell(int)&quot; is null
	at com.nitara.utilities.ExcelUtils.readRowField(ExcelUtils.java:319)
	at com.nitara.FarmManagement.AddRevenue.addRevenue(AddRevenue.java:32)
	at java.base/jdk.internal.reflect.NativeMethodAccessorImpl.invoke0(Native Method)
	at java.base/jdk.internal.reflect.NativeMethodAccessorImpl.invoke(NativeMethodAccessorImpl.java:64)
	at java.base/jdk.internal.reflect.DelegatingMethodAccessorImpl.invoke(DelegatingMethodAccessorImpl.java:43)
	at java.base/java.lang.reflect.Method.invoke(Method.java:564)
	at org.testng.internal.MethodInvocationHelper.invokeMethod(MethodInvocationHelper.java:133)
	at org.testng.internal.TestInvoker.invokeMethod(TestInvoker.java:598)
	at org.testng.internal.TestInvoker.invokeTestMethod(TestInvoker.java:173)
	at org.testng.internal.MethodRunner.runInSequence(MethodRunner.java:46)
	at org.testng.internal.TestInvoker$MethodInvocationAgent.invoke(TestInvoker.java:824)
	at org.testng.internal.TestInvoker.invokeTestMethods(TestInvoker.java:146)
	at org.testng.internal.TestMethodWorker.invokeTestMethods(TestMethodWorker.java:146)
	at org.testng.internal.TestMethodWorker.run(TestMethodWorker.java:128)
	at java.base/java.util.ArrayList.forEach(ArrayList.java:1511)
	at org.testng.TestRunner.privateRun(TestRunner.java:794)
	at org.testng.TestRunner.run(TestRunner.java:596)
	at org.testng.SuiteRunner.runTest(SuiteRunner.java:377)
	at org.testng.SuiteRunner.runSequentially(SuiteRunner.java:371)
	at org.testng.SuiteRunner.privateRun(SuiteRunner.java:332)
	at org.testng.SuiteRunner.run(SuiteRunner.java:276)
	at org.testng.SuiteRunnerWorker.runSuite(SuiteRunnerWorker.java:53)
	at org.testng.SuiteRunnerWorker.run(SuiteRunnerWorker.java:96)
	at org.testng.TestNG.runSuitesSequentially(TestNG.java:1212)
	at org.testng.TestNG.runSuitesLocally(TestNG.java:1134)
	at org.testng.TestNG.runSuites(TestNG.java:1063)
	at org.testng.TestNG.run(TestNG.java:1031)
	at org.testng.remote.AbstractRemoteTestNG.run(AbstractRemoteTestNG.java:115)
	at org.testng.remote.RemoteTestNG.initAndRun(RemoteTestNG.java:251)
	at org.testng.remote.RemoteTestNG.main(RemoteTestNG.java:77)
</pre></div></td>
<td>0</td>
<td>com.nitara.FarmManagement.AddRevenue@ebb6851</td></tr>
<tr>
<td title='com.nitara.FarmManagement.DeleteRevenue.deleteRevenue()'><b>deleteRevenue</b><br>Test class: com.nitara.FarmManagement.DeleteRevenue</td>
<td><div><pre>java.lang.NullPointerException: Cannot invoke &quot;org.apache.poi.xssf.usermodel.XSSFCell.getCellType()&quot; because the return value of &quot;org.apache.poi.xssf.usermodel.XSSFRow.getCell(int)&quot; is null
	at com.nitara.utilities.ExcelUtils.readRowField(ExcelUtils.java:319)
	at com.nitara.FarmManagement.DeleteRevenue.deleteRevenue(DeleteRevenue.java:27)
	at java.base/java.util.ArrayList.forEach(ArrayList.java:1511)
... Removed 27 stack frames</pre></div><a href='#' onClick='toggleBox("stack-trace1613658782", this, "Click to show all stack frames", "Click to hide stack frames")'>Click to show all stack frames</a>
<div class='stack-trace' id='stack-trace1613658782'><pre>java.lang.NullPointerException: Cannot invoke &quot;org.apache.poi.xssf.usermodel.XSSFCell.getCellType()&quot; because the return value of &quot;org.apache.poi.xssf.usermodel.XSSFRow.getCell(int)&quot; is null
	at com.nitara.utilities.ExcelUtils.readRowField(ExcelUtils.java:319)
	at com.nitara.FarmManagement.DeleteRevenue.deleteRevenue(DeleteRevenue.java:27)
	at java.base/jdk.internal.reflect.NativeMethodAccessorImpl.invoke0(Native Method)
	at java.base/jdk.internal.reflect.NativeMethodAccessorImpl.invoke(NativeMethodAccessorImpl.java:64)
	at java.base/jdk.internal.reflect.DelegatingMethodAccessorImpl.invoke(DelegatingMethodAccessorImpl.java:43)
	at java.base/java.lang.reflect.Method.invoke(Method.java:564)
	at org.testng.internal.MethodInvocationHelper.invokeMethod(MethodInvocationHelper.java:133)
	at org.testng.internal.TestInvoker.invokeMethod(TestInvoker.java:598)
	at org.testng.internal.TestInvoker.invokeTestMethod(TestInvoker.java:173)
	at org.testng.internal.MethodRunner.runInSequence(MethodRunner.java:46)
	at org.testng.internal.TestInvoker$MethodInvocationAgent.invoke(TestInvoker.java:824)
	at org.testng.internal.TestInvoker.invokeTestMethods(TestInvoker.java:146)
	at org.testng.internal.TestMethodWorker.invokeTestMethods(TestMethodWorker.java:146)
	at org.testng.internal.TestMethodWorker.run(TestMethodWorker.java:128)
	at java.base/java.util.ArrayList.forEach(ArrayList.java:1511)
	at org.testng.TestRunner.privateRun(TestRunner.java:794)
	at org.testng.TestRunner.run(TestRunner.java:596)
	at org.testng.SuiteRunner.runTest(SuiteRunner.java:377)
	at org.testng.SuiteRunner.runSequentially(SuiteRunner.java:371)
	at org.testng.SuiteRunner.privateRun(SuiteRunner.java:332)
	at org.testng.SuiteRunner.run(SuiteRunner.java:276)
	at org.testng.SuiteRunnerWorker.runSuite(SuiteRunnerWorker.java:53)
	at org.testng.SuiteRunnerWorker.run(SuiteRunnerWorker.java:96)
	at org.testng.TestNG.runSuitesSequentially(TestNG.java:1212)
	at org.testng.TestNG.runSuitesLocally(TestNG.java:1134)
	at org.testng.TestNG.runSuites(TestNG.java:1063)
	at org.testng.TestNG.run(TestNG.java:1031)
	at org.testng.remote.AbstractRemoteTestNG.run(AbstractRemoteTestNG.java:115)
	at org.testng.remote.RemoteTestNG.initAndRun(RemoteTestNG.java:251)
	at org.testng.remote.RemoteTestNG.main(RemoteTestNG.java:77)
</pre></div></td>
<td>0</td>
<td>com.nitara.FarmManagement.DeleteRevenue@4b7e96a</td></tr>
<tr>
<td title='com.nitara.FarmManagement.UpdateExpenses.updateExpense()'><b>updateExpense</b><br>Test class: com.nitara.FarmManagement.UpdateExpenses</td>
<td><div><pre>java.lang.NullPointerException: Cannot invoke &quot;org.apache.poi.xssf.usermodel.XSSFCell.getCellType()&quot; because the return value of &quot;org.apache.poi.xssf.usermodel.XSSFRow.getCell(int)&quot; is null
	at com.nitara.utilities.ExcelUtils.readRowField(ExcelUtils.java:319)
	at com.nitara.FarmManagement.UpdateExpenses.updateExpense(UpdateExpenses.java:31)
	at java.base/java.util.ArrayList.forEach(ArrayList.java:1511)
... Removed 27 stack frames</pre></div><a href='#' onClick='toggleBox("stack-trace1420395352", this, "Click to show all stack frames", "Click to hide stack frames")'>Click to show all stack frames</a>
<div class='stack-trace' id='stack-trace1420395352'><pre>java.lang.NullPointerException: Cannot invoke &quot;org.apache.poi.xssf.usermodel.XSSFCell.getCellType()&quot; because the return value of &quot;org.apache.poi.xssf.usermodel.XSSFRow.getCell(int)&quot; is null
	at com.nitara.utilities.ExcelUtils.readRowField(ExcelUtils.java:319)
	at com.nitara.FarmManagement.UpdateExpenses.updateExpense(UpdateExpenses.java:31)
	at java.base/jdk.internal.reflect.NativeMethodAccessorImpl.invoke0(Native Method)
	at java.base/jdk.internal.reflect.NativeMethodAccessorImpl.invoke(NativeMethodAccessorImpl.java:64)
	at java.base/jdk.internal.reflect.DelegatingMethodAccessorImpl.invoke(DelegatingMethodAccessorImpl.java:43)
	at java.base/java.lang.reflect.Method.invoke(Method.java:564)
	at org.testng.internal.MethodInvocationHelper.invokeMethod(MethodInvocationHelper.java:133)
	at org.testng.internal.TestInvoker.invokeMethod(TestInvoker.java:598)
	at org.testng.internal.TestInvoker.invokeTestMethod(TestInvoker.java:173)
	at org.testng.internal.MethodRunner.runInSequence(MethodRunner.java:46)
	at org.testng.internal.TestInvoker$MethodInvocationAgent.invoke(TestInvoker.java:824)
	at org.testng.internal.TestInvoker.invokeTestMethods(TestInvoker.java:146)
	at org.testng.internal.TestMethodWorker.invokeTestMethods(TestMethodWorker.java:146)
	at org.testng.internal.TestMethodWorker.run(TestMethodWorker.java:128)
	at java.base/java.util.ArrayList.forEach(ArrayList.java:1511)
	at org.testng.TestRunner.privateRun(TestRunner.java:794)
	at org.testng.TestRunner.run(TestRunner.java:596)
	at org.testng.SuiteRunner.runTest(SuiteRunner.java:377)
	at org.testng.SuiteRunner.runSequentially(SuiteRunner.java:371)
	at org.testng.SuiteRunner.privateRun(SuiteRunner.java:332)
	at org.testng.SuiteRunner.run(SuiteRunner.java:276)
	at org.testng.SuiteRunnerWorker.runSuite(SuiteRunnerWorker.java:53)
	at org.testng.SuiteRunnerWorker.run(SuiteRunnerWorker.java:96)
	at org.testng.TestNG.runSuitesSequentially(TestNG.java:1212)
	at org.testng.TestNG.runSuitesLocally(TestNG.java:1134)
	at org.testng.TestNG.runSuites(TestNG.java:1063)
	at org.testng.TestNG.run(TestNG.java:1031)
	at org.testng.remote.AbstractRemoteTestNG.run(AbstractRemoteTestNG.java:115)
	at org.testng.remote.RemoteTestNG.initAndRun(RemoteTestNG.java:251)
	at org.testng.remote.RemoteTestNG.main(RemoteTestNG.java:77)
</pre></div></td>
<td>0</td>
<td>com.nitara.FarmManagement.UpdateExpenses@53dacd14</td></tr>
<tr>
<td title='com.nitara.HousingManagement.AddUserDefinedGroup.addUserDefinedGroup()'><b>addUserDefinedGroup</b><br>Test class: com.nitara.HousingManagement.AddUserDefinedGroup</td>
<td><div><pre>java.lang.NullPointerException: Cannot invoke &quot;org.apache.poi.xssf.usermodel.XSSFCell.getCellType()&quot; because the return value of &quot;org.apache.poi.xssf.usermodel.XSSFRow.getCell(int)&quot; is null
	at com.nitara.utilities.ExcelUtils.readRowField(ExcelUtils.java:319)
	at com.nitara.HousingManagement.AddUserDefinedGroup.addUserDefinedGroup(AddUserDefinedGroup.java:33)
	at java.base/java.util.ArrayList.forEach(ArrayList.java:1511)
... Removed 27 stack frames</pre></div><a href='#' onClick='toggleBox("stack-trace1775658917", this, "Click to show all stack frames", "Click to hide stack frames")'>Click to show all stack frames</a>
<div class='stack-trace' id='stack-trace1775658917'><pre>java.lang.NullPointerException: Cannot invoke &quot;org.apache.poi.xssf.usermodel.XSSFCell.getCellType()&quot; because the return value of &quot;org.apache.poi.xssf.usermodel.XSSFRow.getCell(int)&quot; is null
	at com.nitara.utilities.ExcelUtils.readRowField(ExcelUtils.java:319)
	at com.nitara.HousingManagement.AddUserDefinedGroup.addUserDefinedGroup(AddUserDefinedGroup.java:33)
	at java.base/jdk.internal.reflect.NativeMethodAccessorImpl.invoke0(Native Method)
	at java.base/jdk.internal.reflect.NativeMethodAccessorImpl.invoke(NativeMethodAccessorImpl.java:64)
	at java.base/jdk.internal.reflect.DelegatingMethodAccessorImpl.invoke(DelegatingMethodAccessorImpl.java:43)
	at java.base/java.lang.reflect.Method.invoke(Method.java:564)
	at org.testng.internal.MethodInvocationHelper.invokeMethod(MethodInvocationHelper.java:133)
	at org.testng.internal.TestInvoker.invokeMethod(TestInvoker.java:598)
	at org.testng.internal.TestInvoker.invokeTestMethod(TestInvoker.java:173)
	at org.testng.internal.MethodRunner.runInSequence(MethodRunner.java:46)
	at org.testng.internal.TestInvoker$MethodInvocationAgent.invoke(TestInvoker.java:824)
	at org.testng.internal.TestInvoker.invokeTestMethods(TestInvoker.java:146)
	at org.testng.internal.TestMethodWorker.invokeTestMethods(TestMethodWorker.java:146)
	at org.testng.internal.TestMethodWorker.run(TestMethodWorker.java:128)
	at java.base/java.util.ArrayList.forEach(ArrayList.java:1511)
	at org.testng.TestRunner.privateRun(TestRunner.java:794)
	at org.testng.TestRunner.run(TestRunner.java:596)
	at org.testng.SuiteRunner.runTest(SuiteRunner.java:377)
	at org.testng.SuiteRunner.runSequentially(SuiteRunner.java:371)
	at org.testng.SuiteRunner.privateRun(SuiteRunner.java:332)
	at org.testng.SuiteRunner.run(SuiteRunner.java:276)
	at org.testng.SuiteRunnerWorker.runSuite(SuiteRunnerWorker.java:53)
	at org.testng.SuiteRunnerWorker.run(SuiteRunnerWorker.java:96)
	at org.testng.TestNG.runSuitesSequentially(TestNG.java:1212)
	at org.testng.TestNG.runSuitesLocally(TestNG.java:1134)
	at org.testng.TestNG.runSuites(TestNG.java:1063)
	at org.testng.TestNG.run(TestNG.java:1031)
	at org.testng.remote.AbstractRemoteTestNG.run(AbstractRemoteTestNG.java:115)
	at org.testng.remote.RemoteTestNG.initAndRun(RemoteTestNG.java:251)
	at org.testng.remote.RemoteTestNG.main(RemoteTestNG.java:77)
</pre></div></td>
<td>0</td>
<td>com.nitara.HousingManagement.AddUserDefinedGroup@615091b8</td></tr>
<tr>
<td title='com.nitara.PermissionManagement.GetAllUsersAndRoles.getAllUsersAndRoles()'><b>getAllUsersAndRoles</b><br>Test class: com.nitara.PermissionManagement.GetAllUsersAndRoles</td>
<td><div><pre>java.lang.NullPointerException: Cannot invoke &quot;org.apache.poi.xssf.usermodel.XSSFCell.setCellValue(String)&quot; because the return value of &quot;org.apache.poi.xssf.usermodel.XSSFRow.getCell(int)&quot; is null
	at com.nitara.utilities.ExcelUtils.writeStringData(ExcelUtils.java:243)
	at com.nitara.PermissionManagement.GetAllUsersAndRoles.getAllUsersAndRoles(GetAllUsersAndRoles.java:67)
	at java.base/java.util.ArrayList.forEach(ArrayList.java:1511)
... Removed 27 stack frames</pre></div><a href='#' onClick='toggleBox("stack-trace1320791629", this, "Click to show all stack frames", "Click to hide stack frames")'>Click to show all stack frames</a>
<div class='stack-trace' id='stack-trace1320791629'><pre>java.lang.NullPointerException: Cannot invoke &quot;org.apache.poi.xssf.usermodel.XSSFCell.setCellValue(String)&quot; because the return value of &quot;org.apache.poi.xssf.usermodel.XSSFRow.getCell(int)&quot; is null
	at com.nitara.utilities.ExcelUtils.writeStringData(ExcelUtils.java:243)
	at com.nitara.PermissionManagement.GetAllUsersAndRoles.getAllUsersAndRoles(GetAllUsersAndRoles.java:67)
	at java.base/jdk.internal.reflect.NativeMethodAccessorImpl.invoke0(Native Method)
	at java.base/jdk.internal.reflect.NativeMethodAccessorImpl.invoke(NativeMethodAccessorImpl.java:64)
	at java.base/jdk.internal.reflect.DelegatingMethodAccessorImpl.invoke(DelegatingMethodAccessorImpl.java:43)
	at java.base/java.lang.reflect.Method.invoke(Method.java:564)
	at org.testng.internal.MethodInvocationHelper.invokeMethod(MethodInvocationHelper.java:133)
	at org.testng.internal.TestInvoker.invokeMethod(TestInvoker.java:598)
	at org.testng.internal.TestInvoker.invokeTestMethod(TestInvoker.java:173)
	at org.testng.internal.MethodRunner.runInSequence(MethodRunner.java:46)
	at org.testng.internal.TestInvoker$MethodInvocationAgent.invoke(TestInvoker.java:824)
	at org.testng.internal.TestInvoker.invokeTestMethods(TestInvoker.java:146)
	at org.testng.internal.TestMethodWorker.invokeTestMethods(TestMethodWorker.java:146)
	at org.testng.internal.TestMethodWorker.run(TestMethodWorker.java:128)
	at java.base/java.util.ArrayList.forEach(ArrayList.java:1511)
	at org.testng.TestRunner.privateRun(TestRunner.java:794)
	at org.testng.TestRunner.run(TestRunner.java:596)
	at org.testng.SuiteRunner.runTest(SuiteRunner.java:377)
	at org.testng.SuiteRunner.runSequentially(SuiteRunner.java:371)
	at org.testng.SuiteRunner.privateRun(SuiteRunner.java:332)
	at org.testng.SuiteRunner.run(SuiteRunner.java:276)
	at org.testng.SuiteRunnerWorker.runSuite(SuiteRunnerWorker.java:53)
	at org.testng.SuiteRunnerWorker.run(SuiteRunnerWorker.java:96)
	at org.testng.TestNG.runSuitesSequentially(TestNG.java:1212)
	at org.testng.TestNG.runSuitesLocally(TestNG.java:1134)
	at org.testng.TestNG.runSuites(TestNG.java:1063)
	at org.testng.TestNG.run(TestNG.java:1031)
	at org.testng.remote.AbstractRemoteTestNG.run(AbstractRemoteTestNG.java:115)
	at org.testng.remote.RemoteTestNG.initAndRun(RemoteTestNG.java:251)
	at org.testng.remote.RemoteTestNG.main(RemoteTestNG.java:77)
</pre></div></td>
<td>1</td>
<td>com.nitara.PermissionManagement.GetAllUsersAndRoles@c4ed84</td></tr>
<tr>
<td title='com.nitara.HousingManagement.DeleteGroup.deleteGroup()'><b>deleteGroup</b><br>Test class: com.nitara.HousingManagement.DeleteGroup</td>
<td><div><pre>java.lang.NullPointerException: Cannot invoke &quot;org.apache.poi.xssf.usermodel.XSSFCell.getCellType()&quot; because the return value of &quot;org.apache.poi.xssf.usermodel.XSSFRow.getCell(int)&quot; is null
	at com.nitara.utilities.ExcelUtils.readRowField(ExcelUtils.java:319)
	at com.nitara.HousingManagement.DeleteGroup.deleteGroup(DeleteGroup.java:32)
	at java.base/java.util.ArrayList.forEach(ArrayList.java:1511)
... Removed 27 stack frames</pre></div><a href='#' onClick='toggleBox("stack-trace1844617734", this, "Click to show all stack frames", "Click to hide stack frames")'>Click to show all stack frames</a>
<div class='stack-trace' id='stack-trace1844617734'><pre>java.lang.NullPointerException: Cannot invoke &quot;org.apache.poi.xssf.usermodel.XSSFCell.getCellType()&quot; because the return value of &quot;org.apache.poi.xssf.usermodel.XSSFRow.getCell(int)&quot; is null
	at com.nitara.utilities.ExcelUtils.readRowField(ExcelUtils.java:319)
	at com.nitara.HousingManagement.DeleteGroup.deleteGroup(DeleteGroup.java:32)
	at java.base/jdk.internal.reflect.NativeMethodAccessorImpl.invoke0(Native Method)
	at java.base/jdk.internal.reflect.NativeMethodAccessorImpl.invoke(NativeMethodAccessorImpl.java:64)
	at java.base/jdk.internal.reflect.DelegatingMethodAccessorImpl.invoke(DelegatingMethodAccessorImpl.java:43)
	at java.base/java.lang.reflect.Method.invoke(Method.java:564)
	at org.testng.internal.MethodInvocationHelper.invokeMethod(MethodInvocationHelper.java:133)
	at org.testng.internal.TestInvoker.invokeMethod(TestInvoker.java:598)
	at org.testng.internal.TestInvoker.invokeTestMethod(TestInvoker.java:173)
	at org.testng.internal.MethodRunner.runInSequence(MethodRunner.java:46)
	at org.testng.internal.TestInvoker$MethodInvocationAgent.invoke(TestInvoker.java:824)
	at org.testng.internal.TestInvoker.invokeTestMethods(TestInvoker.java:146)
	at org.testng.internal.TestMethodWorker.invokeTestMethods(TestMethodWorker.java:146)
	at org.testng.internal.TestMethodWorker.run(TestMethodWorker.java:128)
	at java.base/java.util.ArrayList.forEach(ArrayList.java:1511)
	at org.testng.TestRunner.privateRun(TestRunner.java:794)
	at org.testng.TestRunner.run(TestRunner.java:596)
	at org.testng.SuiteRunner.runTest(SuiteRunner.java:377)
	at org.testng.SuiteRunner.runSequentially(SuiteRunner.java:371)
	at org.testng.SuiteRunner.privateRun(SuiteRunner.java:332)
	at org.testng.SuiteRunner.run(SuiteRunner.java:276)
	at org.testng.SuiteRunnerWorker.runSuite(SuiteRunnerWorker.java:53)
	at org.testng.SuiteRunnerWorker.run(SuiteRunnerWorker.java:96)
	at org.testng.TestNG.runSuitesSequentially(TestNG.java:1212)
	at org.testng.TestNG.runSuitesLocally(TestNG.java:1134)
	at org.testng.TestNG.runSuites(TestNG.java:1063)
	at org.testng.TestNG.run(TestNG.java:1031)
	at org.testng.remote.AbstractRemoteTestNG.run(AbstractRemoteTestNG.java:115)
	at org.testng.remote.RemoteTestNG.initAndRun(RemoteTestNG.java:251)
	at org.testng.remote.RemoteTestNG.main(RemoteTestNG.java:77)
</pre></div></td>
<td>0</td>
<td>com.nitara.HousingManagement.DeleteGroup@43b6123e</td></tr>
<tr>
<td title='com.nitara.MasterData.GetAllMasterData.getAllMasterData()'><b>getAllMasterData</b><br>Test class: com.nitara.MasterData.GetAllMasterData</td>
<td><div><pre>java.lang.IllegalArgumentException: path cannot be null
	at org.codehaus.groovy.runtime.callsite.ConstructorSite$ConstructorSiteNoUnwrap.callConstructor(ConstructorSite.java:84)
	at org.codehaus.groovy.runtime.callsite.CallSiteArray.defaultCallConstructor(CallSiteArray.java:60)
	at org.codehaus.groovy.runtime.callsite.AbstractCallSite.callConstructor(AbstractCallSite.java:235)
	at org.codehaus.groovy.runtime.callsite.AbstractCallSite.callConstructor(AbstractCallSite.java:247)
	at io.restassured.internal.assertion.AssertParameter.notNull(AssertParameter.groovy:26)
	at io.restassured.internal.assertion.AssertParameter$notNull.callStatic(Unknown Source)
	at org.codehaus.groovy.runtime.callsite.CallSiteArray.defaultCallStatic(CallSiteArray.java:56)
	at io.restassured.internal.assertion.AssertParameter$notNull.callStatic(Unknown Source)
	at io.restassured.internal.RequestSpecificationImpl.applyPathParamsAndSendRequest(RequestSpecificationImpl.groovy:1680)
	at groovy.lang.MetaMethod.doMethodInvoke(MetaMethod.java:325)
	at groovy.lang.MetaClassImpl.invokeMethod(MetaClassImpl.java:1213)
	at groovy.lang.MetaClassImpl.invokeMethod(MetaClassImpl.java:1022)
	at groovy.lang.MetaClassImpl.invokeMethod(MetaClassImpl.java:810)
	at io.restassured.internal.RequestSpecificationImpl.invokeMethod(RequestSpecificationImpl.groovy)
	at org.codehaus.groovy.runtime.callsite.PogoInterceptableSite.call(PogoInterceptableSite.java:48)
	at org.codehaus.groovy.runtime.callsite.PogoInterceptableSite.callCurrent(PogoInterceptableSite.java:58)
	at org.codehaus.groovy.runtime.callsite.AbstractCallSite.callCurrent(AbstractCallSite.java:182)
	at io.restassured.internal.RequestSpecificationImpl.applyPathParamsAndSendRequest(RequestSpecificationImpl.groovy:1738)
	at groovy.lang.MetaMethod.doMethodInvoke(MetaMethod.java:325)
	at groovy.lang.MetaClassImpl.invokeMethod(MetaClassImpl.java:1213)
	at groovy.lang.MetaClassImpl.invokeMethod(MetaClassImpl.java:1022)
	at groovy.lang.MetaClassImpl.invokeMethod(MetaClassImpl.java:810)
	at io.restassured.internal.RequestSpecificationImpl.invokeMethod(RequestSpecificationImpl.groovy)
	at org.codehaus.groovy.runtime.callsite.PogoInterceptableSite.call(PogoInterceptableSite.java:48)
	at org.codehaus.groovy.runtime.callsite.PogoInterceptableSite.callCurrent(PogoInterceptableSite.java:58)
	at org.codehaus.groovy.runtime.callsite.AbstractCallSite.callCurrent(AbstractCallSite.java:182)
	at io.restassured.internal.RequestSpecificationImpl.get(RequestSpecificationImpl.groovy:170)
	at io.restassured.internal.RequestSpecificationImpl.get(RequestSpecificationImpl.groovy)
	at com.nitara.service.NitaraService.GetAll(NitaraService.java:45)
	at com.nitara.MasterData.GetAllMasterData.getAllMasterData(GetAllMasterData.java:29)
	at java.base/java.util.ArrayList.forEach(ArrayList.java:1511)
... Removed 42 stack frames</pre></div><a href='#' onClick='toggleBox("stack-trace1806983232", this, "Click to show all stack frames", "Click to hide stack frames")'>Click to show all stack frames</a>
<div class='stack-trace' id='stack-trace1806983232'><pre>java.lang.IllegalArgumentException: path cannot be null
	at java.base/jdk.internal.reflect.NativeConstructorAccessorImpl.newInstance0(Native Method)
	at java.base/jdk.internal.reflect.NativeConstructorAccessorImpl.newInstance(NativeConstructorAccessorImpl.java:64)
	at java.base/jdk.internal.reflect.DelegatingConstructorAccessorImpl.newInstance(DelegatingConstructorAccessorImpl.java:45)
	at java.base/java.lang.reflect.Constructor.newInstanceWithCaller(Constructor.java:500)
	at java.base/java.lang.reflect.Constructor.newInstance(Constructor.java:481)
	at org.codehaus.groovy.reflection.CachedConstructor.invoke(CachedConstructor.java:83)
	at org.codehaus.groovy.reflection.CachedConstructor.doConstructorInvoke(CachedConstructor.java:77)
	at org.codehaus.groovy.runtime.callsite.ConstructorSite$ConstructorSiteNoUnwrap.callConstructor(ConstructorSite.java:84)
	at org.codehaus.groovy.runtime.callsite.CallSiteArray.defaultCallConstructor(CallSiteArray.java:60)
	at org.codehaus.groovy.runtime.callsite.AbstractCallSite.callConstructor(AbstractCallSite.java:235)
	at org.codehaus.groovy.runtime.callsite.AbstractCallSite.callConstructor(AbstractCallSite.java:247)
	at io.restassured.internal.assertion.AssertParameter.notNull(AssertParameter.groovy:26)
	at io.restassured.internal.assertion.AssertParameter$notNull.callStatic(Unknown Source)
	at org.codehaus.groovy.runtime.callsite.CallSiteArray.defaultCallStatic(CallSiteArray.java:56)
	at io.restassured.internal.assertion.AssertParameter$notNull.callStatic(Unknown Source)
	at io.restassured.internal.RequestSpecificationImpl.applyPathParamsAndSendRequest(RequestSpecificationImpl.groovy:1680)
	at jdk.internal.reflect.GeneratedMethodAccessor75.invoke(Unknown Source)
	at java.base/jdk.internal.reflect.DelegatingMethodAccessorImpl.invoke(DelegatingMethodAccessorImpl.java:43)
	at java.base/java.lang.reflect.Method.invoke(Method.java:564)
	at org.codehaus.groovy.reflection.CachedMethod.invoke(CachedMethod.java:93)
	at groovy.lang.MetaMethod.doMethodInvoke(MetaMethod.java:325)
	at groovy.lang.MetaClassImpl.invokeMethod(MetaClassImpl.java:1213)
	at groovy.lang.MetaClassImpl.invokeMethod(MetaClassImpl.java:1022)
	at groovy.lang.MetaClassImpl.invokeMethod(MetaClassImpl.java:810)
	at io.restassured.internal.RequestSpecificationImpl.invokeMethod(RequestSpecificationImpl.groovy)
	at org.codehaus.groovy.runtime.callsite.PogoInterceptableSite.call(PogoInterceptableSite.java:48)
	at org.codehaus.groovy.runtime.callsite.PogoInterceptableSite.callCurrent(PogoInterceptableSite.java:58)
	at org.codehaus.groovy.runtime.callsite.AbstractCallSite.callCurrent(AbstractCallSite.java:182)
	at io.restassured.internal.RequestSpecificationImpl.applyPathParamsAndSendRequest(RequestSpecificationImpl.groovy:1738)
	at jdk.internal.reflect.GeneratedMethodAccessor74.invoke(Unknown Source)
	at java.base/jdk.internal.reflect.DelegatingMethodAccessorImpl.invoke(DelegatingMethodAccessorImpl.java:43)
	at java.base/java.lang.reflect.Method.invoke(Method.java:564)
	at org.codehaus.groovy.reflection.CachedMethod.invoke(CachedMethod.java:93)
	at groovy.lang.MetaMethod.doMethodInvoke(MetaMethod.java:325)
	at groovy.lang.MetaClassImpl.invokeMethod(MetaClassImpl.java:1213)
	at groovy.lang.MetaClassImpl.invokeMethod(MetaClassImpl.java:1022)
	at groovy.lang.MetaClassImpl.invokeMethod(MetaClassImpl.java:810)
	at io.restassured.internal.RequestSpecificationImpl.invokeMethod(RequestSpecificationImpl.groovy)
	at org.codehaus.groovy.runtime.callsite.PogoInterceptableSite.call(PogoInterceptableSite.java:48)
	at org.codehaus.groovy.runtime.callsite.PogoInterceptableSite.callCurrent(PogoInterceptableSite.java:58)
	at org.codehaus.groovy.runtime.callsite.AbstractCallSite.callCurrent(AbstractCallSite.java:182)
	at io.restassured.internal.RequestSpecificationImpl.get(RequestSpecificationImpl.groovy:170)
	at io.restassured.internal.RequestSpecificationImpl.get(RequestSpecificationImpl.groovy)
	at com.nitara.service.NitaraService.GetAll(NitaraService.java:45)
	at com.nitara.MasterData.GetAllMasterData.getAllMasterData(GetAllMasterData.java:29)
	at java.base/jdk.internal.reflect.NativeMethodAccessorImpl.invoke0(Native Method)
	at java.base/jdk.internal.reflect.NativeMethodAccessorImpl.invoke(NativeMethodAccessorImpl.java:64)
	at java.base/jdk.internal.reflect.DelegatingMethodAccessorImpl.invoke(DelegatingMethodAccessorImpl.java:43)
	at java.base/java.lang.reflect.Method.invoke(Method.java:564)
	at org.testng.internal.MethodInvocationHelper.invokeMethod(MethodInvocationHelper.java:133)
	at org.testng.internal.TestInvoker.invokeMethod(TestInvoker.java:598)
	at org.testng.internal.TestInvoker.invokeTestMethod(TestInvoker.java:173)
	at org.testng.internal.MethodRunner.runInSequence(MethodRunner.java:46)
	at org.testng.internal.TestInvoker$MethodInvocationAgent.invoke(TestInvoker.java:824)
	at org.testng.internal.TestInvoker.invokeTestMethods(TestInvoker.java:146)
	at org.testng.internal.TestMethodWorker.invokeTestMethods(TestMethodWorker.java:146)
	at org.testng.internal.TestMethodWorker.run(TestMethodWorker.java:128)
	at java.base/java.util.ArrayList.forEach(ArrayList.java:1511)
	at org.testng.TestRunner.privateRun(TestRunner.java:794)
	at org.testng.TestRunner.run(TestRunner.java:596)
	at org.testng.SuiteRunner.runTest(SuiteRunner.java:377)
	at org.testng.SuiteRunner.runSequentially(SuiteRunner.java:371)
	at org.testng.SuiteRunner.privateRun(SuiteRunner.java:332)
	at org.testng.SuiteRunner.run(SuiteRunner.java:276)
	at org.testng.SuiteRunnerWorker.runSuite(SuiteRunnerWorker.java:53)
	at org.testng.SuiteRunnerWorker.run(SuiteRunnerWorker.java:96)
	at org.testng.TestNG.runSuitesSequentially(TestNG.java:1212)
	at org.testng.TestNG.runSuitesLocally(TestNG.java:1134)
	at org.testng.TestNG.runSuites(TestNG.java:1063)
	at org.testng.TestNG.run(TestNG.java:1031)
	at org.testng.remote.AbstractRemoteTestNG.run(AbstractRemoteTestNG.java:115)
	at org.testng.remote.RemoteTestNG.initAndRun(RemoteTestNG.java:251)
	at org.testng.remote.RemoteTestNG.main(RemoteTestNG.java:77)
</pre></div></td>
<td>0</td>
<td>com.nitara.MasterData.GetAllMasterData@60641ec8</td></tr>
<tr>
<td title='com.nitara.CattleManagement.UpdateTreatment.updateTreatment()'><b>updateTreatment</b><br>Test class: com.nitara.CattleManagement.UpdateTreatment</td>
<td><div><pre>java.lang.AssertionError: expected [true] but found [false]
	at com.nitara.CattleManagement.UpdateTreatment.updateTreatment(UpdateTreatment.java:75)
	at java.base/java.util.ArrayList.forEach(ArrayList.java:1511)
... Removed 33 stack frames</pre></div><a href='#' onClick='toggleBox("stack-trace316436523", this, "Click to show all stack frames", "Click to hide stack frames")'>Click to show all stack frames</a>
<div class='stack-trace' id='stack-trace316436523'><pre>java.lang.AssertionError: expected [true] but found [false]
	at org.testng.Assert.fail(Assert.java:99)
	at org.testng.Assert.failNotEquals(Assert.java:1037)
	at org.testng.Assert.assertEqualsImpl(Assert.java:140)
	at org.testng.Assert.assertEquals(Assert.java:122)
	at org.testng.Assert.assertEquals(Assert.java:819)
	at org.testng.Assert.assertEquals(Assert.java:829)
	at com.nitara.CattleManagement.UpdateTreatment.updateTreatment(UpdateTreatment.java:75)
	at java.base/jdk.internal.reflect.NativeMethodAccessorImpl.invoke0(Native Method)
	at java.base/jdk.internal.reflect.NativeMethodAccessorImpl.invoke(NativeMethodAccessorImpl.java:64)
	at java.base/jdk.internal.reflect.DelegatingMethodAccessorImpl.invoke(DelegatingMethodAccessorImpl.java:43)
	at java.base/java.lang.reflect.Method.invoke(Method.java:564)
	at org.testng.internal.MethodInvocationHelper.invokeMethod(MethodInvocationHelper.java:133)
	at org.testng.internal.TestInvoker.invokeMethod(TestInvoker.java:598)
	at org.testng.internal.TestInvoker.invokeTestMethod(TestInvoker.java:173)
	at org.testng.internal.MethodRunner.runInSequence(MethodRunner.java:46)
	at org.testng.internal.TestInvoker$MethodInvocationAgent.invoke(TestInvoker.java:824)
	at org.testng.internal.TestInvoker.invokeTestMethods(TestInvoker.java:146)
	at org.testng.internal.TestMethodWorker.invokeTestMethods(TestMethodWorker.java:146)
	at org.testng.internal.TestMethodWorker.run(TestMethodWorker.java:128)
	at java.base/java.util.ArrayList.forEach(ArrayList.java:1511)
	at org.testng.TestRunner.privateRun(TestRunner.java:794)
	at org.testng.TestRunner.run(TestRunner.java:596)
	at org.testng.SuiteRunner.runTest(SuiteRunner.java:377)
	at org.testng.SuiteRunner.runSequentially(SuiteRunner.java:371)
	at org.testng.SuiteRunner.privateRun(SuiteRunner.java:332)
	at org.testng.SuiteRunner.run(SuiteRunner.java:276)
	at org.testng.SuiteRunnerWorker.runSuite(SuiteRunnerWorker.java:53)
	at org.testng.SuiteRunnerWorker.run(SuiteRunnerWorker.java:96)
	at org.testng.TestNG.runSuitesSequentially(TestNG.java:1212)
	at org.testng.TestNG.runSuitesLocally(TestNG.java:1134)
	at org.testng.TestNG.runSuites(TestNG.java:1063)
	at org.testng.TestNG.run(TestNG.java:1031)
	at org.testng.remote.AbstractRemoteTestNG.run(AbstractRemoteTestNG.java:115)
	at org.testng.remote.RemoteTestNG.initAndRun(RemoteTestNG.java:251)
	at org.testng.remote.RemoteTestNG.main(RemoteTestNG.java:77)
</pre></div></td>
<td>1</td>
<td>com.nitara.CattleManagement.UpdateTreatment@54e22bdd</td></tr>
<tr>
<td title='com.nitara.FarmManagement.UpdateRevenue.updateRevenue()'><b>updateRevenue</b><br>Test class: com.nitara.FarmManagement.UpdateRevenue</td>
<td><div><pre>java.lang.NullPointerException: Cannot invoke &quot;org.apache.poi.xssf.usermodel.XSSFCell.getCellType()&quot; because the return value of &quot;org.apache.poi.xssf.usermodel.XSSFRow.getCell(int)&quot; is null
	at com.nitara.utilities.ExcelUtils.readRowField(ExcelUtils.java:319)
	at com.nitara.FarmManagement.UpdateRevenue.updateRevenue(UpdateRevenue.java:27)
	at java.base/java.util.ArrayList.forEach(ArrayList.java:1511)
... Removed 27 stack frames</pre></div><a href='#' onClick='toggleBox("stack-trace386480126", this, "Click to show all stack frames", "Click to hide stack frames")'>Click to show all stack frames</a>
<div class='stack-trace' id='stack-trace386480126'><pre>java.lang.NullPointerException: Cannot invoke &quot;org.apache.poi.xssf.usermodel.XSSFCell.getCellType()&quot; because the return value of &quot;org.apache.poi.xssf.usermodel.XSSFRow.getCell(int)&quot; is null
	at com.nitara.utilities.ExcelUtils.readRowField(ExcelUtils.java:319)
	at com.nitara.FarmManagement.UpdateRevenue.updateRevenue(UpdateRevenue.java:27)
	at java.base/jdk.internal.reflect.NativeMethodAccessorImpl.invoke0(Native Method)
	at java.base/jdk.internal.reflect.NativeMethodAccessorImpl.invoke(NativeMethodAccessorImpl.java:64)
	at java.base/jdk.internal.reflect.DelegatingMethodAccessorImpl.invoke(DelegatingMethodAccessorImpl.java:43)
	at java.base/java.lang.reflect.Method.invoke(Method.java:564)
	at org.testng.internal.MethodInvocationHelper.invokeMethod(MethodInvocationHelper.java:133)
	at org.testng.internal.TestInvoker.invokeMethod(TestInvoker.java:598)
	at org.testng.internal.TestInvoker.invokeTestMethod(TestInvoker.java:173)
	at org.testng.internal.MethodRunner.runInSequence(MethodRunner.java:46)
	at org.testng.internal.TestInvoker$MethodInvocationAgent.invoke(TestInvoker.java:824)
	at org.testng.internal.TestInvoker.invokeTestMethods(TestInvoker.java:146)
	at org.testng.internal.TestMethodWorker.invokeTestMethods(TestMethodWorker.java:146)
	at org.testng.internal.TestMethodWorker.run(TestMethodWorker.java:128)
	at java.base/java.util.ArrayList.forEach(ArrayList.java:1511)
	at org.testng.TestRunner.privateRun(TestRunner.java:794)
	at org.testng.TestRunner.run(TestRunner.java:596)
	at org.testng.SuiteRunner.runTest(SuiteRunner.java:377)
	at org.testng.SuiteRunner.runSequentially(SuiteRunner.java:371)
	at org.testng.SuiteRunner.privateRun(SuiteRunner.java:332)
	at org.testng.SuiteRunner.run(SuiteRunner.java:276)
	at org.testng.SuiteRunnerWorker.runSuite(SuiteRunnerWorker.java:53)
	at org.testng.SuiteRunnerWorker.run(SuiteRunnerWorker.java:96)
	at org.testng.TestNG.runSuitesSequentially(TestNG.java:1212)
	at org.testng.TestNG.runSuitesLocally(TestNG.java:1134)
	at org.testng.TestNG.runSuites(TestNG.java:1063)
	at org.testng.TestNG.run(TestNG.java:1031)
	at org.testng.remote.AbstractRemoteTestNG.run(AbstractRemoteTestNG.java:115)
	at org.testng.remote.RemoteTestNG.initAndRun(RemoteTestNG.java:251)
	at org.testng.remote.RemoteTestNG.main(RemoteTestNG.java:77)
</pre></div></td>
<td>0</td>
<td>com.nitara.FarmManagement.UpdateRevenue@47c4ecdc</td></tr>
<tr>
<td title='com.nitara.HousingManagement.AddSmartShed.addSmartShed()'><b>addSmartShed</b><br>Test class: com.nitara.HousingManagement.AddSmartShed</td>
<td><div><pre>java.lang.NullPointerException: Cannot invoke &quot;org.apache.poi.xssf.usermodel.XSSFCell.getCellType()&quot; because the return value of &quot;org.apache.poi.xssf.usermodel.XSSFRow.getCell(int)&quot; is null
	at com.nitara.utilities.ExcelUtils.readRowField(ExcelUtils.java:319)
	at com.nitara.HousingManagement.AddSmartShed.addSmartShed(AddSmartShed.java:33)
	at java.base/java.util.ArrayList.forEach(ArrayList.java:1511)
... Removed 27 stack frames</pre></div><a href='#' onClick='toggleBox("stack-trace1780290663", this, "Click to show all stack frames", "Click to hide stack frames")'>Click to show all stack frames</a>
<div class='stack-trace' id='stack-trace1780290663'><pre>java.lang.NullPointerException: Cannot invoke &quot;org.apache.poi.xssf.usermodel.XSSFCell.getCellType()&quot; because the return value of &quot;org.apache.poi.xssf.usermodel.XSSFRow.getCell(int)&quot; is null
	at com.nitara.utilities.ExcelUtils.readRowField(ExcelUtils.java:319)
	at com.nitara.HousingManagement.AddSmartShed.addSmartShed(AddSmartShed.java:33)
	at java.base/jdk.internal.reflect.NativeMethodAccessorImpl.invoke0(Native Method)
	at java.base/jdk.internal.reflect.NativeMethodAccessorImpl.invoke(NativeMethodAccessorImpl.java:64)
	at java.base/jdk.internal.reflect.DelegatingMethodAccessorImpl.invoke(DelegatingMethodAccessorImpl.java:43)
	at java.base/java.lang.reflect.Method.invoke(Method.java:564)
	at org.testng.internal.MethodInvocationHelper.invokeMethod(MethodInvocationHelper.java:133)
	at org.testng.internal.TestInvoker.invokeMethod(TestInvoker.java:598)
	at org.testng.internal.TestInvoker.invokeTestMethod(TestInvoker.java:173)
	at org.testng.internal.MethodRunner.runInSequence(MethodRunner.java:46)
	at org.testng.internal.TestInvoker$MethodInvocationAgent.invoke(TestInvoker.java:824)
	at org.testng.internal.TestInvoker.invokeTestMethods(TestInvoker.java:146)
	at org.testng.internal.TestMethodWorker.invokeTestMethods(TestMethodWorker.java:146)
	at org.testng.internal.TestMethodWorker.run(TestMethodWorker.java:128)
	at java.base/java.util.ArrayList.forEach(ArrayList.java:1511)
	at org.testng.TestRunner.privateRun(TestRunner.java:794)
	at org.testng.TestRunner.run(TestRunner.java:596)
	at org.testng.SuiteRunner.runTest(SuiteRunner.java:377)
	at org.testng.SuiteRunner.runSequentially(SuiteRunner.java:371)
	at org.testng.SuiteRunner.privateRun(SuiteRunner.java:332)
	at org.testng.SuiteRunner.run(SuiteRunner.java:276)
	at org.testng.SuiteRunnerWorker.runSuite(SuiteRunnerWorker.java:53)
	at org.testng.SuiteRunnerWorker.run(SuiteRunnerWorker.java:96)
	at org.testng.TestNG.runSuitesSequentially(TestNG.java:1212)
	at org.testng.TestNG.runSuitesLocally(TestNG.java:1134)
	at org.testng.TestNG.runSuites(TestNG.java:1063)
	at org.testng.TestNG.run(TestNG.java:1031)
	at org.testng.remote.AbstractRemoteTestNG.run(AbstractRemoteTestNG.java:115)
	at org.testng.remote.RemoteTestNG.initAndRun(RemoteTestNG.java:251)
	at org.testng.remote.RemoteTestNG.main(RemoteTestNG.java:77)
</pre></div></td>
<td>0</td>
<td>com.nitara.HousingManagement.AddSmartShed@64ba3208</td></tr>
<tr>
<td title='com.nitara.VaccinationManagement.ViewVaccinationData.viewVaccinationData()'><b>viewVaccinationData</b><br>Test class: com.nitara.VaccinationManagement.ViewVaccinationData</td>
<td><div><pre>java.lang.AssertionError: expected [400] but found [200]
	at com.nitara.VaccinationManagement.ViewVaccinationData.viewVaccinationData(ViewVaccinationData.java:42)
	at java.base/java.util.ArrayList.forEach(ArrayList.java:1511)
... Removed 33 stack frames</pre></div><a href='#' onClick='toggleBox("stack-trace1715343684", this, "Click to show all stack frames", "Click to hide stack frames")'>Click to show all stack frames</a>
<div class='stack-trace' id='stack-trace1715343684'><pre>java.lang.AssertionError: expected [400] but found [200]
	at org.testng.Assert.fail(Assert.java:99)
	at org.testng.Assert.failNotEquals(Assert.java:1037)
	at org.testng.Assert.assertEqualsImpl(Assert.java:140)
	at org.testng.Assert.assertEquals(Assert.java:122)
	at org.testng.Assert.assertEquals(Assert.java:907)
	at org.testng.Assert.assertEquals(Assert.java:917)
	at com.nitara.VaccinationManagement.ViewVaccinationData.viewVaccinationData(ViewVaccinationData.java:42)
	at java.base/jdk.internal.reflect.NativeMethodAccessorImpl.invoke0(Native Method)
	at java.base/jdk.internal.reflect.NativeMethodAccessorImpl.invoke(NativeMethodAccessorImpl.java:64)
	at java.base/jdk.internal.reflect.DelegatingMethodAccessorImpl.invoke(DelegatingMethodAccessorImpl.java:43)
	at java.base/java.lang.reflect.Method.invoke(Method.java:564)
	at org.testng.internal.MethodInvocationHelper.invokeMethod(MethodInvocationHelper.java:133)
	at org.testng.internal.TestInvoker.invokeMethod(TestInvoker.java:598)
	at org.testng.internal.TestInvoker.invokeTestMethod(TestInvoker.java:173)
	at org.testng.internal.MethodRunner.runInSequence(MethodRunner.java:46)
	at org.testng.internal.TestInvoker$MethodInvocationAgent.invoke(TestInvoker.java:824)
	at org.testng.internal.TestInvoker.invokeTestMethods(TestInvoker.java:146)
	at org.testng.internal.TestMethodWorker.invokeTestMethods(TestMethodWorker.java:146)
	at org.testng.internal.TestMethodWorker.run(TestMethodWorker.java:128)
	at java.base/java.util.ArrayList.forEach(ArrayList.java:1511)
	at org.testng.TestRunner.privateRun(TestRunner.java:794)
	at org.testng.TestRunner.run(TestRunner.java:596)
	at org.testng.SuiteRunner.runTest(SuiteRunner.java:377)
	at org.testng.SuiteRunner.runSequentially(SuiteRunner.java:371)
	at org.testng.SuiteRunner.privateRun(SuiteRunner.java:332)
	at org.testng.SuiteRunner.run(SuiteRunner.java:276)
	at org.testng.SuiteRunnerWorker.runSuite(SuiteRunnerWorker.java:53)
	at org.testng.SuiteRunnerWorker.run(SuiteRunnerWorker.java:96)
	at org.testng.TestNG.runSuitesSequentially(TestNG.java:1212)
	at org.testng.TestNG.runSuitesLocally(TestNG.java:1134)
	at org.testng.TestNG.runSuites(TestNG.java:1063)
	at org.testng.TestNG.run(TestNG.java:1031)
	at org.testng.remote.AbstractRemoteTestNG.run(AbstractRemoteTestNG.java:115)
	at org.testng.remote.RemoteTestNG.initAndRun(RemoteTestNG.java:251)
	at org.testng.remote.RemoteTestNG.main(RemoteTestNG.java:77)
</pre></div></td>
<td>0</td>
<td>com.nitara.VaccinationManagement.ViewVaccinationData@2b5f4d54</td></tr>
<tr>
<td title='com.nitara.FarmManagement.SearchFarm.searchFarm()'><b>searchFarm</b><br>Test class: com.nitara.FarmManagement.SearchFarm</td>
<td><div><pre>java.lang.NullPointerException: Cannot invoke &quot;org.apache.poi.xssf.usermodel.XSSFRow.getCell(int)&quot; because the return value of &quot;org.apache.poi.xssf.usermodel.XSSFSheet.getRow(int)&quot; is null
	at com.nitara.utilities.ExcelUtils.readRowField(ExcelUtils.java:318)
	at com.nitara.FarmManagement.SearchFarm.searchFarm(SearchFarm.java:37)
	at java.base/java.util.ArrayList.forEach(ArrayList.java:1511)
... Removed 27 stack frames</pre></div><a href='#' onClick='toggleBox("stack-trace597118124", this, "Click to show all stack frames", "Click to hide stack frames")'>Click to show all stack frames</a>
<div class='stack-trace' id='stack-trace597118124'><pre>java.lang.NullPointerException: Cannot invoke &quot;org.apache.poi.xssf.usermodel.XSSFRow.getCell(int)&quot; because the return value of &quot;org.apache.poi.xssf.usermodel.XSSFSheet.getRow(int)&quot; is null
	at com.nitara.utilities.ExcelUtils.readRowField(ExcelUtils.java:318)
	at com.nitara.FarmManagement.SearchFarm.searchFarm(SearchFarm.java:37)
	at java.base/jdk.internal.reflect.NativeMethodAccessorImpl.invoke0(Native Method)
	at java.base/jdk.internal.reflect.NativeMethodAccessorImpl.invoke(NativeMethodAccessorImpl.java:64)
	at java.base/jdk.internal.reflect.DelegatingMethodAccessorImpl.invoke(DelegatingMethodAccessorImpl.java:43)
	at java.base/java.lang.reflect.Method.invoke(Method.java:564)
	at org.testng.internal.MethodInvocationHelper.invokeMethod(MethodInvocationHelper.java:133)
	at org.testng.internal.TestInvoker.invokeMethod(TestInvoker.java:598)
	at org.testng.internal.TestInvoker.invokeTestMethod(TestInvoker.java:173)
	at org.testng.internal.MethodRunner.runInSequence(MethodRunner.java:46)
	at org.testng.internal.TestInvoker$MethodInvocationAgent.invoke(TestInvoker.java:824)
	at org.testng.internal.TestInvoker.invokeTestMethods(TestInvoker.java:146)
	at org.testng.internal.TestMethodWorker.invokeTestMethods(TestMethodWorker.java:146)
	at org.testng.internal.TestMethodWorker.run(TestMethodWorker.java:128)
	at java.base/java.util.ArrayList.forEach(ArrayList.java:1511)
	at org.testng.TestRunner.privateRun(TestRunner.java:794)
	at org.testng.TestRunner.run(TestRunner.java:596)
	at org.testng.SuiteRunner.runTest(SuiteRunner.java:377)
	at org.testng.SuiteRunner.runSequentially(SuiteRunner.java:371)
	at org.testng.SuiteRunner.privateRun(SuiteRunner.java:332)
	at org.testng.SuiteRunner.run(SuiteRunner.java:276)
	at org.testng.SuiteRunnerWorker.runSuite(SuiteRunnerWorker.java:53)
	at org.testng.SuiteRunnerWorker.run(SuiteRunnerWorker.java:96)
	at org.testng.TestNG.runSuitesSequentially(TestNG.java:1212)
	at org.testng.TestNG.runSuitesLocally(TestNG.java:1134)
	at org.testng.TestNG.runSuites(TestNG.java:1063)
	at org.testng.TestNG.run(TestNG.java:1031)
	at org.testng.remote.AbstractRemoteTestNG.run(AbstractRemoteTestNG.java:115)
	at org.testng.remote.RemoteTestNG.initAndRun(RemoteTestNG.java:251)
	at org.testng.remote.RemoteTestNG.main(RemoteTestNG.java:77)
</pre></div></td>
<td>0</td>
<td>com.nitara.FarmManagement.SearchFarm@25bc0606</td></tr>
<tr>
<td title='com.nitara.VaccinationManagement.UpdateVaccination.updateVaccination()'><b>updateVaccination</b><br>Test class: com.nitara.VaccinationManagement.UpdateVaccination</td>
<td><div><pre>java.lang.AssertionError: expected [Bruvax Delta] but found [Bruvax Plus]
	at com.nitara.VaccinationManagement.UpdateVaccination.updateVaccination(UpdateVaccination.java:72)
	at java.base/java.util.ArrayList.forEach(ArrayList.java:1511)
... Removed 33 stack frames</pre></div><a href='#' onClick='toggleBox("stack-trace105859507", this, "Click to show all stack frames", "Click to hide stack frames")'>Click to show all stack frames</a>
<div class='stack-trace' id='stack-trace105859507'><pre>java.lang.AssertionError: expected [Bruvax Delta] but found [Bruvax Plus]
	at org.testng.Assert.fail(Assert.java:99)
	at org.testng.Assert.failNotEquals(Assert.java:1037)
	at org.testng.Assert.assertEqualsImpl(Assert.java:140)
	at org.testng.Assert.assertEquals(Assert.java:122)
	at org.testng.Assert.assertEquals(Assert.java:629)
	at org.testng.Assert.assertEquals(Assert.java:639)
	at com.nitara.VaccinationManagement.UpdateVaccination.updateVaccination(UpdateVaccination.java:72)
	at java.base/jdk.internal.reflect.NativeMethodAccessorImpl.invoke0(Native Method)
	at java.base/jdk.internal.reflect.NativeMethodAccessorImpl.invoke(NativeMethodAccessorImpl.java:64)
	at java.base/jdk.internal.reflect.DelegatingMethodAccessorImpl.invoke(DelegatingMethodAccessorImpl.java:43)
	at java.base/java.lang.reflect.Method.invoke(Method.java:564)
	at org.testng.internal.MethodInvocationHelper.invokeMethod(MethodInvocationHelper.java:133)
	at org.testng.internal.TestInvoker.invokeMethod(TestInvoker.java:598)
	at org.testng.internal.TestInvoker.invokeTestMethod(TestInvoker.java:173)
	at org.testng.internal.MethodRunner.runInSequence(MethodRunner.java:46)
	at org.testng.internal.TestInvoker$MethodInvocationAgent.invoke(TestInvoker.java:824)
	at org.testng.internal.TestInvoker.invokeTestMethods(TestInvoker.java:146)
	at org.testng.internal.TestMethodWorker.invokeTestMethods(TestMethodWorker.java:146)
	at org.testng.internal.TestMethodWorker.run(TestMethodWorker.java:128)
	at java.base/java.util.ArrayList.forEach(ArrayList.java:1511)
	at org.testng.TestRunner.privateRun(TestRunner.java:794)
	at org.testng.TestRunner.run(TestRunner.java:596)
	at org.testng.SuiteRunner.runTest(SuiteRunner.java:377)
	at org.testng.SuiteRunner.runSequentially(SuiteRunner.java:371)
	at org.testng.SuiteRunner.privateRun(SuiteRunner.java:332)
	at org.testng.SuiteRunner.run(SuiteRunner.java:276)
	at org.testng.SuiteRunnerWorker.runSuite(SuiteRunnerWorker.java:53)
	at org.testng.SuiteRunnerWorker.run(SuiteRunnerWorker.java:96)
	at org.testng.TestNG.runSuitesSequentially(TestNG.java:1212)
	at org.testng.TestNG.runSuitesLocally(TestNG.java:1134)
	at org.testng.TestNG.runSuites(TestNG.java:1063)
	at org.testng.TestNG.run(TestNG.java:1031)
	at org.testng.remote.AbstractRemoteTestNG.run(AbstractRemoteTestNG.java:115)
	at org.testng.remote.RemoteTestNG.initAndRun(RemoteTestNG.java:251)
	at org.testng.remote.RemoteTestNG.main(RemoteTestNG.java:77)
</pre></div></td>
<td>1</td>
<td>com.nitara.VaccinationManagement.UpdateVaccination@aafcffa</td></tr>
<tr>
<td title='com.nitara.MilkingManagement.AddCattleMilking.addCattleMilking()'><b>addCattleMilking</b><br>Test class: com.nitara.MilkingManagement.AddCattleMilking</td>
<td><div><pre>java.lang.NullPointerException: Cannot invoke &quot;org.apache.poi.xssf.usermodel.XSSFRow.getCell(int)&quot; because the return value of &quot;org.apache.poi.xssf.usermodel.XSSFSheet.getRow(int)&quot; is null
	at com.nitara.utilities.ExcelUtils.readRowField(ExcelUtils.java:318)
	at com.nitara.MilkingManagement.AddCattleMilking.addCattleMilking(AddCattleMilking.java:31)
	at java.base/java.util.ArrayList.forEach(ArrayList.java:1511)
... Removed 27 stack frames</pre></div><a href='#' onClick='toggleBox("stack-trace1959449975", this, "Click to show all stack frames", "Click to hide stack frames")'>Click to show all stack frames</a>
<div class='stack-trace' id='stack-trace1959449975'><pre>java.lang.NullPointerException: Cannot invoke &quot;org.apache.poi.xssf.usermodel.XSSFRow.getCell(int)&quot; because the return value of &quot;org.apache.poi.xssf.usermodel.XSSFSheet.getRow(int)&quot; is null
	at com.nitara.utilities.ExcelUtils.readRowField(ExcelUtils.java:318)
	at com.nitara.MilkingManagement.AddCattleMilking.addCattleMilking(AddCattleMilking.java:31)
	at java.base/jdk.internal.reflect.NativeMethodAccessorImpl.invoke0(Native Method)
	at java.base/jdk.internal.reflect.NativeMethodAccessorImpl.invoke(NativeMethodAccessorImpl.java:64)
	at java.base/jdk.internal.reflect.DelegatingMethodAccessorImpl.invoke(DelegatingMethodAccessorImpl.java:43)
	at java.base/java.lang.reflect.Method.invoke(Method.java:564)
	at org.testng.internal.MethodInvocationHelper.invokeMethod(MethodInvocationHelper.java:133)
	at org.testng.internal.TestInvoker.invokeMethod(TestInvoker.java:598)
	at org.testng.internal.TestInvoker.invokeTestMethod(TestInvoker.java:173)
	at org.testng.internal.MethodRunner.runInSequence(MethodRunner.java:46)
	at org.testng.internal.TestInvoker$MethodInvocationAgent.invoke(TestInvoker.java:824)
	at org.testng.internal.TestInvoker.invokeTestMethods(TestInvoker.java:146)
	at org.testng.internal.TestMethodWorker.invokeTestMethods(TestMethodWorker.java:146)
	at org.testng.internal.TestMethodWorker.run(TestMethodWorker.java:128)
	at java.base/java.util.ArrayList.forEach(ArrayList.java:1511)
	at org.testng.TestRunner.privateRun(TestRunner.java:794)
	at org.testng.TestRunner.run(TestRunner.java:596)
	at org.testng.SuiteRunner.runTest(SuiteRunner.java:377)
	at org.testng.SuiteRunner.runSequentially(SuiteRunner.java:371)
	at org.testng.SuiteRunner.privateRun(SuiteRunner.java:332)
	at org.testng.SuiteRunner.run(SuiteRunner.java:276)
	at org.testng.SuiteRunnerWorker.runSuite(SuiteRunnerWorker.java:53)
	at org.testng.SuiteRunnerWorker.run(SuiteRunnerWorker.java:96)
	at org.testng.TestNG.runSuitesSequentially(TestNG.java:1212)
	at org.testng.TestNG.runSuitesLocally(TestNG.java:1134)
	at org.testng.TestNG.runSuites(TestNG.java:1063)
	at org.testng.TestNG.run(TestNG.java:1031)
	at org.testng.remote.AbstractRemoteTestNG.run(AbstractRemoteTestNG.java:115)
	at org.testng.remote.RemoteTestNG.initAndRun(RemoteTestNG.java:251)
	at org.testng.remote.RemoteTestNG.main(RemoteTestNG.java:77)
</pre></div></td>
<td>0</td>
<td>com.nitara.MilkingManagement.AddCattleMilking@47a86fbb</td></tr>
</table><p>
<table width='100%' border='1' class='invocation-passed'>
<tr><td colspan='4' align='center'><b>PASSED TESTS</b></td></tr>
<tr><td><b>Test method</b></td>
<td width="30%"><b>Exception</b></td>
<td width="10%"><b>Time (seconds)</b></td>
<td><b>Instance</b></td>
</tr>
<tr>
<td title='com.nitara.MasterData.GetUserRolesMasterData.GetUserRolesMasterDataInEnglish()'><b>GetUserRolesMasterDataInEnglish</b><br>Test class: com.nitara.MasterData.GetUserRolesMasterData</td>
<td></td>
<td>0</td>
<td>com.nitara.MasterData.GetUserRolesMasterData@10ded6a9</td></tr>
<tr>
<td title='com.nitara.InseminationManagement.UpdateInsemination.updateInsemination()'><b>updateInsemination</b><br>Test class: com.nitara.InseminationManagement.UpdateInsemination</td>
<td></td>
<td>0</td>
<td>com.nitara.InseminationManagement.UpdateInsemination@5cdd09b1</td></tr>
<tr>
<td title='com.nitara.FollowUp.UpdateFollowUp.UpdateFollowUpDetails()'><b>UpdateFollowUpDetails</b><br>Test class: com.nitara.FollowUp.UpdateFollowUp</td>
<td></td>
<td>1</td>
<td>com.nitara.FollowUp.UpdateFollowUp@54a67a45</td></tr>
<tr>
<td title='com.nitara.WeightManagement.ViewWeightData.viewWeightData()'><b>viewWeightData</b><br>Test class: com.nitara.WeightManagement.ViewWeightData</td>
<td></td>
<td>0</td>
<td>com.nitara.WeightManagement.ViewWeightData@2f05be7f</td></tr>
<tr>
<td title='com.nitara.DewormingManagement.AddDeworming.addDeworming()'><b>addDeworming</b><br>Test class: com.nitara.DewormingManagement.AddDeworming</td>
<td></td>
<td>1</td>
<td>com.nitara.DewormingManagement.AddDeworming@3f6db3fb</td></tr>
<tr>
<td title='com.nitara.MasterData.GetRevenueMasterData.GetRevenueMasterDataInEnglish()'><b>GetRevenueMasterDataInEnglish</b><br>Test class: com.nitara.MasterData.GetRevenueMasterData</td>
<td></td>
<td>0</td>
<td>com.nitara.MasterData.GetRevenueMasterData@5669c5fb</td></tr>
<tr>
<td title='com.nitara.UserPreferenceManagement.SetUserHealthPreferences.SetHealthPreferences()'><b>SetHealthPreferences</b><br>Test class: com.nitara.UserPreferenceManagement.SetUserHealthPreferences</td>
<td></td>
<td>0</td>
<td>com.nitara.UserPreferenceManagement.SetUserHealthPreferences@53d102a2</td></tr>
<tr>
<td title='com.nitara.DiseasePredictor.GetAllDiseases.GetAllDiseases()'><b>GetAllDiseases</b><br>Test class: com.nitara.DiseasePredictor.GetAllDiseases</td>
<td></td>
<td>0</td>
<td>com.nitara.DiseasePredictor.GetAllDiseases@75390459</td></tr>
<tr>
<td title='com.nitara.UserPreferenceManagement.GetUserMilkingPreferences.getMilkingPreferences()'><b>getMilkingPreferences</b><br>Test class: com.nitara.UserPreferenceManagement.GetUserMilkingPreferences</td>
<td></td>
<td>3</td>
<td>com.nitara.UserPreferenceManagement.GetUserMilkingPreferences@112f364d</td></tr>
<tr>
<td title='com.nitara.HeatManagement.DeleteHeat.deleteHeat()'><b>deleteHeat</b><br>Test class: com.nitara.HeatManagement.DeleteHeat</td>
<td></td>
<td>1</td>
<td>com.nitara.HeatManagement.DeleteHeat@2d36e77e</td></tr>
<tr>
<td title='com.nitara.CattleManagement.AddInsurance.addInsurance()'><b>addInsurance</b><br>Test class: com.nitara.CattleManagement.AddInsurance</td>
<td></td>
<td>4</td>
<td>com.nitara.CattleManagement.AddInsurance@704f1591</td></tr>
<tr>
<td title='com.nitara.DiseasePredictor.GetSymptoms.GetSymptoms()'><b>GetSymptoms</b><br>Test class: com.nitara.DiseasePredictor.GetSymptoms</td>
<td></td>
<td>0</td>
<td>com.nitara.DiseasePredictor.GetSymptoms@62163b39</td></tr>
<tr>
<td title='com.nitara.MasterData.GetExpenseMasterData.GetExpenseMasterDataInEnglish()'><b>GetExpenseMasterDataInEnglish</b><br>Test class: com.nitara.MasterData.GetExpenseMasterData</td>
<td></td>
<td>0</td>
<td>com.nitara.MasterData.GetExpenseMasterData@9ef8eb7</td></tr>
<tr>
<td title='com.nitara.UserPreferenceManagement.SetUserBreedingPreferences.SetBreedingPreferences()'><b>SetBreedingPreferences</b><br>Test class: com.nitara.UserPreferenceManagement.SetUserBreedingPreferences</td>
<td></td>
<td>0</td>
<td>com.nitara.UserPreferenceManagement.SetUserBreedingPreferences@613a8ee1</td></tr>
<tr>
<td title='com.nitara.MasterData.GetA1A2TypeMasterData.GetAllA1A2TypeMasterDataInEnglish()'><b>GetAllA1A2TypeMasterDataInEnglish</b><br>Test class: com.nitara.MasterData.GetA1A2TypeMasterData</td>
<td></td>
<td>0</td>
<td>com.nitara.MasterData.GetA1A2TypeMasterData@366ac49b</td></tr>
<tr>
<td title='com.nitara.DryPeriodManagement.DeleteDryPeriod.deleteDryPeriod()'><b>deleteDryPeriod</b><br>Test class: com.nitara.DryPeriodManagement.DeleteDryPeriod</td>
<td></td>
<td>2</td>
<td>com.nitara.DryPeriodManagement.DeleteDryPeriod@2cc3ad05</td></tr>
<tr>
<td title='com.nitara.MasterData.GetGenderTypeMasterData.GetGenderTypeMasterDataInEnglish()'><b>GetGenderTypeMasterDataInEnglish</b><br>Test class: com.nitara.MasterData.GetGenderTypeMasterData</td>
<td></td>
<td>0</td>
<td>com.nitara.MasterData.GetGenderTypeMasterData@305a0c5f</td></tr>
<tr>
<td title='com.nitara.CattleManagement.DeleteBcs.deleteBcs()'><b>deleteBcs</b><br>Test class: com.nitara.CattleManagement.DeleteBcs</td>
<td></td>
<td>0</td>
<td>com.nitara.CattleManagement.DeleteBcs@6bb2d00b</td></tr>
<tr>
<td title='com.nitara.CalvingManagement.DeleteCalving.deleteCalving()'><b>deleteCalving</b><br>Test class: com.nitara.CalvingManagement.DeleteCalving</td>
<td></td>
<td>3</td>
<td>com.nitara.CalvingManagement.DeleteCalving@333dd51e</td></tr>
<tr>
<td title='com.nitara.PermissionManagement.RemoveUser.removeUser()'><b>removeUser</b><br>Test class: com.nitara.PermissionManagement.RemoveUser</td>
<td></td>
<td>0</td>
<td>com.nitara.PermissionManagement.RemoveUser@5dd91bca</td></tr>
<tr>
<td title='com.nitara.DiseasePredictor.GetTreatments.GetTreatments()'><b>GetTreatments</b><br>Test class: com.nitara.DiseasePredictor.GetTreatments</td>
<td></td>
<td>0</td>
<td>com.nitara.DiseasePredictor.GetTreatments@1698fc68</td></tr>
<tr>
<td title='com.nitara.MasterData.GetCountryCodeMasterData.GetVaccinationTypeMasterDataInEnglish()'><b>GetVaccinationTypeMasterDataInEnglish</b><br>Test class: com.nitara.MasterData.GetCountryCodeMasterData</td>
<td></td>
<td>0</td>
<td>com.nitara.MasterData.GetCountryCodeMasterData@1477089c</td></tr>
<tr>
<td title='com.nitara.CalvingManagement.AddCalving.AddCalvingData()'><b>AddCalvingData</b><br>Test class: com.nitara.CalvingManagement.AddCalving</td>
<td></td>
<td>3</td>
<td>com.nitara.CalvingManagement.AddCalving@4c2cc639</td></tr>
<tr>
<td title='com.nitara.UserRegistration.RegisterUser.registerUser()'><b>registerUser</b><br>Test class: com.nitara.UserRegistration.RegisterUser</td>
<td></td>
<td>2</td>
<td>com.nitara.UserRegistration.RegisterUser@1b765a2c</td></tr>
<tr>
<td title='com.nitara.CattleManagement.DeleteTreatment.deleteTreatment()'><b>deleteTreatment</b><br>Test class: com.nitara.CattleManagement.DeleteTreatment</td>
<td></td>
<td>0</td>
<td>com.nitara.CattleManagement.DeleteTreatment@5ddea849</td></tr>
<tr>
<td title='com.nitara.DewormingManagement.DeleteDeworming.deleteDeworming()'><b>deleteDeworming</b><br>Test class: com.nitara.DewormingManagement.DeleteDeworming</td>
<td></td>
<td>1</td>
<td>com.nitara.DewormingManagement.DeleteDeworming@17cdf2d0</td></tr>
<tr>
<td title='com.nitara.FollowUp.AddFollowUp.AddFollowUpDetails()'><b>AddFollowUpDetails</b><br>Test class: com.nitara.FollowUp.AddFollowUp</td>
<td></td>
<td>1</td>
<td>com.nitara.FollowUp.AddFollowUp@20b12f8a</td></tr>
<tr>
<td title='com.nitara.CattleManagement.DeleteCattleProfilePic.deleteCattleProfilePic()'><b>deleteCattleProfilePic</b><br>Test class: com.nitara.CattleManagement.DeleteCattleProfilePic</td>
<td></td>
<td>0</td>
<td>com.nitara.CattleManagement.DeleteCattleProfilePic@bf1ec20</td></tr>
<tr>
<td title='com.nitara.AccountManagement.ViewProfilePic.viewProfilePic()'><b>viewProfilePic</b><br>Test class: com.nitara.AccountManagement.ViewProfilePic</td>
<td></td>
<td>0</td>
<td>com.nitara.AccountManagement.ViewProfilePic@753432a2</td></tr>
<tr>
<td title='com.nitara.MasterData.GetIDProofMasterData.GetIDProofMasterDataInEnglish()'><b>GetIDProofMasterDataInEnglish</b><br>Test class: com.nitara.MasterData.GetIDProofMasterData</td>
<td></td>
<td>0</td>
<td>com.nitara.MasterData.GetIDProofMasterData@40844aab</td></tr>
<tr>
<td title='com.nitara.DiseasePredictor.GetAllSymptoms.GetAllSymptoms()'><b>GetAllSymptoms</b><br>Test class: com.nitara.DiseasePredictor.GetAllSymptoms</td>
<td></td>
<td>0</td>
<td>com.nitara.DiseasePredictor.GetAllSymptoms@2bd2b28e</td></tr>
<tr>
<td title='com.nitara.MilkingManagement.ViewCattleMilking.viewCattleMilkingDetails()'><b>viewCattleMilkingDetails</b><br>Test class: com.nitara.MilkingManagement.ViewCattleMilking</td>
<td></td>
<td>0</td>
<td>com.nitara.MilkingManagement.ViewCattleMilking@7ce97ee5</td></tr>
<tr>
<td title='com.nitara.DryPeriodManagement.UpdateDryPeriod.addDryPeriod()'><b>addDryPeriod</b><br>Test class: com.nitara.DryPeriodManagement.UpdateDryPeriod</td>
<td></td>
<td>2</td>
<td>com.nitara.DryPeriodManagement.UpdateDryPeriod@1c3b9394</td></tr>
<tr>
<td title='com.nitara.MasterData.GetMilkingSessionMasterData.GetMilkingSessionMasterDataInEnglish()'><b>GetMilkingSessionMasterDataInEnglish</b><br>Test class: com.nitara.MasterData.GetMilkingSessionMasterData</td>
<td></td>
<td>0</td>
<td>com.nitara.MasterData.GetMilkingSessionMasterData@66746f57</td></tr>
<tr>
<td title='com.nitara.MasterData.GetDewormerMasterData.GetDewormerMasterDataInEnglish()'><b>GetDewormerMasterDataInEnglish</b><br>Test class: com.nitara.MasterData.GetDewormerMasterData</td>
<td></td>
<td>0</td>
<td>com.nitara.MasterData.GetDewormerMasterData@59d2400d</td></tr>
<tr>
<td title='com.nitara.MasterData.GetGroupMasterData.GetGroupTypeMasterDataInEnglish()'><b>GetGroupTypeMasterDataInEnglish</b><br>Test class: com.nitara.MasterData.GetGroupMasterData</td>
<td></td>
<td>0</td>
<td>com.nitara.MasterData.GetGroupMasterData@4372b9b6</td></tr>
<tr>
<td title='com.nitara.MasterData.GetVaccinationTypeMasterData.GetVaccinationTypeMasterDataInEnglish()'><b>GetVaccinationTypeMasterDataInEnglish</b><br>Test class: com.nitara.MasterData.GetVaccinationTypeMasterData</td>
<td></td>
<td>0</td>
<td>com.nitara.MasterData.GetVaccinationTypeMasterData@52066604</td></tr>
<tr>
<td title='com.nitara.UserPreferenceManagement.GetUserBreedingPreferences.getUserBreedingPreferences()'><b>getUserBreedingPreferences</b><br>Test class: com.nitara.UserPreferenceManagement.GetUserBreedingPreferences</td>
<td></td>
<td>0</td>
<td>com.nitara.UserPreferenceManagement.GetUserBreedingPreferences@fade1fc</td></tr>
<tr>
<td title='com.nitara.CattleDetails.ViewCattleBreedingActivity.viewCattleBreedingActivity()'><b>viewCattleBreedingActivity</b><br>Test class: com.nitara.CattleDetails.ViewCattleBreedingActivity</td>
<td></td>
<td>0</td>
<td>com.nitara.CattleDetails.ViewCattleBreedingActivity@60957c0f</td></tr>
<tr>
<td title='com.nitara.CattleManagement.ViewInsuranceData.viewInsuranceData()'><b>viewInsuranceData</b><br>Test class: com.nitara.CattleManagement.ViewInsuranceData</td>
<td></td>
<td>0</td>
<td>com.nitara.CattleManagement.ViewInsuranceData@3fb6cf60</td></tr>
<tr>
<td title='com.nitara.UserPreferenceManagement.GetUserServicesPreferences.getUserServicesPreferences()'><b>getUserServicesPreferences</b><br>Test class: com.nitara.UserPreferenceManagement.GetUserServicesPreferences</td>
<td></td>
<td>0</td>
<td>com.nitara.UserPreferenceManagement.GetUserServicesPreferences@5aac4250</td></tr>
<tr>
<td title='com.nitara.CattleManagement.AddTreatment.addTreatment()'><b>addTreatment</b><br>Test class: com.nitara.CattleManagement.AddTreatment</td>
<td></td>
<td>1</td>
<td>com.nitara.CattleManagement.AddTreatment@319bc845</td></tr>
<tr>
<td title='com.nitara.WeightManagement.UpdateWeight.updateWeight()'><b>updateWeight</b><br>Test class: com.nitara.WeightManagement.UpdateWeight</td>
<td></td>
<td>0</td>
<td>com.nitara.WeightManagement.UpdateWeight@315f43d5</td></tr>
<tr>
<td title='com.nitara.CattleManagement.AddNewCattleProfilePics.addNewCattleProfilePics()'><b>addNewCattleProfilePics</b><br>Test class: com.nitara.CattleManagement.AddNewCattleProfilePics</td>
<td></td>
<td>1</td>
<td>com.nitara.CattleManagement.AddNewCattleProfilePics@85e6769</td></tr>
<tr>
<td title='com.nitara.MasterData.GetUnitMasterData.GetUnitMasterDataInEnglish()'><b>GetUnitMasterDataInEnglish</b><br>Test class: com.nitara.MasterData.GetUnitMasterData</td>
<td></td>
<td>0</td>
<td>com.nitara.MasterData.GetUnitMasterData@1817f1eb</td></tr>
<tr>
<td title='com.nitara.MasterData.GetGroupTypeMasterData.GetGroupTypeMasterDataInEnglish()'><b>GetGroupTypeMasterDataInEnglish</b><br>Test class: com.nitara.MasterData.GetGroupTypeMasterData</td>
<td></td>
<td>0</td>
<td>com.nitara.MasterData.GetGroupTypeMasterData@22ffa91a</td></tr>
<tr>
<td title='com.nitara.FarmManagement.AddExpenseCategories.addExpenseCategories()'><b>addExpenseCategories</b><br>Test class: com.nitara.FarmManagement.AddExpenseCategories</td>
<td></td>
<td>0</td>
<td>com.nitara.FarmManagement.AddExpenseCategories@6f152006</td></tr>
<tr>
<td title='com.nitara.WeightManagement.DeleteWeight.deleteWeight()'><b>deleteWeight</b><br>Test class: com.nitara.WeightManagement.DeleteWeight</td>
<td></td>
<td>0</td>
<td>com.nitara.WeightManagement.DeleteWeight@7ac2e39b</td></tr>
<tr>
<td title='com.nitara.UserPreferenceManagement.SetUserMilkingPreferences.setUserMilkingPreferences()'><b>setUserMilkingPreferences</b><br>Test class: com.nitara.UserPreferenceManagement.SetUserMilkingPreferences</td>
<td></td>
<td>0</td>
<td>com.nitara.UserPreferenceManagement.SetUserMilkingPreferences@59252cb6</td></tr>
<tr>
<td title='com.nitara.AccountManagement.UpdateUserProfile.updateUserProfile()'><b>updateUserProfile</b><br>Test class: com.nitara.AccountManagement.UpdateUserProfile</td>
<td></td>
<td>0</td>
<td>com.nitara.AccountManagement.UpdateUserProfile@24d09c1</td></tr>
<tr>
<td title='com.nitara.AccountManagement.ViewServiceProviderHomePage.viewServiceProviderHomePage()'><b>viewServiceProviderHomePage</b><br>Test class: com.nitara.AccountManagement.ViewServiceProviderHomePage</td>
<td></td>
<td>0</td>
<td>com.nitara.AccountManagement.ViewServiceProviderHomePage@44e3a2b2</td></tr>
<tr>
<td title='com.nitara.WeightManagement.AddWeight.AddWeightGirth()'><b>AddWeightGirth</b><br>Test class: com.nitara.WeightManagement.AddWeight</td>
<td></td>
<td>0</td>
<td>com.nitara.WeightManagement.AddWeight@256f8274</td></tr>
<tr>
<td title='com.nitara.CattleDetails.ViewCattleProfile.viewCattleProfile()'><b>viewCattleProfile</b><br>Test class: com.nitara.CattleDetails.ViewCattleProfile</td>
<td></td>
<td>0</td>
<td>com.nitara.CattleDetails.ViewCattleProfile@5a411614</td></tr>
<tr>
<td title='com.nitara.CattleManagement.SearchCattle.searchCattle()'><b>searchCattle</b><br>Test class: com.nitara.CattleManagement.SearchCattle</td>
<td></td>
<td>0</td>
<td>com.nitara.CattleManagement.SearchCattle@4e70a728</td></tr>
<tr>
<td title='com.nitara.AccountManagement.RemoveProfilePic.removeProfilePic()'><b>removeProfilePic</b><br>Test class: com.nitara.AccountManagement.RemoveProfilePic</td>
<td></td>
<td>0</td>
<td>com.nitara.AccountManagement.RemoveProfilePic@56303b57</td></tr>
<tr>
<td title='com.nitara.DiseasePredictor.GetCategories.getCategories()'><b>getCategories</b><br>Test class: com.nitara.DiseasePredictor.GetCategories</td>
<td></td>
<td>0</td>
<td>com.nitara.DiseasePredictor.GetCategories@6cfcd46d</td></tr>
<tr>
<td title='com.nitara.DryPeriodManagement.AddDryPeriod.addDryPeriod()'><b>addDryPeriod</b><br>Test class: com.nitara.DryPeriodManagement.AddDryPeriod</td>
<td></td>
<td>4</td>
<td>com.nitara.DryPeriodManagement.AddDryPeriod@4566d049</td></tr>
<tr>
<td title='com.nitara.KYCManagement.GetKycVerificationStatus.getKycVerificationStatus()'><b>getKycVerificationStatus</b><br>Test class: com.nitara.KYCManagement.GetKycVerificationStatus</td>
<td></td>
<td>0</td>
<td>com.nitara.KYCManagement.GetKycVerificationStatus@50ecde95</td></tr>
<tr>
<td title='com.nitara.CattleDetails.ViewAllCattlePhotos.viewAllCattlePhotos()'><b>viewAllCattlePhotos</b><br>Test class: com.nitara.CattleDetails.ViewAllCattlePhotos</td>
<td></td>
<td>0</td>
<td>com.nitara.CattleDetails.ViewAllCattlePhotos@6e6d5d29</td></tr>
<tr>
<td title='com.nitara.HeatManagement.UpdateHeat.updateHeat()'><b>updateHeat</b><br>Test class: com.nitara.HeatManagement.UpdateHeat</td>
<td></td>
<td>0</td>
<td>com.nitara.HeatManagement.UpdateHeat@7966baa7</td></tr>
<tr>
<td title='com.nitara.MasterData.GetCattleAgeTypeMasterData.GetCattleAgeTypeMasterDataInEnglish()'><b>GetCattleAgeTypeMasterDataInEnglish</b><br>Test class: com.nitara.MasterData.GetCattleAgeTypeMasterData</td>
<td></td>
<td>2</td>
<td>com.nitara.MasterData.GetCattleAgeTypeMasterData@4b6690c0</td></tr>
<tr>
<td title='com.nitara.MasterData.GetPdProcessMasterData.GetPdProcessMasterDataInEnglish()'><b>GetPdProcessMasterDataInEnglish</b><br>Test class: com.nitara.MasterData.GetPdProcessMasterData</td>
<td></td>
<td>0</td>
<td>com.nitara.MasterData.GetPdProcessMasterData@7b84fcf8</td></tr>
<tr>
<td title='com.nitara.DewormingManagement.UpdateDeworming.updateDeworming()'><b>updateDeworming</b><br>Test class: com.nitara.DewormingManagement.UpdateDeworming</td>
<td></td>
<td>1</td>
<td>com.nitara.DewormingManagement.UpdateDeworming@3a0d172f</td></tr>
<tr>
<td title='com.nitara.CattleManagement.UpdateBcs.updateBcs()'><b>updateBcs</b><br>Test class: com.nitara.CattleManagement.UpdateBcs</td>
<td></td>
<td>0</td>
<td>com.nitara.CattleManagement.UpdateBcs@5066d65f</td></tr>
<tr>
<td title='com.nitara.MasterData.GetSemenBrandMasterData.GetSemenBrandMasterDataInEnglish()'><b>GetSemenBrandMasterDataInEnglish</b><br>Test class: com.nitara.MasterData.GetSemenBrandMasterData</td>
<td></td>
<td>0</td>
<td>com.nitara.MasterData.GetSemenBrandMasterData@28e8dde3</td></tr>
<tr>
<td title='com.nitara.InseminationManagement.DeleteInsemination.deleteInsemination()'><b>deleteInsemination</b><br>Test class: com.nitara.InseminationManagement.DeleteInsemination</td>
<td></td>
<td>1</td>
<td>com.nitara.InseminationManagement.DeleteInsemination@681a8b4e</td></tr>
<tr>
<td title='com.nitara.DewormingManagement.ViewDewormingData.viewDewormingData()'><b>viewDewormingData</b><br>Test class: com.nitara.DewormingManagement.ViewDewormingData</td>
<td></td>
<td>0</td>
<td>com.nitara.DewormingManagement.ViewDewormingData@781f10f2</td></tr>
<tr>
<td title='com.nitara.UserPreferenceManagement.SetUserServicesPreferences.SetServicesPreferences()'><b>SetServicesPreferences</b><br>Test class: com.nitara.UserPreferenceManagement.SetUserServicesPreferences</td>
<td></td>
<td>0</td>
<td>com.nitara.UserPreferenceManagement.SetUserServicesPreferences@59f63e24</td></tr>
<tr>
<td title='com.nitara.KYCManagement.GetAllPendingKYCDetails.getAllPendingKYCDetails()'><b>getAllPendingKYCDetails</b><br>Test class: com.nitara.KYCManagement.GetAllPendingKYCDetails</td>
<td></td>
<td>0</td>
<td>com.nitara.KYCManagement.GetAllPendingKYCDetails@6622fc65</td></tr>
<tr>
<td title='com.nitara.UserLogin.ForgotPassword.forgotPassword()'><b>forgotPassword</b><br>Test class: com.nitara.UserLogin.ForgotPassword</td>
<td></td>
<td>0</td>
<td>com.nitara.UserLogin.ForgotPassword@18bc345</td></tr>
<tr>
<td title='com.nitara.CattleManagement.ViewTreatmentData.viewTreatmentData()'><b>viewTreatmentData</b><br>Test class: com.nitara.CattleManagement.ViewTreatmentData</td>
<td></td>
<td>0</td>
<td>com.nitara.CattleManagement.ViewTreatmentData@6b98a075</td></tr>
<tr>
<td title='com.nitara.FollowUp.DeleteFollowUp.deleteFollowUp()'><b>deleteFollowUp</b><br>Test class: com.nitara.FollowUp.DeleteFollowUp</td>
<td></td>
<td>0</td>
<td>com.nitara.FollowUp.DeleteFollowUp@522a32b1</td></tr>
<tr>
<td title='com.nitara.VaccinationManagement.DeleteVaccination.deleteVaccination()'><b>deleteVaccination</b><br>Test class: com.nitara.VaccinationManagement.DeleteVaccination</td>
<td></td>
<td>0</td>
<td>com.nitara.VaccinationManagement.DeleteVaccination@6b7906b3</td></tr>
<tr>
<td title='com.nitara.DiseasePredictor.GetDiseases.GetDiseases()'><b>GetDiseases</b><br>Test class: com.nitara.DiseasePredictor.GetDiseases</td>
<td></td>
<td>0</td>
<td>com.nitara.DiseasePredictor.GetDiseases@5c8eee0f</td></tr>
<tr>
<td title='com.nitara.CattleDetails.ViewCattleAnalysis.viewCattleAnalysis()'><b>viewCattleAnalysis</b><br>Test class: com.nitara.CattleDetails.ViewCattleAnalysis</td>
<td></td>
<td>0</td>
<td>com.nitara.CattleDetails.ViewCattleAnalysis@1a45193b</td></tr>
<tr>
<td title='com.nitara.DiseasePredictor.GetPreventions.GetTreatments()'><b>GetTreatments</b><br>Test class: com.nitara.DiseasePredictor.GetPreventions</td>
<td></td>
<td>0</td>
<td>com.nitara.DiseasePredictor.GetPreventions@73163d48</td></tr>
<tr>
<td title='com.nitara.MasterData.GetBreedMasterData.GetBreedMasterDataInEnglish()'><b>GetBreedMasterDataInEnglish</b><br>Test class: com.nitara.MasterData.GetBreedMasterData</td>
<td></td>
<td>0</td>
<td>com.nitara.MasterData.GetBreedMasterData@62e20a76</td></tr>
<tr>
<td title='com.nitara.PermissionManagement.GetUserDetails.getUserDetails()'><b>getUserDetails</b><br>Test class: com.nitara.PermissionManagement.GetUserDetails</td>
<td></td>
<td>0</td>
<td>com.nitara.PermissionManagement.GetUserDetails@5f6722d3</td></tr>
<tr>
<td title='com.nitara.FarmManagement.AddRevenueCatergories.addRevenueCatergories()'><b>addRevenueCatergories</b><br>Test class: com.nitara.FarmManagement.AddRevenueCatergories</td>
<td></td>
<td>0</td>
<td>com.nitara.FarmManagement.AddRevenueCatergories@7cbc3762</td></tr>
<tr>
<td title='com.nitara.UserLogin.Logout.logout()'><b>logout</b><br>Test class: com.nitara.UserLogin.Logout</td>
<td></td>
<td>0</td>
<td>com.nitara.UserLogin.Logout@424ebba3</td></tr>
<tr>
<td title='com.nitara.PDManagement.UpdatePD.updatePD()'><b>updatePD</b><br>Test class: com.nitara.PDManagement.UpdatePD</td>
<td></td>
<td>0</td>
<td>com.nitara.PDManagement.UpdatePD@c35172e</td></tr>
<tr>
<td title='com.nitara.FarmManagement.ViewFarmCattleList.viewFarmCattleList()'><b>viewFarmCattleList</b><br>Test class: com.nitara.FarmManagement.ViewFarmCattleList</td>
<td></td>
<td>1</td>
<td>com.nitara.FarmManagement.ViewFarmCattleList@7b5a12ae</td></tr>
<tr>
<td title='com.nitara.PDManagement.DeletePD.deletePD()'><b>deletePD</b><br>Test class: com.nitara.PDManagement.DeletePD</td>
<td></td>
<td>4</td>
<td>com.nitara.PDManagement.DeletePD@3d9f6567</td></tr>
<tr>
<td title='com.nitara.InseminationManagement.AddInsemination.AddInseminationData()'><b>AddInseminationData</b><br>Test class: com.nitara.InseminationManagement.AddInsemination</td>
<td></td>
<td>0</td>
<td>com.nitara.InseminationManagement.AddInsemination@366c4480</td></tr>
<tr>
<td title='com.nitara.DiseasePredictor.ReportDisease.ReportDisease()'><b>ReportDisease</b><br>Test class: com.nitara.DiseasePredictor.ReportDisease</td>
<td></td>
<td>0</td>
<td>com.nitara.DiseasePredictor.ReportDisease@65b3a85a</td></tr>
<tr>
<td title='com.nitara.CalvingManagement.UpdateCalving.updateCalving()'><b>updateCalving</b><br>Test class: com.nitara.CalvingManagement.UpdateCalving</td>
<td></td>
<td>1</td>
<td>com.nitara.CalvingManagement.UpdateCalving@ec2cc4</td></tr>
<tr>
<td title='com.nitara.HeatManagement.AddHeat.AddHeatData()'><b>AddHeatData</b><br>Test class: com.nitara.HeatManagement.AddHeat</td>
<td></td>
<td>1</td>
<td>com.nitara.HeatManagement.AddHeat@784c3487</td></tr>
<tr>
<td title='com.nitara.PDManagement.AddPD.addPD()'><b>addPD</b><br>Test class: com.nitara.PDManagement.AddPD</td>
<td></td>
<td>0</td>
<td>com.nitara.PDManagement.AddPD@4218500f</td></tr>
<tr>
<td title='com.nitara.UserPreferenceManagement.SetUserInsurancePreferences.setInsurancePreference()'><b>setInsurancePreference</b><br>Test class: com.nitara.UserPreferenceManagement.SetUserInsurancePreferences</td>
<td></td>
<td>0</td>
<td>com.nitara.UserPreferenceManagement.SetUserInsurancePreferences@4dc8caa7</td></tr>
<tr>
<td title='com.nitara.AccountManagement.UpdateProfilePic.updateProfilePic()'><b>updateProfilePic</b><br>Test class: com.nitara.AccountManagement.UpdateProfilePic</td>
<td></td>
<td>1</td>
<td>com.nitara.AccountManagement.UpdateProfilePic@78f5c518</td></tr>
<tr>
<td title='com.nitara.CattleManagement.ViewBcsData.viewBcsData()'><b>viewBcsData</b><br>Test class: com.nitara.CattleManagement.ViewBcsData</td>
<td></td>
<td>0</td>
<td>com.nitara.CattleManagement.ViewBcsData@3ecd267f</td></tr>
<tr>
<td title='com.nitara.UserLogin.ChangePassword.changePassword()'><b>changePassword</b><br>Test class: com.nitara.UserLogin.ChangePassword</td>
<td></td>
<td>0</td>
<td>com.nitara.UserLogin.ChangePassword@1d2bd371</td></tr>
<tr>
<td title='com.nitara.MasterData.GetCattleTypeMaster.GetCattleTypeMasterInEnglish()'><b>GetCattleTypeMasterInEnglish</b><br>Test class: com.nitara.MasterData.GetCattleTypeMaster</td>
<td></td>
<td>0</td>
<td>com.nitara.MasterData.GetCattleTypeMaster@1d3ac898</td></tr>
<tr>
<td title='com.nitara.UserPreferenceManagement.GetUserHealthPreferences.getUserHealthPreferences()'><b>getUserHealthPreferences</b><br>Test class: com.nitara.UserPreferenceManagement.GetUserHealthPreferences</td>
<td></td>
<td>0</td>
<td>com.nitara.UserPreferenceManagement.GetUserHealthPreferences@3b00856b</td></tr>
<tr>
<td title='com.nitara.UserPreferenceManagement.GetUserInsurancePreferences.getUserInsurancePreferences()'><b>getUserInsurancePreferences</b><br>Test class: com.nitara.UserPreferenceManagement.GetUserInsurancePreferences</td>
<td></td>
<td>0</td>
<td>com.nitara.UserPreferenceManagement.GetUserInsurancePreferences@241e8ea6</td></tr>
</table><p>
</body>
</html>